03:32:56 exp:125.36/29.42/31, hash:125.38/29.44/100.0%, now:125.38/29.44/100.0%/  0.0%/27, V:1252, P:3676+0.0%, L:0.00%/0.000, T:71.2/73.3/7.5, d:8
03:33:16 exp:125.36/29.42/31, hash:125.01/29.50/ 99.7%, now:124.66/29.58/ 99.4%/  0.0%/29, V:1252, P:3679+0.0%, L:0.00%/0.000, T:71.4/73.6/7.0, d:8
03:33:36 exp:125.36/29.42/31, hash:124.97/29.50/ 99.7%, now:124.89/29.52/ 99.6%/  0.0%/30, V:1252, P:3679+0.0%, L:0.00%/0.000, T:71.4/73.6/7.0, d:8
03:33:56 exp:125.36/29.42/31, hash:124.94/29.55/ 99.7%, now:124.85/29.53/ 99.6%/  0.0%/30, V:1254, P:3678+0.0%, L:0.00%/0.000, T:71.2/73.5/7.0, d:8
03:34:16 exp:125.36/29.42/31, hash:124.94/29.55/ 99.7%, now:124.94/29.54/ 99.7%/  0.0%/28, V:1254, P:3685+0.0%, L:0.00%/0.000, T:71.1/73.2/7.0, d:8
03:34:36 exp:125.36/29.42/31, hash:124.89/29.60/ 99.6%, now:124.63/29.64/ 99.4%/  0.0%/30, V:1254, P:3690+0.0%, L:0.00%/0.000, T:71.4/73.9/7.5, d:8
03:34:56 exp:125.36/29.42/31, hash:125.00/29.58/ 99.7%, now:125.65/29.44/100.2%/  0.0%/32, V:1254, P:3698+0.0%, L:0.00%/0.000, T:71.5/74.3/7.5, d:8
his:99.6%/29.55/1252, now:100.0%/29.55/1254, add:0.42/0.01/0.38
03:35:16 exp:125.36/29.42/31, hash:125.09/29.55/ 99.8%, now:125.70/29.46/100.3%/  0.0%/32, V:1254, P:3694+0.0%, L:0.00%/0.000, T:71.2/74.0/8.0, d:8
03:35:36 exp:125.36/29.42/31, hash:125.00/29.58/ 99.7%, now:124.34/29.79/ 99.2%/  0.0%/30, V:1256, P:3687+0.0%, L:0.00%/0.000, T:70.9/73.2/7.5, d:8
03:35:56 exp:125.36/29.42/31, hash:125.07/29.59/ 99.8%, now:125.71/29.48/100.3%/  0.0%/30, V:1256, P:3702+0.0%, L:0.00%/0.000, T:71.1/73.6/7.5, d:8
03:36:16 exp:125.36/29.42/31, hash:125.05/29.67/ 99.8%, now:124.78/29.71/ 99.5%/  0.0%/30, V:1256, P:3702+0.0%, L:0.00%/0.000, T:71.0/73.6/7.5, d:8
03:36:36 exp:125.36/29.42/31, hash:125.06/29.64/ 99.8%, now:125.21/29.64/ 99.9%/  0.0%/30, V:1256, P:3706+0.0%, L:0.00%/0.000, T:71.2/73.8/7.5, d:8
his:99.9%/29.58/1254, now:99.7%/29.70/1256, add:-0.16/0.39/-1.31
03:36:56 exp:125.36/29.42/31, hash:125.06/29.70/ 99.8%, now:125.10/29.68/ 99.8%/  0.0%/30, V:1254, P:3702+0.0%, L:0.00%/0.000, T:71.2/73.5/7.5, d:8
03:37:16 exp:125.36/29.42/31, hash:125.07/29.64/ 99.8%, now:125.14/29.64/ 99.8%/  0.0%/31, V:1254, P:3690+0.0%, L:0.00%/0.000, T:71.1/73.6/7.5, d:8
03:37:36 exp:125.36/29.42/31, hash:125.04/29.65/ 99.8%, now:124.69/29.71/ 99.5%/  0.0%/31, V:1254, P:3690+0.0%, L:0.00%/0.000, T:71.0/73.5/8.0, d:8
03:37:56 exp:125.36/29.42/31, hash:124.99/29.66/ 99.7%, now:124.52/29.72/ 99.3%/  0.0%/31, V:1254, P:3690+0.0%, L:0.00%/0.000, T:70.9/73.4/8.0, d:8
03:38:16 exp:125.36/29.42/31, hash:125.03/29.64/ 99.7%, now:125.30/29.53/100.0%/  0.0%/31, V:1254, P:3690+0.0%, L:0.00%/0.000, T:70.8/73.3/7.5, d:8
03:38:36 exp:125.36/29.42/31, hash:125.04/29.60/ 99.7%, now:125.11/29.57/ 99.8%/  0.0%/30, V:1254, P:3686+0.0%, L:0.00%/0.000, T:70.6/73.0/7.5, d:8
03:38:56 exp:125.36/29.42/31, hash:125.04/29.58/ 99.7%, now:124.79/29.64/ 99.5%/ 99.7%/30, V:1254, P:3689+0.3%, L:0.00%/0.000, T:70.6/73.2/7.5, d:0
03:39:16 exp:125.36/29.42/31, hash:125.05/29.59/ 99.7%, now:125.11/29.56/ 99.8%/ 99.7%/31, V:1254, P:3691+0.4%, L:0.00%/0.000, T:71.1/73.9/7.5, d:0
03:39:36 exp:125.36/29.42/31, hash:125.08/29.61/ 99.7%, now:125.09/29.59/ 99.8%/ 99.7%/32, V:1254, P:3692+0.4%, L:0.00%/0.000, T:70.7/73.4/7.5, d:0
03:39:56 exp:125.36/29.42/31, hash:125.07/29.56/ 99.8%, now:125.45/29.50/100.1%/ 99.8%/29, V:1253, P:3686+0.2%, L:0.00%/0.000, T:70.7/73.0/8.0, d:-1
03:40:16 exp:125.36/29.42/31, hash:124.97/29.61/ 99.7%, now:124.25/29.77/ 99.1%/ 99.8%/31, V:1253, P:3686+0.2%, L:0.00%/0.000, T:70.9/73.5/7.5, d:268435456
03:40:36 exp:125.36/29.42/31, hash:125.02/29.58/ 99.7%, now:125.11/29.54/ 99.8%/ 99.7%/32, V:1253, P:3688+0.3%, L:0.00%/0.000, T:70.8/73.7/8.0, d:0
03:40:56 exp:125.36/29.42/31, hash:125.01/29.58/ 99.7%, now:125.53/29.45/100.1%/ 99.8%/32, V:1252, P:3686+0.2%, L:0.00%/0.000, T:70.6/73.5/8.0, d:-1
03:41:16 exp:125.36/29.42/31, hash:125.05/29.49/ 99.8%, now:125.36/29.48/100.0%/ 99.8%/32, V:1252, P:3677-0.0%, L:0.00%/0.000, T:70.4/73.1/8.0, d:0
03:41:36 exp:125.36/29.42/31, hash:125.00/29.50/ 99.7%, now:124.55/29.64/ 99.4%/ 99.8%/31, V:1253, P:3672-0.2%, L:0.00%/0.000, T:70.2/72.8/8.0, d:1
03:41:56 exp:125.36/29.42/31, hash:125.00/29.51/ 99.7%, now:125.07/29.49/ 99.8%/ 99.8%/30, V:1253, P:3682+0.1%, L:0.00%/0.000, T:70.4/73.0/8.0, d:0
03:42:16 exp:125.36/29.42/31, hash:124.99/29.54/ 99.7%, now:124.98/29.52/ 99.7%/ 99.8%/30, V:1253, P:3682+0.1%, L:0.00%/0.000, T:70.5/73.2/8.0, d:0
03:42:36 exp:125.36/29.42/31, hash:124.99/29.55/ 99.7%, now:124.72/29.60/ 99.5%/ 99.8%/31, V:1253, P:3682+0.1%, L:0.00%/0.000, T:70.5/72.9/7.5, d:0
03:42:56 exp:125.36/29.42/31, hash:125.03/29.56/ 99.7%, now:125.00/29.53/ 99.7%/ 99.8%/30, V:1253, P:3681+0.1%, L:0.00%/0.000, T:70.6/73.1/7.5, d:0
03:43:16 exp:125.36/29.42/31, hash:125.01/29.55/ 99.7%, now:125.02/29.53/ 99.7%/ 99.8%/30, V:1253, P:3682+0.1%, L:0.00%/0.000, T:70.6/73.0/7.5, d:0
03:43:36 exp:125.36/29.42/31, hash:124.99/29.54/ 99.7%, now:124.87/29.56/ 99.6%/ 99.8%/30, V:1253, P:3682+0.1%, L:0.00%/0.000, T:70.6/73.1/7.0, d:0
03:43:56 exp:125.36/29.42/31, hash:124.98/29.58/ 99.7%, now:124.56/29.64/ 99.4%/ 99.8%/30, V:1254, P:3681+0.1%, L:0.00%/0.000, T:70.6/72.9/7.0, d:1
03:44:16 exp:125.36/29.42/31, hash:124.93/29.64/ 99.7%, now:124.35/29.70/ 99.2%/ 99.8%/30, V:1254, P:3686+0.2%, L:0.00%/0.000, T:70.6/73.1/7.0, d:268435456
03:44:36 exp:125.36/29.42/31, hash:124.95/29.61/ 99.7%, now:125.39/29.46/100.0%/ 99.8%/30, V:1254, P:3686+0.2%, L:0.00%/0.000, T:70.6/72.9/7.0, d:0
03:44:56 exp:125.36/29.42/31, hash:124.92/29.59/ 99.7%, now:125.08/29.56/ 99.8%/ 99.7%/34, V:1254, P:3688+0.3%, L:0.00%/0.000, T:70.6/73.5/7.5, d:0
03:45:16 exp:125.36/29.42/31, hash:124.96/29.57/ 99.7%, now:124.86/29.63/ 99.6%/ 99.7%/37, V:1254, P:3688+0.3%, L:0.00%/0.000, T:70.0/72.9/7.5, d:0
03:45:36 exp:125.36/29.42/31, hash:124.92/29.64/ 99.7%, now:124.44/29.72/ 99.3%/ 99.8%/30, V:1255, P:3678+0.0%, L:0.00%/0.000, T:69.6/72.2/7.0, d:1
03:45:56 exp:125.36/29.42/31, hash:124.84/29.68/ 99.7%, now:124.32/29.73/ 99.2%/ 99.8%/30, V:1255, P:3683+0.1%, L:0.00%/0.000, T:69.6/72.1/7.0, d:268435456
03:46:16 exp:125.36/29.42/31, hash:124.81/29.64/ 99.7%, now:124.94/29.55/ 99.7%/ 99.8%/30, V:1255, P:3682+0.1%, L:0.00%/0.000, T:69.8/72.1/7.0, d:0
03:46:36 exp:125.36/29.42/31, hash:124.86/29.58/ 99.7%, now:125.23/29.49/ 99.9%/ 99.8%/30, V:1255, P:3686+0.2%, L:0.00%/0.000, T:70.0/72.4/6.5, d:0
03:46:56 exp:125.36/29.42/31, hash:124.87/29.52/ 99.7%, now:125.28/29.49/ 99.9%/ 99.7%/30, V:1255, P:3690+0.3%, L:0.00%/0.000, T:70.1/72.7/7.0, d:0
03:47:16 exp:125.36/29.42/31, hash:124.86/29.55/ 99.7%, now:124.88/29.60/ 99.6%/ 99.8%/31, V:1255, P:3687+0.2%, L:0.00%/0.000, T:70.0/72.4/7.0, d:0
03:47:36 exp:125.36/29.42/31, hash:124.86/29.60/ 99.7%, now:124.65/29.66/ 99.4%/ 99.8%/30, V:1256, P:3686+0.2%, L:0.00%/0.000, T:70.1/72.5/6.5, d:1
03:47:56 exp:125.36/29.42/31, hash:124.87/29.61/ 99.7%, now:125.21/29.54/ 99.9%/ 99.7%/30, V:1256, P:3691+0.4%, L:0.00%/0.000, T:70.2/72.7/6.5, d:0
03:48:16 exp:125.36/29.42/31, hash:124.88/29.61/ 99.7%, now:125.10/29.58/ 99.8%/ 99.7%/31, V:1255, P:3698+0.5%, L:0.00%/0.000, T:70.4/73.3/7.0, d:-1073741824
03:48:36 exp:125.36/29.42/31, hash:124.88/29.62/ 99.7%, now:124.87/29.66/ 99.6%/ 99.7%/31, V:1255, P:3691+0.4%, L:0.00%/0.000, T:70.1/72.7/7.0, d:0
03:48:56 exp:125.36/29.42/31, hash:124.89/29.65/ 99.7%, now:124.76/29.68/ 99.5%/ 99.8%/31, V:1255, P:3686+0.2%, L:0.00%/0.000, T:70.1/72.5/7.0, d:0
03:49:16 exp:125.36/29.42/31, hash:124.93/29.63/ 99.7%, now:124.92/29.61/ 99.7%/ 99.8%/31, V:1255, P:3686+0.2%, L:0.00%/0.000, T:70.1/72.6/7.0, d:0
03:49:36 exp:125.36/29.42/31, hash:124.90/29.60/ 99.7%, now:124.92/29.59/ 99.7%/ 99.8%/30, V:1255, P:3686+0.2%, L:0.00%/0.000, T:70.0/72.4/7.0, d:0
03:49:56 exp:125.36/29.42/31, hash:124.89/29.58/ 99.6%, now:125.02/29.57/ 99.7%/ 99.7%/30, V:1255, P:3690+0.3%, L:0.00%/0.000, T:70.3/72.9/7.0, d:0
03:50:16 exp:125.36/29.42/31, hash:124.91/29.58/ 99.7%, now:125.15/29.55/ 99.8%/ 99.7%/31, V:1255, P:3694+0.4%, L:0.00%/0.000, T:70.4/73.1/7.0, d:0
03:50:36 exp:125.36/29.42/31, hash:124.97/29.57/ 99.7%, now:125.36/29.52/100.0%/ 99.7%/30, V:1255, P:3690+0.3%, L:0.00%/0.000, T:70.3/72.7/6.5, d:0
03:50:56 exp:125.36/29.42/31, hash:125.00/29.59/ 99.7%, now:124.75/29.67/ 99.5%/ 99.7%/30, V:1255, P:3690+0.3%, L:0.00%/0.000, T:70.3/72.7/6.5, d:0
03:51:16 exp:125.36/29.42/31, hash:124.99/29.63/ 99.6%, now:124.69/29.68/ 99.5%/ 99.7%/31, V:1255, P:3694+0.4%, L:0.00%/0.000, T:70.4/73.1/6.5, d:0
03:51:36 exp:125.36/29.42/31, hash:124.94/29.68/ 99.6%, now:124.59/29.71/ 99.4%/ 99.7%/30, V:1256, P:3690+0.3%, L:0.00%/0.000, T:70.4/72.8/6.5, d:1
03:51:56 exp:125.36/29.42/31, hash:124.92/29.68/ 99.6%, now:124.88/29.65/ 99.6%/ 99.7%/30, V:1256, P:3694+0.4%, L:0.00%/0.000, T:70.3/72.7/6.5, d:0
03:52:16 exp:125.36/29.42/31, hash:124.90/29.69/ 99.6%, now:124.66/29.70/ 99.4%/ 99.7%/28, V:1256, P:3691+0.4%, L:0.00%/0.000, T:70.2/72.4/6.5, d:0
03:52:36 exp:125.36/29.42/31, hash:124.93/29.65/ 99.6%, now:125.09/29.60/ 99.8%/ 99.7%/29, V:1256, P:3695+0.5%, L:0.00%/0.000, T:70.4/72.7/6.5, d:0
03:52:56 exp:125.36/29.42/31, hash:124.96/29.60/ 99.6%, now:125.61/29.48/100.2%/ 99.7%/29, V:1255, P:3695+0.5%, L:0.00%/0.000, T:70.6/72.9/6.5, d:-1
03:53:16 exp:125.36/29.42/31, hash:124.98/29.54/ 99.7%, now:125.41/29.53/100.0%/ 99.7%/30, V:1255, P:3694+0.4%, L:0.00%/0.000, T:70.8/73.2/6.5, d:268435456
03:53:36 exp:125.36/29.42/31, hash:125.01/29.52/ 99.7%, now:125.37/29.54/100.0%/ 99.7%/30, V:1255, P:3694+0.4%, L:0.00%/0.000, T:70.8/73.1/6.5, d:0
03:53:56 exp:125.36/29.42/31, hash:125.06/29.53/ 99.7%, now:125.43/29.53/100.1%/ 99.7%/30, V:1254, P:3694+0.4%, L:0.00%/0.000, T:70.9/73.2/6.5, d:-1
03:54:16 exp:125.36/29.42/31, hash:125.06/29.56/ 99.7%, now:125.00/29.62/ 99.7%/ 99.7%/34, V:1254, P:3688+0.3%, L:0.00%/0.000, T:70.7/73.3/6.5, d:0
03:54:36 exp:125.36/29.42/31, hash:125.09/29.54/ 99.7%, now:125.32/29.52/100.0%/ 99.8%/30, V:1254, P:3682+0.1%, L:0.00%/0.000, T:70.3/72.5/6.5, d:0
03:54:56 exp:125.36/29.42/31, hash:125.03/29.61/ 99.7%, now:124.19/29.76/ 99.1%/ 99.8%/30, V:1255, P:3682+0.1%, L:0.00%/0.000, T:70.4/72.7/6.5, d:1
03:55:16 exp:125.36/29.42/31, hash:125.05/29.58/ 99.7%, now:125.36/29.48/100.0%/ 99.7%/31, V:1255, P:3692+0.4%, L:0.00%/0.000, T:70.6/73.1/7.0, d:0
03:55:36 exp:125.36/29.42/31, hash:125.05/29.60/ 99.7%, now:125.43/29.50/100.1%/ 99.7%/34, V:1254, P:3700+0.6%, L:0.00%/0.000, T:70.6/73.7/7.0, d:-1073741824
03:55:56 exp:125.36/29.42/31, hash:125.05/29.59/ 99.7%, now:124.72/29.70/ 99.5%/ 99.7%/33, V:1254, P:3688+0.3%, L:0.00%/0.000, T:70.2/73.1/7.5, d:0
03:56:16 exp:125.36/29.42/31, hash:125.09/29.59/ 99.7%, now:125.27/29.56/ 99.9%/ 99.8%/31, V:1254, P:3686+0.2%, L:0.00%/0.000, T:70.1/72.8/7.5, d:0
03:56:36 exp:125.36/29.42/31, hash:125.08/29.64/ 99.7%, now:124.42/29.73/ 99.3%/ 99.8%/32, V:1255, P:3687+0.2%, L:0.00%/0.000, T:70.3/73.2/7.5, d:1
03:56:56 exp:125.36/29.42/31, hash:125.06/29.65/ 99.7%, now:124.58/29.70/ 99.4%/ 99.7%/33, V:1255, P:3692+0.4%, L:0.00%/0.000, T:69.9/72.8/7.5, d:268435456
03:57:16 exp:125.36/29.42/31, hash:125.06/29.71/ 99.7%, now:124.67/29.68/ 99.5%/ 99.8%/32, V:1256, P:3686+0.2%, L:0.00%/0.000, T:69.8/72.5/7.5, d:1
03:57:36 exp:125.36/29.42/31, hash:125.05/29.69/ 99.7%, now:124.92/29.64/ 99.7%/ 99.7%/32, V:1256, P:3698+0.5%, L:0.00%/0.000, T:70.0/73.0/7.5, d:268435456
03:57:56 exp:125.36/29.42/31, hash:124.97/29.71/ 99.7%, now:124.41/29.77/ 99.2%/ 99.7%/29, V:1257, P:3695+0.5%, L:0.00%/0.000, T:69.9/72.7/7.5, d:1
03:58:16 exp:125.36/29.42/31, hash:124.97/29.69/ 99.7%, now:125.45/29.56/100.1%/ 99.6%/32, V:1257, P:3706+0.8%, L:0.00%/0.000, T:70.2/73.2/7.5, d:268435456
03:58:36 exp:125.36/29.42/31, hash:124.93/29.73/ 99.7%, now:124.78/29.76/ 99.5%/ 99.7%/32, V:1256, P:3703+0.7%, L:0.00%/0.000, T:69.9/72.8/7.5, d:-1073741824
03:58:56 exp:125.36/29.42/31, hash:124.87/29.72/ 99.7%, now:124.46/29.83/ 99.3%/ 99.7%/31, V:1256, P:3698+0.5%, L:0.00%/0.000, T:69.9/72.7/7.0, d:268435456
03:59:16 exp:125.36/29.42/31, hash:124.89/29.71/ 99.7%, now:125.42/29.58/100.0%/ 99.7%/32, V:1255, P:3698+0.5%, L:0.00%/0.000, T:69.9/72.9/7.0, d:-1073741824
03:59:36 exp:125.36/29.42/31, hash:124.88/29.63/ 99.7%, now:125.14/29.60/ 99.8%/ 99.8%/29, V:1255, P:3685+0.2%, L:0.00%/0.000, T:69.7/72.2/6.5, d:0
03:59:56 exp:125.36/29.42/31, hash:124.93/29.56/ 99.7%, now:124.96/29.61/ 99.7%/ 99.8%/30, V:1255, P:3686+0.2%, L:0.00%/0.000, T:69.8/72.3/6.5, d:0
04:00:16 exp:125.36/29.42/31, hash:124.90/29.58/ 99.7%, now:124.80/29.62/ 99.6%/ 99.8%/30, V:1255, P:3686+0.2%, L:0.00%/0.000, T:69.9/72.4/6.5, d:0
04:00:36 exp:125.36/29.42/31, hash:124.89/29.56/ 99.7%, now:125.37/29.49/100.0%/ 99.7%/31, V:1255, P:3690+0.3%, L:0.00%/0.000, T:70.0/72.7/7.0, d:0
04:00:56 exp:125.36/29.42/31, hash:124.90/29.58/ 99.7%, now:124.87/29.62/ 99.6%/ 99.7%/31, V:1255, P:3690+0.3%, L:0.00%/0.000, T:70.0/72.8/7.0, d:0
04:01:16 exp:125.36/29.42/31, hash:124.86/29.61/ 99.7%, now:124.68/29.68/ 99.5%/ 99.7%/31, V:1255, P:3694+0.4%, L:0.00%/0.000, T:70.1/73.0/7.0, d:0
04:01:36 exp:125.36/29.42/31, hash:124.93/29.62/ 99.7%, now:125.44/29.51/100.1%/ 99.7%/31, V:1254, P:3694+0.4%, L:0.00%/0.000, T:70.1/73.0/7.0, d:-1
04:01:56 exp:125.36/29.42/31, hash:124.97/29.59/ 99.7%, now:125.15/29.58/ 99.8%/ 99.7%/32, V:1254, P:3689+0.3%, L:0.00%/0.000, T:70.2/73.2/7.5, d:0
04:02:16 exp:125.36/29.42/31, hash:125.03/29.52/ 99.7%, now:125.55/29.48/100.2%/ 99.8%/33, V:1253, P:3684+0.2%, L:0.00%/0.000, T:70.0/72.9/7.5, d:-1
04:02:36 exp:125.36/29.42/31, hash:125.02/29.53/ 99.7%, now:124.79/29.62/ 99.6%/ 99.8%/31, V:1253, P:3678+0.0%, L:0.00%/0.000, T:69.9/72.6/7.5, d:0
04:02:56 exp:125.36/29.42/31, hash:125.02/29.54/ 99.7%, now:124.51/29.65/ 99.3%/ 99.8%/29, V:1254, P:3677-0.0%, L:0.00%/0.000, T:70.1/72.8/7.5, d:1
04:03:16 exp:125.36/29.42/31, hash:116.94/30.31/ 96.5%, now:  4.12/620.84/  3.3%/ 99.8%/0, V:1254, P:5-99.9%, L:0.00%/0.000, T:67.6/72.8/7.5, d:268435456
04:03:36 exp:125.36/29.42/31, hash:108.62/31.09/ 93.2%, now:  0.00/ inf/  0.0%/ 99.8%/0, V:1255, P:7-99.8%, L:0.00%/0.000, T:65.7/72.8/8.0, d:1
04:03:56 exp:125.36/29.42/31, hash:100.32/77.99/ 89.8%, now:  0.00/ inf/  0.0%/ 99.8%/0, V:1255, P:7-99.8%, L:0.00%/0.000, T:63.3/72.8/8.0, d:268435456
04:04:16 exp:125.36/29.42/31, hash: 91.96/ inf/ 86.5%, now:  0.00/ inf/  0.0%/ 99.8%/0, V:1256, P:8-99.8%, L:0.00%/0.000, T:60.5/72.8/8.5, d:1
04:04:36 exp:125.36/29.42/31, hash: 83.62/ inf/ 83.2%, now:  0.00/ inf/  0.0%/ 99.8%/0, V:1256, P:7-99.8%, L:0.00%/0.000, T:58.0/72.8/8.5, d:268435456
04:04:56 exp:125.36/29.42/31, hash: 75.29/ inf/ 79.9%, now:  0.00/ inf/  0.0%/ 99.8%/0, V:1257, P:8-99.8%, L:0.00%/0.000, T:55.3/72.8/8.5, d:1
04:05:16 exp:125.36/29.42/31, hash: 66.96/ inf/ 76.5%, now:  0.00/ inf/  0.0%/ 99.8%/0, V:1257, P:8-99.8%, L:0.00%/0.000, T:53.0/72.8/8.5, d:268435456
04:05:36 exp:125.36/29.42/31, hash: 58.61/ inf/ 73.2%, now:  0.00/ inf/  0.0%/ 99.8%/0, V:1258, P:9-99.8%, L:0.00%/0.000, T:50.5/72.8/8.5, d:1
04:05:56 exp:125.36/29.42/31, hash: 50.28/ inf/ 69.9%, now:  0.00/ inf/  0.0%/ 99.8%/0, V:1258, P:6-99.8%, L:0.00%/0.000, T:48.4/72.8/8.5, d:268435456
04:06:16 exp:125.36/29.42/31, hash: 41.97/ inf/ 66.5%, now:  0.00/ inf/  0.0%/ 99.8%/0, V:1259, P:6-99.8%, L:0.00%/0.000, T:46.4/72.8/8.5, d:1
04:06:36 exp:125.36/29.42/31, hash: 33.61/ inf/ 63.2%, now:  0.00/ inf/  0.0%/ 99.8%/0, V:1259, P:8-99.8%, L:0.00%/0.000, T:44.5/72.8/8.5, d:268435456
04:06:56 exp:125.36/29.42/31, hash: 25.26/ inf/ 59.9%, now:  0.00/ inf/  0.0%/ 99.8%/0, V:1260, P:7-99.8%, L:0.00%/0.000, T:42.7/72.8/8.0, d:1
04:07:16 exp:125.36/29.42/31, hash: 16.89/ inf/ 56.6%, now:  0.00/ inf/  0.0%/ 99.8%/0, V:1260, P:7-99.8%, L:0.00%/0.000, T:41.0/72.8/8.5, d:268435456
04:07:36 exp:125.36/29.42/31, hash:  8.58/ inf/ 53.3%, now:  0.00/ inf/  0.0%/ 99.8%/0, V:1261, P:7-99.8%, L:0.00%/0.000, T:39.4/72.8/8.5, d:1
04:12:35 exp:125.12/29.51/31, hash:124.69/29.62/ 99.7%, now:124.69/29.62/ 99.7%/  0.0%/29, V:1252, P:3676+0.0%, L:0.00%/0.000, T:71.4/73.4/8.0, d:8
04:12:55 exp:125.12/29.51/31, hash:124.69/29.61/ 99.7%, now:124.68/29.61/ 99.7%/  0.0%/35, V:1252, P:3687+0.0%, L:0.00%/0.000, T:71.5/74.3/8.0, d:8
04:13:15 exp:125.12/29.51/31, hash:124.60/29.63/ 99.6%, now:124.42/29.68/ 99.4%/  0.0%/36, V:1254, P:3678+0.0%, L:0.00%/0.000, T:70.7/73.3/8.0, d:8
04:13:35 exp:125.12/29.51/31, hash:124.59/29.66/ 99.6%, now:124.58/29.66/ 99.6%/  0.0%/33, V:1254, P:3678+0.0%, L:0.00%/0.000, T:69.9/72.2/7.5, d:8
04:13:55 exp:125.12/29.51/31, hash:124.54/29.67/ 99.5%, now:124.34/29.69/ 99.4%/  0.0%/28, V:1254, P:3678+0.0%, L:0.00%/0.000, T:70.1/72.5/7.5, d:8
04:14:15 exp:125.12/29.51/31, hash:124.55/29.64/ 99.5%, now:124.57/29.62/ 99.6%/  0.0%/31, V:1254, P:3682+0.0%, L:0.00%/0.000, T:70.5/73.1/7.0, d:8
his:99.6%/29.63/1252, now:99.5%/29.66/1254, add:-0.10/0.09/-0.36
04:14:35 exp:125.12/29.51/31, hash:124.55/29.66/ 99.5%, now:124.55/29.64/ 99.5%/  0.0%/35, V:1252, P:3691+0.0%, L:0.00%/0.000, T:70.5/73.7/7.0, d:8
04:14:55 exp:125.12/29.51/31, hash:124.54/29.67/ 99.5%, now:124.52/29.68/ 99.5%/  0.0%/37, V:1252, P:3677+0.0%, L:0.00%/0.000, T:70.0/73.2/7.5, d:8
04:15:15 exp:125.12/29.51/31, hash:124.36/29.78/ 99.4%, now:122.91/30.05/ 98.2%/  0.0%/30, V:1252, P:3666+0.0%, L:0.00%/0.000, T:69.4/72.0/7.5, d:8
04:15:35 exp:125.12/29.51/31, hash:124.25/29.82/ 99.3%, now:123.24/29.89/ 98.5%/  0.0%/30, V:1252, P:3666+0.0%, L:0.00%/0.000, T:69.7/72.2/7.0, d:8
04:15:55 exp:125.12/29.51/31, hash:124.13/29.90/ 99.2%, now:122.87/29.93/ 98.2%/  0.0%/30, V:1254, P:3663+0.0%, L:0.00%/0.000, T:69.7/72.0/7.0, d:8
04:16:15 exp:125.12/29.51/31, hash:124.11/29.83/ 99.2%, now:123.97/29.68/ 99.1%/  0.0%/33, V:1254, P:3682+0.0%, L:0.00%/0.000, T:70.0/73.0/7.0, d:8
04:16:35 exp:125.12/29.51/31, hash:124.17/29.76/ 99.2%, now:124.81/29.54/ 99.8%/  0.0%/33, V:1254, P:3680+0.0%, L:0.00%/0.000, T:69.7/72.6/7.0, d:8
04:16:55 exp:125.12/29.51/31, hash:124.19/29.67/ 99.3%, now:124.54/29.64/ 99.5%/  0.0%/31, V:1254, P:3682+0.0%, L:0.00%/0.000, T:69.8/72.6/7.0, d:8
his:98.3%/29.90/1252, now:99.5%/29.65/1254, add:1.22/-0.82/3.68
04:17:15 exp:125.12/29.51/31, hash:124.20/29.65/ 99.3%, now:124.23/29.72/ 99.3%/  0.0%/31, V:1254, P:3682+0.0%, L:0.00%/0.000, T:69.9/72.7/7.0, d:8
04:17:35 exp:125.12/29.51/31, hash:124.20/29.64/ 99.3%, now:124.83/29.57/ 99.8%/  0.0%/31, V:1254, P:3682+0.0%, L:0.00%/0.000, T:69.9/72.6/7.0, d:8
04:17:55 exp:125.12/29.51/31, hash:124.17/29.68/ 99.3%, now:124.09/29.75/ 99.2%/  0.0%/31, V:1254, P:3682+0.0%, L:0.00%/0.000, T:70.0/72.5/7.0, d:8
04:18:15 exp:125.12/29.51/31, hash:124.19/29.65/ 99.3%, now:124.77/29.60/ 99.7%/ 99.8%/34, V:1254, P:3688+0.2%, L:0.00%/0.000, T:70.0/73.2/7.0, d:0
04:18:35 exp:125.12/29.51/31, hash:124.20/29.66/ 99.3%, now:124.77/29.61/ 99.7%/ 99.8%/31, V:1254, P:3682+0.0%, L:0.00%/0.000, T:69.9/72.6/7.0, d:0
04:18:55 exp:125.12/29.51/31, hash:124.22/29.63/ 99.3%, now:124.58/29.65/ 99.6%/ 99.8%/31, V:1254, P:3682+0.0%, L:0.00%/0.000, T:70.0/72.6/6.5, d:0
04:19:15 exp:125.12/29.51/31, hash:124.23/29.61/ 99.4%, now:124.83/29.58/ 99.8%/ 99.8%/31, V:1254, P:3682+0.0%, L:0.00%/0.000, T:70.2/72.8/7.0, d:0
04:19:35 exp:125.12/29.51/31, hash:124.25/29.60/ 99.4%, now:124.84/29.58/ 99.8%/ 99.8%/31, V:1254, P:3684+0.1%, L:0.00%/0.000, T:70.2/72.8/7.0, d:0
04:19:55 exp:125.12/29.51/31, hash:124.27/29.60/ 99.4%, now:124.74/29.62/ 99.7%/ 99.8%/33, V:1254, P:3688+0.2%, L:0.00%/0.000, T:70.4/73.2/7.0, d:0
04:20:15 exp:125.12/29.51/31, hash:124.39/29.63/ 99.4%, now:124.66/29.65/ 99.6%/ 99.8%/31, V:1254, P:3682+0.0%, L:0.00%/0.000, T:70.1/72.7/7.0, d:0
04:20:35 exp:125.12/29.51/31, hash:124.48/29.64/ 99.4%, now:124.60/29.66/ 99.6%/ 99.8%/30, V:1254, P:3682+0.0%, L:0.00%/0.000, T:70.2/72.8/7.0, d:0
04:20:55 exp:125.12/29.51/31, hash:124.57/29.67/ 99.4%, now:124.35/29.71/ 99.4%/ 99.8%/30, V:1255, P:3686+0.1%, L:0.00%/0.000, T:70.4/73.1/7.0, d:1
04:21:15 exp:125.12/29.51/31, hash:124.63/29.68/ 99.4%, now:124.79/29.63/ 99.7%/ 99.7%/31, V:1255, P:3694+0.3%, L:0.00%/0.000, T:70.6/73.2/7.0, d:0
04:21:35 exp:125.12/29.51/31, hash:124.68/29.63/ 99.5%, now:125.66/29.46/100.4%/ 99.7%/31, V:1254, P:3692+0.3%, L:0.00%/0.000, T:70.3/72.9/7.0, d:-1
04:21:55 exp:125.12/29.51/31, hash:124.68/29.62/ 99.5%, now:124.52/29.73/ 99.5%/ 99.8%/30, V:1254, P:3685+0.1%, L:0.00%/0.000, T:70.4/72.9/7.0, d:0
04:22:15 exp:125.12/29.51/31, hash:124.74/29.58/ 99.5%, now:125.01/29.59/ 99.9%/ 99.8%/30, V:1254, P:3686+0.1%, L:0.00%/0.000, T:70.4/72.9/7.0, d:0
04:22:35 exp:125.12/29.51/31, hash:124.71/29.64/ 99.5%, now:124.52/29.68/ 99.5%/ 99.8%/30, V:1254, P:3686+0.1%, L:0.00%/0.000, T:70.7/73.1/7.0, d:0
04:22:55 exp:125.12/29.51/31, hash:124.74/29.66/ 99.5%, now:124.42/29.72/ 99.4%/ 99.8%/32, V:1255, P:3690+0.2%, L:0.00%/0.000, T:70.6/73.3/7.0, d:1
04:23:15 exp:125.12/29.51/31, hash:124.75/29.69/ 99.5%, now:124.96/29.61/ 99.9%/ 99.7%/28, V:1255, P:3696+0.4%, L:0.00%/0.000, T:70.6/73.0/7.0, d:0
04:23:35 exp:125.12/29.51/31, hash:124.75/29.69/ 99.5%, now:124.87/29.66/ 99.8%/ 99.7%/31, V:1255, P:3698+0.4%, L:0.00%/0.000, T:71.0/73.5/7.0, d:0
04:23:55 exp:125.12/29.51/31, hash:124.81/29.65/ 99.5%, now:125.36/29.58/100.2%/ 99.7%/32, V:1254, P:3702+0.5%, L:0.00%/0.000, T:70.9/73.6/7.0, d:-1073741824
04:24:15 exp:125.12/29.51/31, hash:124.84/29.62/ 99.5%, now:125.29/29.59/100.1%/ 99.8%/31, V:1254, P:3690+0.2%, L:0.00%/0.000, T:70.8/73.4/7.5, d:268435456
04:24:35 exp:125.12/29.51/31, hash:124.84/29.60/ 99.5%, now:124.81/29.68/ 99.8%/ 99.8%/30, V:1254, P:3686+0.1%, L:0.00%/0.000, T:70.7/73.0/7.0, d:0
04:24:55 exp:125.12/29.51/31, hash:124.82/29.63/ 99.5%, now:124.49/29.72/ 99.5%/ 99.8%/29, V:1254, P:3690+0.2%, L:0.00%/0.000, T:70.8/73.3/7.0, d:0
04:25:15 exp:125.12/29.51/31, hash:124.84/29.64/ 99.6%, now:125.04/29.58/ 99.9%/ 99.8%/29, V:1254, P:3690+0.2%, L:0.00%/0.000, T:71.0/73.3/7.0, d:0
04:25:35 exp:125.12/29.51/31, hash:124.87/29.63/ 99.6%, now:125.06/29.59/ 99.9%/ 99.7%/30, V:1254, P:3696+0.4%, L:0.00%/0.000, T:71.3/73.9/7.5, d:0
04:25:55 exp:125.12/29.51/31, hash:124.94/29.59/ 99.7%, now:125.40/29.54/100.2%/ 99.7%/31, V:1253, P:3698+0.4%, L:0.00%/0.000, T:71.1/73.7/7.5, d:-1
04:26:15 exp:125.12/29.51/31, hash:124.96/29.59/ 99.7%, now:125.03/29.62/ 99.9%/ 99.8%/29, V:1253, P:3685+0.1%, L:0.00%/0.000, T:71.1/73.2/7.5, d:0
04:26:35 exp:125.12/29.51/31, hash:124.92/29.57/ 99.7%, now:125.07/29.59/100.0%/ 99.8%/29, V:1253, P:3686+0.1%, L:0.00%/0.000, T:71.0/73.1/7.0, d:0
04:26:55 exp:125.12/29.51/31, hash:124.92/29.61/ 99.7%, now:124.48/29.70/ 99.5%/ 99.8%/29, V:1253, P:3686+0.1%, L:0.00%/0.000, T:71.1/73.4/7.0, d:0
04:27:15 exp:125.12/29.51/31, hash:124.87/29.66/ 99.7%, now:124.31/29.73/ 99.4%/ 99.8%/29, V:1254, P:3686+0.1%, L:0.00%/0.000, T:71.1/73.4/7.0, d:1
04:27:35 exp:125.12/29.51/31, hash:124.92/29.66/ 99.8%, now:125.25/29.53/100.1%/ 99.7%/30, V:1254, P:3694+0.3%, L:0.00%/0.000, T:71.2/73.7/7.0, d:268435456
04:27:55 exp:125.12/29.51/31, hash:124.95/29.66/ 99.8%, now:124.84/29.65/ 99.8%/ 99.7%/30, V:1254, P:3694+0.3%, L:0.00%/0.000, T:71.2/73.5/6.5, d:0
04:28:15 exp:125.12/29.51/31, hash:124.94/29.64/ 99.8%, now:124.79/29.68/ 99.7%/ 99.8%/31, V:1254, P:3690+0.2%, L:0.00%/0.000, T:71.0/73.3/6.5, d:0
04:28:35 exp:125.12/29.51/31, hash:124.95/29.65/ 99.8%, now:124.98/29.62/ 99.9%/ 99.8%/29, V:1254, P:3686+0.1%, L:0.00%/0.000, T:70.9/73.0/6.5, d:0
04:28:55 exp:125.12/29.51/31, hash:124.90/29.65/ 99.8%, now:124.69/29.68/ 99.7%/ 99.8%/30, V:1254, P:3690+0.2%, L:0.00%/0.000, T:71.1/73.4/6.5, d:0
04:29:15 exp:125.12/29.51/31, hash:124.86/29.66/ 99.8%, now:124.69/29.68/ 99.7%/ 99.7%/31, V:1254, P:3694+0.3%, L:0.00%/0.000, T:71.2/73.6/6.5, d:0
04:29:35 exp:125.12/29.51/31, hash:124.84/29.70/ 99.8%, now:124.53/29.73/ 99.5%/ 99.8%/31, V:1254, P:3690+0.2%, L:0.00%/0.000, T:70.9/73.1/6.5, d:0
04:29:55 exp:125.12/29.51/31, hash:124.80/29.77/ 99.8%, now:123.84/29.89/ 99.0%/ 99.8%/30, V:1255, P:3687+0.1%, L:0.00%/0.000, T:70.8/73.0/6.5, d:1
04:30:15 exp:125.12/29.51/31, hash:124.78/29.77/ 99.8%, now:124.67/29.69/ 99.6%/ 99.7%/30, V:1255, P:3698+0.4%, L:0.00%/0.000, T:70.9/73.2/6.5, d:0
04:30:35 exp:125.12/29.51/31, hash:124.79/29.72/ 99.8%, now:125.32/29.55/100.2%/ 99.7%/31, V:1254, P:3698+0.4%, L:0.00%/0.000, T:70.8/73.4/6.5, d:-1
04:30:55 exp:125.12/29.51/31, hash:124.80/29.60/ 99.8%, now:125.54/29.52/100.3%/ 99.8%/28, V:1254, P:3691+0.2%, L:0.00%/0.000, T:70.7/73.2/7.0, d:268435456
04:31:15 exp:125.12/29.51/31, hash:124.83/29.53/ 99.8%, now:125.43/29.53/100.3%/ 99.7%/30, V:1253, P:3694+0.3%, L:0.00%/0.000, T:71.0/73.6/7.0, d:-1
04:31:35 exp:125.12/29.51/31, hash:124.79/29.57/ 99.8%, now:124.54/29.72/ 99.5%/ 99.8%/30, V:1253, P:3686+0.1%, L:0.00%/0.000, T:70.9/73.2/6.5, d:0
04:31:55 exp:125.12/29.51/31, hash:124.78/29.64/ 99.8%, now:124.32/29.75/ 99.4%/ 99.8%/29, V:1254, P:3687+0.1%, L:0.00%/0.000, T:70.9/73.3/6.5, d:1
04:32:15 exp:125.12/29.51/31, hash:124.84/29.67/ 99.8%, now:125.09/29.57/100.0%/ 99.7%/31, V:1254, P:3697+0.4%, L:0.00%/0.000, T:71.2/73.9/7.0, d:0
04:32:35 exp:125.12/29.51/31, hash:124.87/29.61/ 99.8%, now:125.80/29.44/100.5%/ 99.7%/34, V:1253, P:3700+0.5%, L:0.00%/0.000, T:71.0/73.9/7.0, d:-1
04:32:55 exp:125.12/29.51/31, hash:124.90/29.56/ 99.8%, now:125.25/29.59/100.1%/ 99.8%/30, V:1253, P:3687+0.1%, L:0.00%/0.000, T:70.5/73.2/7.0, d:268435456
04:33:15 exp:125.12/29.51/31, hash:124.89/29.57/ 99.8%, now:124.70/29.70/ 99.7%/ 99.8%/30, V:1253, P:3685+0.1%, L:0.00%/0.000, T:70.4/73.0/7.0, d:0
04:33:35 exp:125.12/29.51/31, hash:124.88/29.60/ 99.8%, now:124.71/29.64/ 99.7%/ 99.8%/30, V:1253, P:3682+0.0%, L:0.00%/0.000, T:70.6/73.1/7.0, d:0
04:33:55 exp:125.12/29.51/31, hash:124.88/29.62/ 99.8%, now:124.77/29.61/ 99.7%/ 99.8%/31, V:1253, P:3686+0.1%, L:0.00%/0.000, T:70.5/73.1/7.0, d:0
04:34:15 exp:125.12/29.51/31, hash:124.90/29.59/ 99.8%, now:124.98/29.55/ 99.9%/ 99.8%/31, V:1253, P:3682+0.0%, L:0.00%/0.000, T:70.6/73.0/7.0, d:0
04:34:35 exp:125.12/29.51/31, hash:124.95/29.55/ 99.8%, now:125.32/29.48/100.2%/ 99.8%/31, V:1252, P:3686+0.1%, L:0.00%/0.000, T:70.6/73.1/7.0, d:-1
04:34:55 exp:125.12/29.51/31, hash:124.95/29.61/ 99.8%, now:123.82/29.82/ 99.0%/ 99.8%/31, V:1252, P:3678-0.1%, L:0.00%/0.000, T:70.5/72.9/6.5, d:268435456
04:35:15 exp:125.12/29.51/31, hash:124.93/29.64/ 99.8%, now:124.40/29.67/ 99.4%/ 99.8%/30, V:1253, P:3678-0.1%, L:0.00%/0.000, T:70.5/72.9/6.5, d:1
04:35:35 exp:125.12/29.51/31, hash:124.86/29.71/ 99.8%, now:124.28/29.68/ 99.3%/ 99.8%/27, V:1253, P:3682+0.0%, L:0.00%/0.000, T:70.7/72.9/6.5, d:268435456
04:35:55 exp:125.12/29.51/31, hash:124.82/29.64/ 99.8%, now:124.93/29.55/ 99.8%/ 99.8%/31, V:1253, P:3690+0.2%, L:0.00%/0.000, T:71.2/73.8/6.5, d:0
04:36:15 exp:125.12/29.51/31, hash:124.77/29.67/ 99.7%, now:124.61/29.67/ 99.6%/ 99.7%/33, V:1253, P:3693+0.3%, L:0.00%/0.000, T:71.1/73.9/7.0, d:0
04:36:35 exp:125.12/29.51/31, hash:124.80/29.64/ 99.7%, now:124.96/29.61/ 99.9%/ 99.8%/32, V:1253, P:3683+0.0%, L:0.00%/0.000, T:70.5/72.8/6.5, d:0
04:36:55 exp:125.12/29.51/31, hash:124.79/29.68/ 99.7%, now:124.19/29.78/ 99.3%/ 99.8%/29, V:1254, P:3679-0.1%, L:0.00%/0.000, T:70.5/72.7/6.5, d:1
04:37:15 exp:125.12/29.51/31, hash:124.77/29.64/ 99.7%, now:124.83/29.60/ 99.8%/ 99.8%/30, V:1254, P:3691+0.2%, L:0.00%/0.000, T:70.8/73.2/7.0, d:0
04:37:35 exp:125.12/29.51/31, hash:124.72/29.66/ 99.7%, now:125.07/29.57/100.0%/ 99.7%/33, V:1254, P:3700+0.5%, L:0.00%/0.000, T:70.8/73.9/7.0, d:0
04:37:55 exp:125.12/29.51/31, hash:124.70/29.64/ 99.7%, now:124.95/29.64/ 99.9%/ 99.7%/33, V:1254, P:3693+0.3%, L:0.00%/0.000, T:70.5/73.3/7.0, d:0
04:38:15 exp:125.12/29.51/31, hash:124.65/29.72/ 99.7%, now:123.95/29.89/ 99.1%/ 99.8%/31, V:1255, P:3683+0.0%, L:0.00%/0.000, T:70.2/72.5/7.0, d:1
04:38:35 exp:125.12/29.51/31, hash:124.66/29.72/ 99.7%, now:124.84/29.65/ 99.8%/ 99.7%/29, V:1255, P:3692+0.3%, L:0.00%/0.000, T:70.3/72.7/7.0, d:0
04:38:55 exp:125.12/29.51/31, hash:124.66/29.73/ 99.7%, now:124.74/29.68/ 99.7%/ 99.7%/32, V:1255, P:3698+0.4%, L:0.00%/0.000, T:70.5/73.2/7.0, d:0
04:39:15 exp:125.12/29.51/31, hash:124.65/29.67/ 99.7%, now:124.92/29.65/ 99.8%/ 99.7%/32, V:1255, P:3694+0.3%, L:0.00%/0.000, T:70.2/72.9/7.0, d:0
04:39:35 exp:125.12/29.51/31, hash:124.64/29.66/ 99.7%, now:125.15/29.60/100.0%/ 99.8%/30, V:1255, P:3690+0.2%, L:0.00%/0.000, T:69.9/72.4/6.5, d:0
04:39:55 exp:125.12/29.51/31, hash:124.70/29.64/ 99.8%, now:124.64/29.71/ 99.6%/ 99.8%/29, V:1255, P:3691+0.2%, L:0.00%/0.000, T:70.2/72.6/6.5, d:0
04:40:15 exp:125.12/29.51/31, hash:120.42/30.24/ 98.0%, now: 60.33/51.81/ 48.2%/ 99.8%/0, V:1256, P:8-99.8%, L:0.00%/0.000, T:68.3/72.6/6.5, d:1
04:40:35 exp:125.12/29.51/31, hash:112.14/30.72/ 94.7%, now:  0.00/ inf/  0.0%/ 99.8%/0, V:1256, P:8-99.8%, L:0.00%/0.000, T:66.6/72.6/7.0, d:268435456
04:40:55 exp:125.12/29.51/31, hash:103.81/33.03/ 91.4%, now:  0.00/ inf/  0.0%/ 99.8%/0, V:1257, P:7-99.8%, L:0.00%/0.000, T:64.3/72.6/7.5, d:1
04:41:15 exp:125.12/29.51/31, hash: 95.50/ inf/ 88.0%, now:  0.00/ inf/  0.0%/ 99.8%/0, V:1257, P:8-99.8%, L:0.00%/0.000, T:61.6/72.6/8.5, d:268435456
04:41:35 exp:125.12/29.51/31, hash: 87.17/ inf/ 84.7%, now:  0.00/ inf/  0.0%/ 99.8%/0, V:1258, P:8-99.8%, L:0.00%/0.000, T:58.9/72.6/9.0, d:1
04:41:55 exp:125.12/29.51/31, hash: 78.89/ inf/ 81.4%, now:  0.00/ inf/  0.0%/ 99.8%/0, V:1258, P:8-99.8%, L:0.00%/0.000, T:56.3/72.6/9.0, d:268435456
04:42:15 exp:125.12/29.51/31, hash: 70.57/ inf/ 78.1%, now:  0.00/ inf/  0.0%/ 99.8%/0, V:1259, P:8-99.8%, L:0.00%/0.000, T:53.8/72.6/9.0, d:1
04:47:30 exp:125.58/29.53/33, hash:124.64/29.74/ 99.2%, now:124.64/29.74/ 99.2%/  0.0%/28, V:1252, P:3688+0.0%, L:0.00%/0.000, T:70.4/73.0/8.0, d:8
04:47:50 exp:125.58/29.53/33, hash:124.76/29.67/ 99.3%, now:124.89/29.64/ 99.5%/  0.0%/30, V:1252, P:3686+0.0%, L:0.00%/0.000, T:70.6/73.0/8.0, d:8
04:48:10 exp:125.58/29.53/33, hash:124.76/29.64/ 99.3%, now:124.75/29.64/ 99.3%/  0.0%/30, V:1254, P:3686+0.0%, L:0.00%/0.000, T:70.7/73.1/7.5, d:8
04:48:30 exp:125.58/29.53/33, hash:124.90/29.60/ 99.5%, now:125.31/29.52/ 99.8%/  0.0%/30, V:1254, P:3698+0.0%, L:0.00%/0.000, T:70.8/73.2/7.5, d:8
04:48:50 exp:125.58/29.53/33, hash:124.92/29.62/ 99.5%, now:125.03/29.62/ 99.6%/  0.0%/31, V:1254, P:3702+0.0%, L:0.00%/0.000, T:70.8/73.2/7.5, d:8
04:49:10 exp:125.58/29.53/33, hash:125.01/29.60/ 99.5%, now:125.46/29.56/ 99.9%/  0.0%/30, V:1254, P:3699+0.0%, L:0.00%/0.000, T:70.9/73.4/7.5, d:8
his:99.3%/29.64/1252, now:99.8%/29.60/1254, add:0.48/-0.15/0.92
04:49:30 exp:125.58/29.53/33, hash:125.09/29.60/ 99.6%, now:125.54/29.55/100.0%/  0.0%/31, V:1256, P:3706+0.0%, L:0.00%/0.000, T:71.0/73.8/7.5, d:8
04:49:50 exp:125.58/29.53/33, hash:125.15/29.61/ 99.7%, now:125.56/29.60/100.0%/  0.0%/34, V:1256, P:3720+0.0%, L:0.00%/0.000, T:71.0/74.0/7.5, d:8
04:50:10 exp:125.58/29.53/33, hash:125.16/29.67/ 99.7%, now:125.32/29.71/ 99.8%/  0.0%/30, V:1256, P:3714+0.0%, L:0.00%/0.000, T:70.8/73.4/7.5, d:8
04:50:30 exp:125.58/29.53/33, hash:125.29/29.64/ 99.8%, now:126.38/29.49/100.6%/  0.0%/31, V:1256, P:3718+0.0%, L:0.00%/0.000, T:71.1/74.0/7.5, d:8
his:99.8%/29.60/1254, now:100.1%/29.65/1256, add:0.33/0.16/-0.17
04:50:50 exp:125.58/29.53/33, hash:125.31/29.65/ 99.8%, now:125.57/29.69/100.0%/  0.0%/32, V:1254, P:3724+0.0%, L:0.00%/0.000, T:71.2/74.3/8.0, d:8
04:51:10 exp:125.58/29.53/33, hash:125.35/29.59/ 99.8%, now:125.83/29.61/100.2%/  0.0%/32, V:1254, P:3704+0.0%, L:0.00%/0.000, T:70.9/73.4/7.5, d:8
04:51:30 exp:125.58/29.53/33, hash:125.30/29.68/ 99.8%, now:124.70/29.84/ 99.3%/  0.0%/30, V:1254, P:3702+0.0%, L:0.00%/0.000, T:71.0/73.4/8.0, d:8
04:51:50 exp:125.58/29.53/33, hash:125.31/29.65/ 99.8%, now:125.43/29.62/ 99.9%/  0.0%/31, V:1254, P:3707+0.0%, L:0.00%/0.000, T:71.1/73.8/7.5, d:8
04:52:10 exp:125.58/29.53/33, hash:125.31/29.68/ 99.8%, now:125.29/29.64/ 99.8%/  0.0%/29, V:1254, P:3702+0.0%, L:0.00%/0.000, T:70.9/73.3/7.5, d:8
04:52:30 exp:125.58/29.53/33, hash:125.32/29.68/ 99.8%, now:124.74/29.77/ 99.3%/  0.0%/30, V:1254, P:3702+0.0%, L:0.00%/0.000, T:71.0/73.5/7.5, d:8
04:52:50 exp:125.58/29.53/33, hash:125.35/29.69/ 99.8%, now:125.37/29.63/ 99.8%/  0.0%/33, V:1254, P:3710+0.0%, L:0.00%/0.000, T:71.2/74.2/8.0, d:8
04:53:10 exp:125.58/29.53/34, hash:125.40/29.70/ 99.8%, now:125.47/29.63/ 99.9%/ 99.7%/34, V:1254, P:3710+0.4%, L:0.00%/0.000, T:70.9/73.9/8.0, d:0
04:53:30 exp:125.58/29.53/34, hash:125.42/29.64/ 99.8%, now:125.57/29.62/100.0%/ 99.8%/31, V:1254, P:3702-0.2%, L:0.00%/0.000, T:70.7/73.3/7.5, d:0
04:53:50 exp:125.58/29.53/34, hash:125.46/29.61/ 99.8%, now:125.62/29.59/100.0%/ 99.8%/31, V:1254, P:3702-0.2%, L:0.00%/0.000, T:70.7/73.2/7.5, d:0
04:54:10 exp:125.58/29.53/34, hash:125.45/29.59/ 99.8%, now:125.38/29.62/ 99.8%/ 99.8%/31, V:1254, P:3706-0.1%, L:0.00%/0.000, T:70.8/73.7/8.0, d:0
04:54:30 exp:125.58/29.53/34, hash:125.45/29.60/ 99.8%, now:125.52/29.60/100.0%/ 99.8%/33, V:1254, P:3710+0.0%, L:0.00%/0.000, T:70.8/73.7/7.5, d:0
04:54:50 exp:125.58/29.53/34, hash:125.42/29.65/ 99.8%, now:125.07/29.71/ 99.6%/ 99.8%/29, V:1254, P:3700-0.3%, L:0.00%/0.000, T:70.6/73.0/7.5, d:0
04:55:10 exp:125.58/29.53/34, hash:125.43/29.63/ 99.8%, now:125.48/29.60/ 99.9%/ 99.8%/30, V:1254, P:3702-0.2%, L:0.00%/0.000, T:70.9/73.3/7.5, d:0
04:55:30 exp:125.58/29.53/34, hash:125.34/29.65/ 99.8%, now:125.04/29.69/ 99.6%/ 99.8%/31, V:1254, P:3702-0.2%, L:0.00%/0.000, T:70.7/73.1/7.5, d:0
04:55:50 exp:125.58/29.53/34, hash:125.31/29.63/ 99.8%, now:125.19/29.64/ 99.7%/ 99.8%/30, V:1254, P:3698-0.3%, L:0.00%/0.000, T:70.3/72.8/7.0, d:0
04:56:10 exp:125.58/29.53/34, hash:125.30/29.61/ 99.8%, now:125.58/29.54/100.0%/ 99.8%/30, V:1254, P:3698-0.3%, L:0.00%/0.000, T:70.4/72.9/7.0, d:0
04:56:30 exp:125.58/29.53/34, hash:125.33/29.59/ 99.8%, now:125.17/29.62/ 99.7%/ 99.8%/30, V:1254, P:3698-0.3%, L:0.00%/0.000, T:70.6/73.1/7.0, d:0
04:56:50 exp:125.58/29.53/34, hash:125.32/29.58/ 99.8%, now:125.36/29.59/ 99.8%/ 99.8%/31, V:1254, P:3705-0.1%, L:0.00%/0.000, T:70.8/73.6/7.0, d:0
04:57:10 exp:125.58/29.53/34, hash:125.34/29.61/ 99.8%, now:125.52/29.57/100.0%/ 99.8%/31, V:1254, P:3706-0.1%, L:0.00%/0.000, T:70.7/73.4/7.0, d:0
04:57:30 exp:125.58/29.53/34, hash:125.35/29.65/ 99.8%, now:124.90/29.73/ 99.5%/ 99.8%/31, V:1254, P:3702-0.2%, L:0.00%/0.000, T:70.7/73.2/7.5, d:0
04:57:50 exp:125.58/29.53/34, hash:125.33/29.68/ 99.8%, now:125.04/29.70/ 99.6%/ 99.8%/32, V:1254, P:3705-0.1%, L:0.00%/0.000, T:70.9/73.8/8.0, d:0
04:58:10 exp:125.58/29.53/34, hash:125.37/29.64/ 99.8%, now:126.04/29.47/100.4%/ 99.8%/31, V:1253, P:3706-0.1%, L:0.00%/0.000, T:70.9/73.6/7.5, d:-1
04:58:30 exp:125.58/29.53/34, hash:125.36/29.58/ 99.8%, now:125.47/29.59/ 99.9%/ 99.8%/31, V:1253, P:3698-0.3%, L:0.00%/0.000, T:70.8/73.3/7.5, d:0
04:58:50 exp:125.58/29.53/34, hash:125.35/29.54/ 99.9%, now:125.46/29.58/ 99.9%/ 99.8%/32, V:1253, P:3701-0.2%, L:0.00%/0.000, T:70.9/73.6/7.5, d:0
04:59:10 exp:125.58/29.53/34, hash:125.38/29.55/ 99.9%, now:125.80/29.50/100.2%/ 99.8%/35, V:1252, P:3704-0.2%, L:0.00%/0.000, T:70.8/74.1/8.0, d:-1
04:59:30 exp:125.58/29.53/34, hash:125.32/29.62/ 99.8%, now:124.74/29.76/ 99.3%/ 99.8%/36, V:1252, P:3694-0.4%, L:0.00%/0.000, T:70.2/73.2/7.5, d:268435456
04:59:50 exp:125.58/29.53/34, hash:125.29/29.66/ 99.8%, now:124.54/29.78/ 99.2%/ 99.8%/31, V:1253, P:3684-0.7%, L:0.00%/0.000, T:69.7/72.3/7.5, d:1
05:00:10 exp:125.58/29.53/34, hash:125.21/29.74/ 99.8%, now:124.28/29.80/ 99.0%/ 99.8%/30, V:1253, P:3690-0.5%, L:0.00%/0.000, T:69.9/72.5/7.5, d:268435456
05:00:30 exp:125.58/29.53/34, hash:125.19/29.70/ 99.7%, now:124.81/29.64/ 99.4%/ 99.8%/30, V:1254, P:3692-0.5%, L:0.00%/0.000, T:70.0/72.7/7.5, d:1
05:00:50 exp:125.58/29.53/34, hash:125.18/29.69/ 99.7%, now:124.98/29.63/ 99.5%/ 99.8%/30, V:1254, P:3698-0.3%, L:0.00%/0.000, T:70.1/72.9/7.5, d:0
05:01:10 exp:125.58/29.53/34, hash:125.17/29.63/ 99.7%, now:125.46/29.54/ 99.9%/ 99.8%/32, V:1254, P:3702-0.2%, L:0.00%/0.000, T:70.4/73.1/7.5, d:0
05:01:30 exp:125.58/29.53/34, hash:125.19/29.61/ 99.7%, now:125.44/29.57/ 99.9%/ 99.8%/31, V:1254, P:3698-0.3%, L:0.00%/0.000, T:70.1/72.7/7.5, d:0
05:01:50 exp:125.58/29.53/34, hash:125.17/29.60/ 99.7%, now:125.12/29.65/ 99.6%/ 99.8%/30, V:1254, P:3698-0.3%, L:0.00%/0.000, T:70.4/73.1/7.5, d:0
05:02:10 exp:125.58/29.53/34, hash:125.19/29.58/ 99.7%, now:125.72/29.51/100.1%/ 99.8%/32, V:1253, P:3702-0.2%, L:0.00%/0.000, T:70.4/73.1/7.0, d:-1
05:02:30 exp:125.58/29.53/34, hash:125.15/29.65/ 99.7%, now:124.40/29.81/ 99.1%/ 99.8%/29, V:1253, P:3692-0.5%, L:0.00%/0.000, T:70.1/72.7/7.0, d:268435456
05:02:50 exp:125.58/29.53/34, hash:125.15/29.65/ 99.7%, now:124.96/29.66/ 99.5%/ 99.8%/30, V:1253, P:3694-0.4%, L:0.00%/0.000, T:70.4/72.9/7.0, d:0
05:03:10 exp:125.58/29.53/34, hash:125.09/29.67/ 99.7%, now:125.17/29.59/ 99.7%/ 99.8%/30, V:1253, P:3694-0.4%, L:0.00%/0.000, T:70.6/72.9/6.5, d:0
05:03:30 exp:125.58/29.53/34, hash:125.06/29.62/ 99.7%, now:125.02/29.62/ 99.6%/ 99.8%/30, V:1253, P:3694-0.4%, L:0.00%/0.000, T:70.7/72.9/6.5, d:0
05:03:50 exp:125.58/29.53/34, hash:125.01/29.64/ 99.7%, now:124.64/29.72/ 99.3%/ 99.8%/30, V:1254, P:3694-0.4%, L:0.00%/0.000, T:70.8/73.0/6.5, d:1
05:04:10 exp:125.58/29.53/34, hash:124.99/29.63/ 99.7%, now:125.58/29.51/100.0%/ 99.8%/30, V:1254, P:3698-0.3%, L:0.00%/0.000, T:70.6/72.8/6.5, d:0
05:04:30 exp:125.58/29.53/34, hash:125.02/29.63/ 99.7%, now:125.16/29.62/ 99.7%/ 99.8%/30, V:1254, P:3696-0.4%, L:0.00%/0.000, T:70.5/72.7/6.5, d:0
05:04:50 exp:125.58/29.53/34, hash:125.05/29.61/ 99.7%, now:124.94/29.68/ 99.5%/ 99.8%/29, V:1254, P:3700-0.3%, L:0.00%/0.000, T:70.8/73.1/6.5, d:0
05:05:10 exp:125.58/29.53/34, hash:125.12/29.63/ 99.7%, now:125.42/29.58/ 99.9%/ 99.8%/31, V:1254, P:3705-0.1%, L:0.00%/0.000, T:71.0/73.7/7.5, d:0
05:05:30 exp:125.58/29.53/34, hash:125.16/29.65/ 99.7%, now:125.43/29.61/ 99.9%/ 99.7%/33, V:1254, P:3711+0.0%, L:0.00%/0.000, T:70.8/73.9/7.5, d:0
05:05:50 exp:125.58/29.53/34, hash:125.17/29.66/ 99.7%, now:125.06/29.72/ 99.6%/ 99.8%/29, V:1254, P:3700-0.3%, L:0.00%/0.000, T:70.5/73.0/7.5, d:0
05:06:10 exp:125.58/29.53/34, hash:125.17/29.66/ 99.7%, now:125.48/29.62/ 99.9%/ 99.8%/36, V:1254, P:3706-0.1%, L:0.00%/0.000, T:70.8/73.8/7.5, d:0
05:06:30 exp:125.58/29.53/34, hash:125.17/29.67/ 99.7%, now:125.42/29.65/ 99.9%/ 99.7%/38, V:1254, P:3712+0.1%, L:0.00%/0.000, T:70.4/74.0/8.0, d:0
05:06:50 exp:125.58/29.53/34, hash:125.17/29.69/ 99.7%, now:125.13/29.74/ 99.6%/ 99.8%/39, V:1254, P:3699-0.3%, L:0.00%/0.000, T:69.3/72.6/8.0, d:0
05:07:10 exp:125.58/29.53/34, hash:125.07/29.76/ 99.6%, now:124.19/29.94/ 98.9%/ 99.8%/29, V:1255, P:3692-0.5%, L:0.00%/0.000, T:69.3/72.3/8.0, d:1
05:07:30 exp:125.58/29.53/34, hash:125.13/29.74/ 99.6%, now:125.28/29.64/ 99.8%/ 99.8%/32, V:1255, P:3706-0.1%, L:0.00%/0.000, T:69.7/72.8/8.0, d:0
05:07:50 exp:125.58/29.53/34, hash:125.16/29.68/ 99.7%, now:125.54/29.55/100.0%/ 99.8%/33, V:1255, P:3699-0.3%, L:0.00%/0.000, T:69.4/72.2/7.5, d:0
