01-02 08:00:08 Miner Sorting(V226-1A), MAC:CC:04:1A:00:62:45, version:20220729.11.REL, PowerHw:RT0147, PowerSw:230224.230809, PowerSn:1436B2321600541 PCB0:BHM32X6F843721X43003 PCB1:BHM32X6F843721X43113 PCB2:BHM32X6F843721X44252
01-02 08:00:05 Miner M50VH80(V226-5D), MAC:CC:04:1A:00:62:45, version:20230324.10.REL, PowerHw:RT0147, PowerSw:230224.230809, PowerSn:1436B2321600541 PCB0:BHM32X6F843721X43003 PCB1:BHM32X6F843721X43113 PCB2:BHM32X6F843721X44252
01-02 08:00:05 Miner M50VH80(V226-5D), MAC:CC:04:1A:00:62:45, version:20230324.10.REL, PowerHw:RT0147, PowerSw:230224.230809, PowerSn:1436B2321600541 PCB0:BHM32X6F843721X43003 PCB1:BHM32X6F843721X43113 PCB2:BHM32X6F843721X44252
01-02 08:00:05 Miner M50VH80(V226-5D), MAC:CC:04:1A:00:62:45, version:20230324.10.REL, PowerHw:RT0147, PowerSw:230224.230809, PowerSn:1436B2321600541 PCB0:BHM32X6F843721X43003 PCB1:BHM32X6F843721X43113 PCB2:BHM32X6F843721X44252
12-20 21:57:27 7800,577,72,87|3038,151,29,32|9434,482,56,68|3090,3060|20,7,5%,124|1226,2328,227
01-02 08:00:05 Miner M50VH80(V226-5D), MAC:CC:04:1A:00:62:45, version:20230508.18.Rel, PowerHw:RT0147, PowerSw:230224.230809, PowerSn:1436B2321600541 PCB0:BHM32X6F843721X43003 PCB1:BHM32X6F843721X43113 PCB2:BHM32X6F843721X44252
12-20 22:16:03 6.8,608,72,88|7.8,453,56,66|8.4,567,63,77|3150,3120|21,7,12%,124|12.41,3192,228
12-20 22:26:53 5.4,634,71,89|16.8,465,51,61|6.0,555,58,72|3480,3360|19,7,9%,122|12.42,3228,226
12-20 22:37:36 43.4,639,71,89|26.4,440,48,57|33.6,502,52,64|3420,3420|17,6,4%,122|12.48,3104,227
01-02 08:00:05 Miner M50VH80(V226-5D), MAC:CC:04:1A:00:62:45, version:20230508.18.Rel, PowerHw:RT0147, PowerSw:230224.230809, PowerSn:1436B2321600541 PCB0:BHM32X6F843721X43003 PCB1:BHM32X6F843721X43113 PCB2:BHM32X6F843721X44252
12-20 22:49:25 6.4,608,71,88|8.7,392,49,58|7.9,540,60,74|3060,3090|20,7,12%,122|12.34,2984,226
12-20 23:00:13 9.0,610,71,88|8.2,564,64,77|8.6,582,65,80|3270,3360|21,8,30%,130|12.43,3476,226
12-20 23:11:02 6.8,623,72,89|12.3,411,47,56|6.5,544,59,72|3240,3240|16,5,7%,122|12.40,3072,226
12-20 23:21:50 9.7,624,71,89|7.0,217,31,36|8.7,598,59,75|3360,3420|18,6,4%,122|12.69,2936,226
12-20 23:32:47 0.0,0,24,0|0.0,0,11,0|0.0,0,16,0|7680,7680|15,4,2%,127|0.00,144,228
01-02 08:00:04 Miner M50VH80(V226-5D), MAC:CC:04:1A:00:62:45, version:20230818.15.Rel, PowerHw:RT0147, PowerSw:230224.230809, PowerSn:1436B2321600541 PCB0:BHM32X6F843721X43003 PCB1:BHM32X6F843721X43113 PCB2:BHM32X6F843721X44252
12-20 23:43:56 26.1,611,72,89|8.9,476,53,64|4.1,559,59,73|3570,3540|16,7,2%,120|1244,3236,226
01-02 08:00:04 Miner M50VH80(V226-5D), MAC:CC:04:1A:00:62:45, version:20230911.12.Rel, PowerHw:RT0147, PowerSw:230224.230809, PowerSn:1436B2321600541 PCB0:BHM32X6F843721X43003 PCB1:BHM32X6F843721X43113 PCB2:BHM32X6F843721X44252
12-20 23:58:29 28.0,609,71,88|7.6,452,55,65|9.7,549,59,73|3450,3570|7|21,12,121|1241,3156,226
12-21 00:08:33 29.8,616,72,89|16.1,476,51,62|7.6,591,62,77|3330,3300|6|19, 8,121|1248,3324,226
01-02 08:00:04 Miner M50VH80(V226-5D), MAC:CC:04:1A:00:62:45, version:20230911.12.Rel, PowerHw:RT0147, PowerSw:230224.230809, PowerSn:1436B2321600541 PCB0:BHM32X6F843721X43003 PCB1:BHM32X6F843721X43113 PCB2:BHM32X6F843721X44252
12-21 00:28:51 40.8,594,73,90|40.7,599,70,84|40.6,592,69,84|2970,3000|6|16, 2,128|1253,3604,228
12-21 00:38:54 7.2,474,42,57|6.4,474,38,53|7.3,474,38,53|0,0|6|18, 2,133|1297,2912,227
12-21 00:48:59 0.8,318,33,39|0.8,318,27,34|0.8,318,28,34|180,180|6|19,19,130|1297,1910,227
12-21 00:59:03 6.2,618,74,91|16.5,603,68,83|5.9,599,67,83|3210,3330|7|22, 2,125|1252,3668,228
01-02 08:00:04 Miner M50VH80(V226-5D), MAC:CC:04:1A:00:62:45, version:20230911.12.Rel, PowerHw:RT0147, PowerSw:230224.230809, PowerSn:1436B2321600541 PCB0:BHM32X6F843721X43003 PCB1:BHM32X6F843721X43113 PCB2:BHM32X6F843721X44252
12-21 01:18:20 0.0,0,54,0|0.0,0,45,0|0.0,0,44,0|7620,7710|5|18, 2,147|0,143,230
01-02 08:00:04 Miner M50VH80(V226-5D), MAC:CC:04:1A:00:62:45, version:20230911.12.Rel, PowerHw:RT0147, PowerSw:230224.230809, PowerSn:1436B2321600541 PCB0:BHM32X6F843721X43003 PCB1:BHM32X6F843721X43113 PCB2:BHM32X6F843721X44252
01-02 08:00:04 Miner M50VH80(V226-5D), MAC:CC:04:1A:00:62:45, version:20230911.12.Rel, PowerHw:RT0147, PowerSw:230224.230809, PowerSn:1436B2321600541 PCB0:BHM32X6F843721X43003 PCB1:BHM32X6F843721X43113 PCB2:BHM32X6F843721X44252
01-02 08:00:04 Miner M50VH80(V226-5D), MAC:CC:04:1A:00:62:45, version:20230911.12.Rel, PowerHw:RT0147, PowerSw:230224.230809, PowerSn:1436B2321600541 PCB0:BHM32X6F843721X43003 PCB1:BHM32X6F843721X43113 PCB2:BHM32X6F843721X44252
12-21 01:47:31 42.1,614,74,91|41.4,607,68,83|40.9,604,68,84|3360,3420|6|16, 6,127|1254,3692,228
12-21 01:57:35 42.3,614,74,91|41.2,607,67,81|41.1,604,66,81|3120,3090|6|17, 4,127|1257,3696,226
12-21 02:07:38 42.0,614,73,91|41.1,607,68,83|41.0,604,68,83|3210,3240|6|17,26,127|1255,3692,226
12-21 02:17:41 2.6,408,38,47|1.4,408,34,42|2.4,408,33,42|270,240|8|20, 2,134|1252,2320,226
12-21 02:27:45 42.2,613,74,91|41.3,609,68,83|41.3,606,68,84|3360,3360|6|16, 2,127|1256,3712,226
12-21 02:37:48 42.3,613,73,91|41.3,609,68,82|41.4,606,67,83|3180,3210|7|17, 6,126|1254,3692,227
12-21 02:47:52 41.8,613,73,91|41.2,609,69,83|41.5,606,69,84|3120,3090|7|18,12,125|1254,3700,227
12-21 02:57:56 8.3,528,46,65|7.0,528,44,62|7.3,528,44,62|750,780|8|19, 5,133|1252,3064,228
12-21 03:05:44 42.0,610,73,91|41.3,606,68,83|41.5,608,69,84|3120,3120|7|20,27,122|1254,3688,228
12-21 03:06:15 42.1,610,74,91|41.3,606,69,84|41.6,608,69,85|3300,3270|8|18, 4,124|1254,3700,228
12-21 03:16:18 42.1,610,73,91|41.1,606,69,83|41.7,608,70,85|3210,3150|7|17,11,124|1252,3684,227
12-21 03:26:21 41.9,610,74,91|41.2,606,69,84|41.5,608,69,85|3300,3300|7|17, 2,124|1253,3692,228
12-21 03:26:27 Miner M50VH80(V226-5D), MAC:CC:04:1A:00:62:45, version:20230911.12.Rel, PowerHw:RT0147, PowerSw:230224.230809, PowerSn:1436B2321600541 PCB0:BHM32X6F843721X43003 PCB1:BHM32X6F843721X43113 PCB2:BHM32X6F843721X44252
