↓↓↓↓↓---date:11-21 00:23:33----info:power name:P221B vender:1 hw:RT0147 sw:230224.230809 sn:1436B2321600541
22:34 1/1 273.1 1261/1260 15.9 226.2 3596 6176 12/24/34 0
22:35 1/1 273.0 1260/1260 15.9 226.2 3592 6176 12/24/34 0
22:36 1/1 272.9 1260/1260 15.9 226.2 3588 6176 12/24/34 0
22:37 1/1 272.6 1260/1260 15.9 226.2 3592 6176 12/24/34 0
22:38 1/1 272.9 1261/1260 16.0 226.2 3600 6160 12/24/34 0
22:39 1/1 273.3 1260/1259 16.0 226.2 3612 6176 12/24/34 0
22:40 1/1 274.4 1260/1258 16.0 226.2 3616 6160 12/24/34 0
22:41 1/1 274.7 1259/1258 16.0 226.2 3612 6176 12/24/34 0
22:42 1/1 274.6 1258/1257 16.0 226.2 3608 6176 12/24/34 0
22:43 1/1 274.5 1257/1256 16.0 226.2 3600 6176 12/24/34 0
22:44 1/1 274.1 1257/1256 15.9 226.2 3596 6176 12/24/34 0
22:45 1/1 273.9 1257/1256 15.9 226.2 3588 6176 12/24/34 0
22:46 1/1 273.3 1257/1256 15.9 226.2 3592 6176 12/24/34 0
22:47 1/1 273.7 1256/1256 16.0 226.0 3600 6160 12/24/34 0
22:48 1/1 274.4 1257/1256 16.0 226.0 3608 6176 12/24/34 0
22:49 1/1 274.9 1256/1255 16.0 226.0 3616 6176 12/24/34 0
22:50 1/1 275.7 1256/1254 16.0 226.2 3612 6160 12/24/34 0
22:51 1/1 275.4 1254/1253 16.0 226.2 3608 6176 12/24/34 0
22:52 1/1 275.5 1254/1253 16.0 226.2 3604 6176 12/24/34 0
22:53 1/1 275.2 1253/1252 16.0 226.2 3600 6160 12/24/34 0
22:54 1/1 275.2 1252/1251 15.9 226.2 3592 6176 12/24/34 0
22:55 1/1 274.7 1252/1251 15.9 226.2 3588 6176 12/24/34 0
22:56 1/1 274.3 1252/1251 15.9 226.2 3588 6176 12/24/34 0
22:57 1/1 274.3 1252/1251 15.9 226.5 3588 6176 12/24/34 0
22:58 1/1 274.3 1252/1251 16.0 226.5 3596 6160 12/24/35 0
22:59 1/1 274.9 1251/1251 16.0 226.5 3608 6176 12/24/35 0
23:00 1/1 276.1 1251/1251 16.0 226.5 3616 6176 12/25/35 0
23:01 1/1 276.7 1251/1250 16.0 226.5 3620 6176 12/25/35 0
23:02 1/1 277.0 1251/1250 16.0 226.5 3620 6160 12/25/35 0
23:03 1/1 277.0 1251/1250 16.0 226.5 3616 6176 12/25/35 0
23:04 1/1 276.7 1250/1250 16.0 226.5 3612 6176 12/25/35 0
23:05 1/1 276.6 1251/1250 16.0 226.5 3612 6176 12/25/35 0
23:06 1/1 276.4 1251/1250 16.0 226.5 3612 6160 12/25/35 0
23:07 1/1 276.4 1251/1250 16.0 226.5 3612 6176 12/25/35 0
23:08 1/1 276.4 1251/1250 16.0 226.5 3612 6176 12/25/35 0
23:09 1/1 276.4 1250/1250 16.0 226.5 3612 6160 12/25/35 0
23:10 1/1 276.6 1250/1250 16.0 226.5 3612 6176 12/25/35 0
23:11 1/1 276.6 1250/1250 16.0 226.2 3612 6176 12/25/35 0
23:12 1/1 276.6 1251/1250 16.0 226.2 3604 6176 12/25/35 0
23:13 1/1 275.8 1251/1250 16.0 226.2 3600 6160 12/25/35 0
23:14 1/1 275.5 1251/1250 16.0 226.2 3600 6176 12/25/35 0
23:15 1/1 275.5 1250/1250 16.0 226.2 3600 6176 12/25/35 0
23:16 1/1 275.7 1250/1250 16.0 226.2 3600 6160 12/25/35 0
23:17 1/1 275.7 1251/1250 16.0 226.2 3604 6176 12/25/35 0
23:18 1/1 275.8 1250/1250 16.0 226.2 3604 6176 12/25/35 0
23:19 1/1 276.0 1251/1250 16.0 226.2 3604 6176 12/25/35 0
23:20 1/1 275.8 1250/1250 16.0 226.2 3604 6160 12/25/35 0
23:21 1/1 276.0 1251/1250 16.0 226.2 3604 6176 12/25/35 0
23:22 1/1 275.8 1250/1250 16.0 226.2 3604 6176 12/25/35 0
23:23 1/1 276.0 1250/1250 16.0 226.5 3604 6160 12/25/35 0
23:24 1/1 276.0 1250/1250 16.0 226.2 3604 6176 12/25/35 0
23:25 1/1 276.0 1250/1250 16.0 226.5 3604 6176 12/25/35 0
23:26 1/1 276.0 1251/1250 16.0 226.5 3604 6176 12/25/35 0
23:27 1/1 275.8 1251/1250 16.0 226.5 3604 6176 12/25/35 0
23:28 1/1 275.7 1250/1250 16.0 226.5 3604 6160 12/25/35 0
23:29 1/1 276.0 1251/1250 16.0 226.5 3604 6176 12/25/35 0
23:30 1/1 275.7 1250/1250 16.0 226.5 3604 6176 12/25/36 0
23:31 1/1 275.9 1250/1250 16.0 226.5 3604 6176 12/25/36 0
23:32 1/1 276.0 1251/1250 16.0 226.5 3604 6176 12/25/36 0
23:33 1/1 275.7 1250/1250 16.0 226.5 3604 6176 12/25/36 0
↓↓↓↓↓---date:11-21 00:25:57----info:power name:P221B vender:1 hw:RT0147 sw:230224.230809 sn:1436B2321600541
24:58 1/1 275.9 1252/1252 16.0 226.8 3612 6160 12/26/38 0
24:59 1/1 276.2 1252/1252 16.0 226.8 3612 6176 12/26/38 0
25:00 1/1 276.2 1253/1252 16.0 226.8 3612 6176 12/26/38 0
25:01 1/1 275.8 1252/1252 16.0 226.8 3612 6176 12/26/38 0
25:02 1/1 276.0 1253/1252 16.0 226.8 3612 6160 12/26/38 0
25:03 1/1 275.8 1252/1252 16.0 226.8 3612 6176 12/26/38 0
25:04 1/1 276.0 1252/1252 16.0 226.8 3612 6176 12/26/38 0
25:05 1/1 276.0 1253/1252 16.0 226.8 3612 6160 12/26/38 0
25:06 1/1 275.8 1252/1252 16.0 226.8 3612 6176 12/26/38 0
25:07 1/1 276.0 1252/1252 16.0 226.5 3612 6176 12/26/38 0
25:08 1/1 276.0 1252/1252 16.0 226.5 3612 6160 12/26/38 0
25:09 1/1 276.0 1252/1252 16.0 226.5 3608 6176 12/26/38 0
25:10 1/1 275.7 1252/1252 16.0 226.5 3608 6176 12/26/38 0
25:11 1/1 275.7 1253/1252 16.0 226.8 3608 6176 12/26/38 0
25:12 1/1 275.5 1253/1252 16.0 226.8 3608 6160 12/26/38 0
25:13 1/1 275.5 1252/1252 16.0 226.8 3608 6176 12/26/38 0
25:14 1/1 275.7 1253/1252 16.0 226.8 3608 6176 12/26/38 0
25:15 1/1 275.5 1252/1252 16.0 226.8 3604 6176 12/26/38 0
25:16 1/1 275.4 1252/1252 16.0 226.8 3604 6176 12/26/38 0
25:17 1/1 275.5 1253/1252 15.9 226.8 3604 6160 12/26/38 0
25:18 1/1 275.3 1252/1252 15.9 226.8 3600 6176 12/26/38 0
25:19 1/1 275.2 1252/1252 15.9 226.8 3600 6176 12/26/38 0
25:20 1/1 275.2 1252/1252 15.9 227.0 3600 6176 12/26/38 0
25:21 1/1 275.2 1252/1252 15.9 227.0 3600 6160 12/26/38 0
25:22 1/1 275.3 1253/1252 15.9 227.0 3600 6176 12/26/38 0
25:23 1/1 275.1 1252/1252 15.9 227.0 3600 6176 12/26/38 0
25:24 1/1 275.4 1252/1252 15.9 227.0 3600 6176 12/26/38 0
25:25 1/1 275.2 1252/1252 15.9 227.0 3600 6176 12/26/38 0
25:26 1/1 275.2 1253/1252 15.9 227.0 3600 6176 12/26/38 0
25:27 1/1 275.0 1253/1252 15.9 227.0 3600 6176 12/26/38 0
25:28 1/1 275.0 1252/1252 15.9 227.0 3600 6160 12/26/38 0
25:29 1/1 275.2 1252/1252 15.9 227.0 3596 6176 12/26/38 0
25:30 1/1 275.0 1252/1252 15.9 227.0 3596 6176 12/26/38 0
25:31 1/1 274.9 1252/1252 15.9 227.0 3596 6176 12/26/38 0
25:32 1/1 275.0 1252/1252 15.9 227.0 3596 6160 12/26/38 0
25:33 1/1 275.1 1252/1252 15.9 227.0 3596 6176 12/26/38 0
25:34 1/1 275.1 1253/1252 15.9 227.0 3596 6176 12/26/38 0
25:35 1/1 274.9 1253/1252 15.9 227.0 3596 6176 12/26/38 0
25:36 1/1 274.9 1253/1252 15.9 227.0 3596 6160 12/26/38 0
25:37 1/1 274.9 1253/1252 15.9 227.0 3596 6176 12/26/38 0
25:38 1/1 274.9 1253/1252 15.9 227.0 3596 6176 12/26/38 0
25:39 1/1 274.7 1253/1252 15.9 227.0 3600 6176 12/26/39 0
25:40 1/1 275.0 1253/1252 15.9 227.0 3596 6160 12/26/39 0
25:41 1/1 274.7 1253/1252 15.9 227.0 3596 6176 12/26/39 0
25:42 1/1 274.7 1252/1252 15.9 227.0 3596 6176 12/26/39 0
25:43 1/1 275.1 1253/1252 15.9 227.0 3596 6176 12/26/39 0
25:44 1/1 274.9 1252/1252 15.9 227.0 3596 6176 12/26/39 0
25:45 1/1 275.1 1253/1252 15.9 227.0 3596 6160 12/26/39 0
25:46 1/1 274.9 1252/1252 15.9 227.0 3596 6176 12/26/39 0
25:47 1/1 275.1 1252/1252 15.9 227.0 3596 6176 12/26/39 0
25:48 1/1 275.1 1252/1250 15.9 227.0 3596 6160 12/26/39 0
25:49 1/1 275.1 1251/1250 15.9 227.0 3592 6176 12/26/39 0
25:50 1/1 275.0 1251/1250 15.9 227.0 3588 6176 12/26/39 0
25:51 1/1 274.7 1250/1250 15.9 227.0 3588 6176 12/26/39 0
25:52 1/1 274.9 1250/1250 15.9 227.0 3588 6176 12/26/39 0
25:53 1/1 274.9 1251/1250 15.9 227.0 3588 6176 12/26/39 0
25:54 1/1 274.7 1250/1250 15.9 227.0 3588 6176 12/26/39 0
25:55 1/1 274.9 1250/1250 15.9 227.0 3588 6160 12/26/39 0
25:56 1/1 274.9 1250/1250 15.9 227.0 3588 6176 12/26/39 0
25:57 1/1 274.9 1251/1250 15.9 227.0 3588 6176 12/26/39 0
↓↓↓↓↓---date:11-21 00:41:44----info:power name:P221B vender:1 hw:RT0147 sw:230224.230809 sn:1436B2321600541
40:45 1/1 273.5 1263/1262 16.0 226.5 3616 6176 14/26/38 0
40:46 1/1 274.1 1262/1262 16.0 226.2 3620 6176 14/26/38 0
40:47 1/1 274.6 1262/1261 16.0 226.5 3616 6176 14/26/38 0
40:48 1/1 274.3 1261/1260 16.0 226.2 3612 6160 14/26/38 0
40:49 1/1 274.2 1260/1259 16.0 226.2 3604 6176 14/26/38 0
40:50 1/1 273.8 1259/1259 15.9 226.8 3600 6176 14/26/38 0
40:51 1/1 273.8 1259/1258 15.9 226.8 3596 6176 14/26/38 0
40:52 1/1 273.5 1258/1258 15.9 226.8 3592 6160 13/26/39 0
40:53 1/1 273.4 1258/1258 15.9 226.8 3588 6176 14/26/39 0
40:54 1/1 273.0 1258/1258 15.9 226.8 3592 6176 13/26/39 0
40:55 1/1 273.4 1258/1258 16.0 226.8 3600 6160 13/26/39 0
40:56 1/1 274.0 1258/1257 16.0 226.8 3612 6176 13/26/39 0
40:57 1/1 275.0 1258/1256 16.0 226.8 3616 6176 13/26/39 0
40:58 1/1 275.1 1257/1256 16.0 226.8 3612 6176 13/26/39 0
40:59 1/1 275.1 1256/1255 15.9 226.8 3604 6176 13/26/39 0
41:00 1/1 274.7 1255/1254 15.9 226.8 3600 6160 13/26/39 0
41:01 1/1 274.7 1254/1253 15.9 226.8 3596 6176 13/26/39 0
41:02 1/1 274.7 1254/1253 15.9 226.8 3588 6176 13/26/39 0
41:03 1/1 273.9 1253/1253 15.9 226.8 3584 6176 13/26/39 0
41:04 1/1 273.9 1254/1253 15.9 226.8 3584 6176 13/26/39 0
41:05 1/1 273.7 1253/1253 15.9 226.8 3588 6160 13/26/39 0
41:06 1/1 274.2 1254/1253 15.9 226.8 3600 6176 13/26/39 0
41:07 1/1 274.8 1254/1253 16.0 226.8 3608 6176 13/26/39 0
41:08 1/1 275.6 1253/1252 16.0 226.8 3616 6176 13/26/39 0
41:09 1/1 276.4 1253/1252 16.0 226.8 3616 6176 13/26/39 0
41:10 1/1 276.4 1252/1251 16.0 226.5 3612 6160 13/26/39 0
41:11 1/1 276.3 1251/1250 16.0 226.5 3604 6160 13/26/39 0
41:12 1/1 275.9 1250/1249 15.9 226.8 3600 6176 13/26/39 0
41:13 1/1 275.8 1249/1249 15.9 226.5 3596 6176 13/26/39 0
41:14 1/1 273.0 1249/1249 15.9 226.5 3592 6176 13/26/39 0
41:15 1/1 273.5 1249/1249 15.9 226.5 3596 6176 13/26/39 0
41:16 1/1 275.8 1250/1249 16.0 226.5 3604 6176 13/26/39 0
41:17 1/1 276.1 1250/1249 16.0 226.8 3612 6160 13/26/39 0
41:18 1/1 276.8 1250/1248 16.0 226.5 3616 6176 13/26/39 0
41:19 1/1 277.1 1249/1248 16.0 226.5 3612 6176 13/26/39 0
41:20 1/1 274.5 1249/1248 16.0 226.5 3608 6176 13/26/39 0
41:21 1/1 274.5 1248/1248 16.0 226.5 3608 6176 13/26/39 0
41:22 1/1 276.9 1248/1248 16.0 226.5 3608 6160 13/26/39 0
41:23 1/1 274.5 1248/1248 15.9 226.8 3608 6176 13/26/39 0
41:24 1/1 274.0 1248/1248 15.9 226.5 3600 6176 13/26/39 0
41:25 1/1 276.1 1248/1248 15.9 226.5 3600 6176 13/26/39 0
41:26 1/1 276.1 1248/1248 15.9 226.5 3600 6160 13/26/39 0
41:27 1/1 276.1 1248/1248 16.0 226.5 3604 6176 13/26/39 0
41:28 1/1 276.4 1248/1248 15.9 226.8 3604 6176 13/26/39 0
41:29 1/1 276.4 1249/1248 15.9 226.8 3600 6176 13/26/39 0
41:30 1/1 275.9 1248/1248 15.9 226.8 3600 6160 13/26/39 0
41:31 1/1 276.1 1249/1248 15.9 226.8 3600 6176 13/26/39 0
41:32 1/1 275.9 1249/1248 15.9 226.8 3600 6176 13/26/39 0
41:33 1/1 275.9 1249/1248 15.9 226.8 3600 6160 13/26/40 0
41:34 1/1 275.9 1249/1248 15.9 226.8 3600 6176 13/26/40 0
41:35 1/1 275.9 1249/1248 15.9 226.8 3600 6176 13/26/40 0
41:36 1/1 275.9 1249/1248 15.9 226.8 3596 6176 13/26/40 0
41:37 1/1 275.6 1248/1248 15.9 226.8 3596 6160 13/26/40 0
41:38 1/1 275.8 1248/1248 15.9 226.8 3600 6176 13/26/40 0
41:39 1/1 276.1 1248/1248 15.9 226.8 3596 6176 13/26/40 0
41:40 1/1 275.8 1249/1248 15.9 226.8 3596 6176 13/26/40 0
41:41 1/1 275.6 1248/1248 15.9 226.8 3596 6160 13/26/40 0
41:42 1/1 275.8 1248/1248 15.9 226.8 3596 6176 13/27/40 0
41:43 1/1 275.8 1248/1248 15.9 226.8 3596 6176 13/27/40 0
41:44 1/1 275.8 1248/1248 15.9 226.8 3596 6176 13/27/40 0
↓↓↓↓↓---date:11-21 01:17:29----info:power name:P221B vender:1 hw:RT0147 sw:230224.230809 sn:1436B2321600541
16:30 1/1 279.1 1251/1250 16.0 228.5 3652 6176 11/26/41 0
16:31 1/1 279.5 1251/1250 16.0 228.8 3648 6176 11/26/41 0
16:32 1/1 279.1 1250/1250 16.0 228.8 3648 6160 11/26/41 0
16:33 1/1 279.4 1250/1250 16.0 228.5 3648 6176 11/26/41 0
16:34 1/1 279.4 1250/1250 16.0 228.8 3648 6176 11/26/41 0
16:35 1/1 279.4 1251/1250 16.0 228.5 3652 6176 11/26/41 0
16:36 1/1 279.5 1250/1250 16.0 228.5 3660 6176 11/26/41 0
16:37 1/1 280.3 1251/1250 16.0 228.8 3660 6176 11/26/41 0
16:38 1/1 280.1 1250/1250 16.0 228.5 3660 6176 11/26/41 0
16:39 1/1 280.4 1251/1250 16.0 228.5 3660 6176 11/26/41 0
16:40 1/1 280.1 1251/1250 16.1 228.5 3660 6160 11/26/41 0
16:41 1/1 280.1 1251/1250 16.1 228.5 3660 6176 11/26/41 0
16:42 1/1 280.1 1250/1250 16.0 228.8 3660 6160 11/26/41 0
16:43 1/1 280.3 1250/1250 16.0 228.8 3660 6176 11/26/41 0
16:44 1/1 280.3 1251/1250 16.1 228.8 3660 6176 11/26/41 0
16:45 1/1 280.1 1250/1250 16.0 228.8 3656 6176 11/26/41 0
16:46 1/1 280.0 1251/1250 16.0 228.8 3652 6176 11/26/41 0
16:47 1/1 279.5 1250/1250 16.0 228.5 3648 6176 11/26/41 0
16:48 1/1 279.4 1251/1250 16.0 228.5 3644 6176 11/26/41 0
16:49 1/1 278.8 1250/1250 16.0 228.5 3644 6176 11/26/41 0
16:50 1/1 279.1 1250/1250 16.0 228.5 3644 6160 11/26/41 0
16:51 1/1 279.1 1250/1250 16.0 228.5 3644 6176 11/26/41 0
16:52 1/1 279.1 1250/1250 16.0 228.5 3644 6176 11/26/41 0
16:53 1/1 279.1 1250/1250 16.0 228.5 3644 6160 11/26/41 0
16:54 1/1 279.1 1250/1250 16.0 228.5 3644 6176 11/26/41 0
16:55 1/1 279.1 1251/1250 16.0 228.5 3644 6176 11/26/41 0
16:56 1/1 278.8 1250/1250 16.0 228.5 3644 6176 11/26/41 0
16:57 1/1 279.1 1251/1250 16.0 228.5 3644 6160 11/26/41 0
16:58 1/1 278.8 1251/1250 16.0 228.5 3644 6192 11/26/41 0
16:59 1/1 278.8 1251/1250 16.0 228.5 3648 6160 11/26/41 0
17:00 1/1 279.1 1251/1250 16.0 228.5 3648 6176 11/26/41 0
17:01 1/1 279.1 1251/1250 16.0 228.5 3648 6160 11/26/41 0
17:02 1/1 279.1 1250/1250 16.0 228.2 3648 6176 11/26/41 0
17:03 1/1 279.3 1251/1250 16.0 228.5 3648 6176 11/26/41 0
17:04 1/1 279.1 1250/1250 16.0 228.5 3648 6176 11/26/41 0
17:05 1/1 279.3 1251/1250 16.0 228.5 3648 6176 11/26/41 0
17:06 1/1 279.1 1251/1250 16.0 228.5 3648 6176 11/26/41 0
17:07 1/1 279.1 1250/1250 16.0 228.5 3648 6176 11/26/41 0
17:08 1/1 279.2 1250/1250 16.0 228.5 3648 6160 11/26/41 0
17:09 1/1 279.2 1251/1250 16.0 228.5 3652 6176 11/26/41 0
17:10 1/1 279.4 1251/1250 16.1 228.2 3660 6176 11/26/41 0
17:11 1/1 279.9 1251/1250 16.1 228.5 3664 6176 11/26/41 0
17:12 1/1 280.2 1251/1250 16.1 228.5 3668 6176 11/26/41 0
17:13 1/1 280.5 1251/1250 16.1 228.5 3672 6176 11/26/41 0
17:14 1/1 280.7 1251/1250 16.1 228.5 3676 6160 11/26/41 0
17:15 1/1 281.0 1251/1250 16.2 228.5 3676 6176 11/26/41 0
17:16 1/1 281.1 1251/1250 16.2 228.5 3680 6176 11/26/41 0
17:17 1/1 281.3 1251/1250 16.2 228.5 3684 6176 11/26/41 0
17:18 1/1 281.6 1251/1250 16.2 228.5 3684 6176 11/26/41 0
17:19 1/1 281.7 1251/1250 16.1 228.5 3680 6160 11/26/41 0
17:20 1/1 281.3 1250/1250 16.1 228.5 3668 6192 11/26/41 0
17:21 1/1 280.6 1251/1250 16.1 228.5 3664 6160 11/26/41 0
17:22 1/1 280.1 1251/1250 16.1 228.5 3664 6176 11/26/41 0
17:23 1/1 280.1 1251/1250 16.1 228.8 3664 6176 11/26/41 0
17:24 1/1 280.1 1251/1250 16.1 228.5 3660 6160 11/26/41 0
17:25 1/1 279.7 1250/1250 16.1 228.5 3660 6176 11/26/41 0
17:26 1/1 280.0 1251/1250 16.1 228.5 3660 6176 11/26/41 0
17:27 1/1 279.8 1251/1250 16.1 228.5 3660 6176 11/26/41 0
17:28 1/1 279.7 1251/1250 16.1 228.5 3660 6176 11/26/41 0
17:29 1/1 279.7 1251/1250 16.1 228.5 3660 6176 11/26/41 0
↓↓↓↓↓---date:11-21 01:34:12----info:power name:P221B vender:1 hw:RT0147 sw:230224.230809 sn:1436B2321600541
33:13 1/1 281.1 1262/1261 16.3 227.8 3704 6176 13/25/35 0
33:14 1/1 281.1 1262/1261 16.2 228.0 3700 6160 13/25/35 0
33:15 1/1 280.7 1261/1260 16.2 227.8 3696 6176 13/25/35 0
33:16 1/1 280.7 1261/1260 16.2 227.8 3688 6176 13/25/36 0
33:17 1/1 280.0 1261/1260 16.2 227.8 3692 6176 13/25/36 0
33:18 1/1 280.3 1261/1260 16.3 227.8 3696 6176 13/25/36 0
33:19 1/1 280.6 1261/1260 16.3 227.8 3704 6160 13/25/36 0
33:20 1/1 281.2 1261/1259 16.3 227.8 3712 6176 13/25/36 0
33:21 1/1 281.8 1260/1258 16.3 227.8 3712 6176 13/25/36 0
33:22 1/1 282.0 1259/1258 16.3 227.8 3708 6176 13/25/36 0
33:23 1/1 281.9 1258/1257 16.3 227.8 3704 6176 13/25/36 0
33:24 1/1 281.9 1258/1256 16.2 227.8 3696 6160 13/25/36 0
33:25 1/1 281.3 1257/1256 16.2 227.8 3692 6176 13/25/36 0
33:26 1/1 281.2 1257/1256 16.2 227.8 3688 6160 13/25/36 0
33:27 1/1 281.0 1256/1256 16.2 227.8 3692 6176 13/25/36 0
33:28 1/1 281.6 1257/1256 16.3 227.8 3700 6176 13/25/36 0
33:29 1/1 281.9 1256/1256 16.3 227.8 3704 6176 13/25/36 0
33:30 1/1 282.5 1256/1255 16.3 227.8 3708 6160 13/25/36 0
33:31 1/1 282.8 1255/1254 16.3 227.8 3704 6176 13/25/36 0
33:32 1/1 282.7 1254/1254 16.2 227.8 3700 6176 13/25/36 0
33:33 1/1 282.6 1254/1254 16.3 227.8 3696 6176 13/25/36 0
33:34 1/1 282.3 1254/1254 16.3 227.8 3696 6176 13/25/36 0
33:35 1/1 282.3 1255/1254 16.3 227.8 3700 6176 13/26/36 0
33:36 1/1 282.4 1254/1254 16.3 227.8 3704 6176 13/26/36 0
33:37 1/1 282.9 1254/1254 16.3 227.8 3712 6176 13/26/36 0
33:38 1/1 283.5 1254/1254 16.3 227.8 3712 6160 13/26/36 0
33:39 1/1 283.5 1254/1254 16.3 227.8 3708 6176 13/26/36 0
33:40 1/1 283.2 1255/1254 16.3 227.8 3708 6176 13/26/36 0
33:41 1/1 283.0 1255/1254 16.3 227.8 3708 6176 13/26/36 0
33:42 1/1 283.0 1254/1254 16.3 227.8 3708 6176 13/26/36 0
33:43 1/1 283.2 1255/1254 16.3 227.8 3708 6160 13/26/36 0
33:44 1/1 283.0 1254/1254 16.3 227.8 3708 6176 13/26/36 0
33:45 1/1 283.1 1254/1254 16.3 227.5 3712 6176 13/26/36 0
33:46 1/1 283.4 1254/1254 16.3 227.5 3712 6160 13/26/37 0
33:47 1/1 283.4 1254/1254 16.3 227.8 3712 6176 13/26/37 0
33:48 1/1 283.4 1254/1254 16.3 227.5 3712 6176 13/26/37 0
33:49 1/1 283.4 1254/1254 16.3 227.5 3712 6176 13/26/37 0
33:50 1/1 283.4 1254/1254 16.3 227.5 3712 6176 13/26/37 0
33:51 1/1 283.4 1254/1254 16.3 227.5 3708 6160 13/26/37 0
33:52 1/1 283.1 1254/1254 16.3 227.5 3700 6176 13/26/37 0
33:53 1/1 282.5 1254/1254 16.3 227.5 3704 6160 13/26/37 0
33:54 1/1 282.8 1255/1254 16.3 227.5 3704 6176 13/26/37 0
33:55 1/1 282.5 1254/1254 16.3 227.5 3708 6176 13/26/37 0
33:56 1/1 283.0 1254/1254 16.3 227.5 3708 6176 13/26/37 0
33:57 1/1 282.9 1254/1254 16.3 227.5 3708 6160 13/26/37 0
33:58 1/1 283.0 1254/1254 16.3 227.5 3708 6176 13/26/37 0
33:59 1/1 283.0 1254/1254 16.3 227.5 3708 6176 13/26/37 0
34:00 1/1 283.0 1254/1254 16.3 227.5 3704 6176 13/26/37 0
34:01 1/1 282.7 1254/1254 16.3 227.5 3704 6160 13/26/37 0
34:02 1/1 282.7 1254/1254 16.3 227.5 3704 6176 13/26/37 0
34:03 1/1 282.7 1254/1254 16.3 227.5 3704 6176 13/26/37 0
34:04 1/1 282.7 1254/1254 16.3 227.5 3700 6160 13/26/37 0
34:05 1/1 282.3 1254/1254 16.3 227.5 3700 6176 13/26/37 0
34:06 1/1 282.3 1254/1254 16.3 227.5 3700 6176 13/26/37 0
34:07 1/1 282.3 1254/1254 16.3 227.5 3700 6176 12/26/37 0
34:08 1/1 282.3 1254/1254 16.3 227.5 3700 6160 12/26/37 0
34:09 1/1 282.3 1254/1254 16.3 227.5 3700 6176 12/26/37 0
34:10 1/1 282.3 1254/1254 16.3 227.5 3700 6176 12/26/37 0
34:11 1/1 282.3 1254/1254 16.3 227.5 3700 6176 12/26/37 0
34:12 1/1 282.3 1254/1254 16.3 227.5 3700 6160 12/26/37 0
↓↓↓↓↓---date:11-21 01:42:49----info:power name:P221B vender:1 hw:RT0147 sw:230224.230809 sn:1436B2321600541
41:50 1/1 282.7 1252/1252 16.3 227.8 3700 6176 13/26/37 0
41:51 1/1 282.9 1253/1252 16.3 227.8 3700 6176 13/26/37 0
41:52 1/1 282.7 1252/1252 16.3 227.8 3700 6176 13/26/37 0
41:53 1/1 282.9 1252/1252 16.3 227.8 3696 6160 13/26/37 0
41:54 1/1 282.6 1252/1252 16.3 227.8 3696 6176 13/26/37 0
41:55 1/1 282.6 1253/1252 16.3 227.8 3696 6176 13/26/38 0
41:56 1/1 282.4 1252/1252 16.3 227.8 3696 6176 13/26/38 0
41:57 1/1 282.6 1253/1252 16.3 227.8 3704 6160 13/26/38 0
41:58 1/1 283.0 1253/1252 16.3 227.8 3712 6176 13/26/38 0
41:59 1/1 283.6 1253/1252 16.3 227.8 3716 6176 13/26/38 0
42:00 1/1 283.9 1252/1252 16.3 227.8 3712 6160 13/26/38 0
42:01 1/1 283.8 1252/1252 16.3 227.8 3712 6176 13/26/38 0
42:02 1/1 283.8 1252/1252 16.3 228.0 3712 6160 13/26/38 0
42:03 1/1 283.8 1252/1252 16.3 227.8 3712 6176 13/26/38 0
42:04 1/1 283.8 1253/1252 16.3 227.8 3712 6176 13/26/38 0
42:05 1/1 283.6 1252/1252 16.3 227.8 3712 6176 13/26/38 0
42:06 1/1 283.8 1252/1252 16.3 228.0 3712 6176 13/26/38 0
42:07 1/1 283.8 1252/1252 16.3 227.8 3708 6176 13/26/38 0
42:08 1/1 283.5 1253/1252 16.3 228.0 3704 6160 13/26/38 0
42:09 1/1 283.0 1252/1252 16.3 228.0 3704 6176 13/26/38 0
42:10 1/1 283.2 1252/1252 16.2 228.0 3696 6176 13/26/38 0
42:11 1/1 282.6 1252/1252 16.2 228.0 3692 6160 13/26/38 0
42:12 1/1 282.3 1252/1252 16.2 228.0 3692 6176 13/26/38 0
42:13 1/1 282.3 1252/1252 16.2 228.0 3692 6176 13/26/38 0
42:14 1/1 282.3 1252/1252 16.2 228.0 3692 6176 13/26/38 0
42:15 1/1 282.2 1252/1252 16.2 228.0 3692 6176 13/26/38 0
42:16 1/1 282.2 1252/1252 16.2 228.0 3692 6160 13/26/38 0
42:17 1/1 282.2 1252/1252 16.2 228.0 3692 6176 13/26/38 0
42:18 1/1 282.3 1252/1252 16.2 228.0 3692 6176 12/26/38 0
42:19 1/1 282.3 1252/1252 16.2 228.0 3692 6176 12/26/38 0
42:20 1/1 282.2 1253/1252 16.2 228.0 3692 6176 13/26/38 0
42:21 1/1 282.1 1253/1252 16.2 227.8 3692 6160 13/26/38 0
42:22 1/1 282.1 1253/1252 16.2 227.8 3692 6176 13/26/38 0
42:23 1/1 282.1 1253/1252 16.2 227.8 3692 6176 12/26/38 0
42:24 1/1 282.1 1252/1252 16.2 228.0 3692 6176 12/26/38 0
42:25 1/1 282.3 1253/1252 16.2 228.0 3692 6176 12/26/38 0
42:26 1/1 282.1 1252/1252 16.2 228.0 3692 6160 12/26/38 0
42:27 1/1 282.2 1253/1252 16.2 228.0 3688 6176 12/26/38 0
42:28 1/1 281.8 1253/1252 16.2 228.0 3692 6176 12/26/38 0
42:29 1/1 282.0 1253/1252 16.2 228.0 3692 6176 13/26/38 0
42:30 1/1 282.0 1252/1252 16.2 228.0 3692 6160 12/26/38 0
42:31 1/1 282.3 1252/1252 16.2 228.0 3692 6176 13/26/38 0
42:32 1/1 282.3 1252/1252 16.2 228.0 3692 6176 12/26/38 0
42:33 1/1 282.3 1252/1252 16.2 228.0 3692 6160 13/26/39 0
42:34 1/1 282.3 1252/1252 16.2 228.0 3692 6176 12/26/39 0
42:35 1/1 282.3 1253/1252 16.2 228.0 3688 6176 12/26/39 0
42:36 1/1 281.8 1252/1252 16.2 227.8 3688 6176 13/26/39 0
42:37 1/1 282.0 1252/1252 16.2 228.0 3688 6176 12/26/39 0
42:38 1/1 282.0 1252/1252 16.2 228.0 3684 6160 13/27/39 0
42:39 1/1 281.7 1252/1252 16.2 228.0 3684 6192 13/27/39 0
42:40 1/1 281.7 1253/1252 16.2 228.0 3684 6160 12/27/39 0
42:41 1/1 281.5 1252/1252 16.2 227.8 3680 6176 13/27/39 0
42:42 1/1 281.4 1252/1252 16.2 227.8 3680 6176 12/27/39 0
42:43 1/1 281.4 1252/1252 16.2 227.8 3680 6176 12/27/39 0
42:44 1/1 281.4 1252/1252 16.2 227.8 3680 6160 12/27/39 0
42:45 1/1 281.4 1252/1252 16.2 227.8 3680 6176 12/27/39 0
42:46 1/1 281.4 1252/1252 16.2 228.0 3680 6176 12/27/39 0
42:47 1/1 281.4 1252/1252 16.2 227.8 3676 6176 12/27/39 0
42:48 1/1 281.1 1252/1252 16.2 227.8 3676 6160 12/27/39 0
42:49 1/1 281.1 1252/1252 16.2 228.0 3676 6176 12/27/39 0
↓↓↓↓↓---date:11-21 01:45:32----info:power name:P221B vender:1 hw:RT0147 sw:230224.230809 sn:1436B2321600541
44:33 1/1 281.2 1254/1254 16.2 227.5 3680 6176 12/27/41 0
44:34 1/1 280.9 1254/1254 16.2 227.5 3680 6176 12/27/41 0
44:35 1/1 280.9 1254/1254 16.2 227.5 3680 6176 12/27/41 0
44:36 1/1 280.9 1254/1254 16.2 227.5 3680 6160 12/27/41 0
44:37 1/1 280.9 1254/1254 16.2 227.2 3680 6176 12/27/41 0
44:38 1/1 280.9 1254/1254 16.2 227.2 3684 6176 12/27/41 0
44:39 1/1 281.2 1254/1254 16.2 227.5 3684 6176 12/27/41 0
44:40 1/1 281.2 1254/1254 16.2 227.5 3684 6160 12/27/41 0
44:41 1/1 281.2 1254/1254 16.2 227.5 3684 6176 12/27/41 0
44:42 1/1 281.2 1254/1254 16.2 227.5 3684 6176 12/27/41 0
44:43 1/1 281.2 1254/1254 16.2 227.5 3684 6160 12/27/41 0
44:44 1/1 281.2 1254/1254 16.2 227.2 3684 6176 12/27/41 0
44:45 1/1 281.2 1254/1254 16.2 227.5 3684 6176 12/27/41 0
44:46 1/1 281.2 1255/1254 16.2 227.5 3684 6176 12/27/41 0
44:47 1/1 281.0 1254/1254 16.2 227.5 3684 6176 12/27/41 0
44:48 1/1 281.2 1254/1254 16.2 227.5 3684 6176 12/27/41 0
44:49 1/1 281.2 1254/1254 16.2 227.2 3684 6160 12/27/41 0
44:50 1/1 281.2 1255/1254 16.2 227.5 3684 6176 12/27/41 0
44:51 1/1 281.0 1255/1254 16.2 227.5 3684 6176 12/27/41 0
44:52 1/1 281.0 1254/1254 16.2 227.5 3684 6176 12/27/41 0
44:53 1/1 281.2 1254/1254 16.2 227.5 3684 6160 12/27/41 0
44:54 1/1 281.2 1254/1254 16.2 227.5 3684 6176 12/27/41 0
44:55 1/1 281.2 1254/1254 16.2 227.5 3684 6176 12/27/41 0
44:56 1/1 281.2 1254/1254 16.2 227.5 3684 6176 12/27/41 0
44:57 1/1 281.2 1254/1254 16.2 227.5 3684 6176 12/27/41 0
44:58 1/1 281.2 1254/1254 16.2 227.5 3684 6160 12/27/41 0
44:59 1/1 281.2 1254/1254 16.2 227.5 3684 6176 12/27/41 0
45:00 1/1 281.2 1254/1254 16.2 227.5 3684 6176 12/27/41 0
45:01 1/1 281.2 1254/1254 16.2 227.2 3684 6160 12/27/41 0
45:02 1/1 281.2 1254/1254 16.2 227.2 3684 6176 12/27/41 0
45:03 1/1 281.2 1254/1254 16.2 227.2 3684 6176 12/27/41 0
45:04 1/1 281.2 1254/1254 16.2 227.5 3684 6176 12/27/41 0
45:05 1/1 281.2 1254/1254 16.2 227.2 3684 6160 12/27/41 0
45:06 1/1 281.2 1254/1254 16.2 227.2 3688 6176 12/27/41 0
45:07 1/1 281.5 1254/1254 16.2 227.5 3688 6176 12/27/41 0
45:08 1/1 281.5 1254/1254 16.2 227.2 3688 6176 12/27/41 0
45:09 1/1 281.5 1254/1254 16.2 227.2 3688 6176 12/27/41 0
45:10 1/1 281.5 1254/1254 16.2 227.2 3688 6160 12/27/41 0
45:11 1/1 281.5 1254/1254 16.2 227.2 3688 6176 12/27/41 0
45:12 1/1 281.5 1254/1254 16.2 227.2 3688 6176 12/27/41 0
45:13 1/1 281.5 1254/1254 16.2 227.2 3688 6176 12/27/41 0
45:14 1/1 281.5 1254/1254 16.2 227.2 3688 6160 12/27/41 0
45:15 1/1 281.5 1254/1254 16.2 227.2 3688 6176 12/27/41 0
45:16 1/1 281.5 1254/1254 16.2 227.2 3688 6176 12/27/41 0
45:17 1/1 281.5 1254/1254 16.2 227.2 3688 6176 12/28/41 0
45:18 1/1 281.5 1254/1254 16.3 227.2 3688 6160 12/28/41 0
45:19 1/1 281.5 1254/1254 16.3 227.2 3688 6176 12/28/41 0
45:20 1/1 281.5 1254/1254 16.3 227.2 3692 6176 12/28/41 0
45:21 1/1 281.8 1254/1254 16.3 227.2 3692 6160 12/28/41 0
45:22 1/1 281.8 1254/1254 16.3 227.2 3692 6176 12/28/41 0
45:23 1/1 281.8 1254/1254 16.3 227.2 3692 6176 12/28/41 0
45:24 1/1 281.8 1254/1252 16.3 227.2 3692 6176 12/28/41 0
45:25 1/1 281.8 1253/1252 16.2 227.2 3684 6160 12/28/41 0
45:26 1/1 281.5 1252/1252 16.2 227.0 3680 6176 12/28/41 0
45:27 1/1 281.4 1253/1252 16.2 227.2 3680 6176 12/27/41 0
45:28 1/1 281.1 1253/1252 16.2 227.2 3680 6176 12/28/41 0
45:29 1/1 281.1 1253/1252 16.2 227.2 3680 6160 12/28/42 0
45:30 1/1 281.1 1252/1252 16.2 227.2 3680 6176 12/28/42 0
45:31 1/1 281.4 1253/1252 16.2 227.2 3680 6176 12/28/42 0
45:32 1/1 281.1 1253/1252 16.2 227.2 3680 6176 12/28/42 0
↓↓↓↓↓---date:11-21 02:12:59----info:power name:P221B vender:1 hw:RT0147 sw:230224.230809 sn:1436B2321600541
12:00 1/1 281.7 1254/1253 16.3 226.8 3692 6176 12/28/46 0
12:01 1/1 281.8 1253/1253 16.3 226.8 3692 6160 12/28/46 0
12:02 1/1 281.9 1254/1253 16.3 226.8 3692 6176 12/28/46 0
12:03 1/1 281.8 1254/1253 16.3 226.8 3692 6176 12/28/46 0
12:04 1/1 281.8 1254/1253 16.3 226.8 3692 6176 12/28/46 0
12:05 1/1 281.7 1253/1253 16.3 226.8 3692 6176 12/28/46 0
12:06 1/1 282.0 1254/1253 16.3 226.8 3692 6176 12/28/46 0
12:07 1/1 281.8 1253/1253 16.3 226.8 3688 6176 12/28/46 0
12:08 1/1 281.7 1253/1253 16.3 226.8 3688 6160 12/28/46 0
12:09 1/1 281.7 1253/1253 16.3 226.5 3688 6160 12/28/46 0
12:10 1/1 281.6 1253/1253 16.3 226.5 3688 6176 12/28/46 0
12:11 1/1 281.7 1253/1253 16.3 226.8 3688 6176 12/28/46 0
12:12 1/1 281.6 1253/1253 16.3 226.8 3688 6160 12/28/46 0
12:13 1/1 281.8 1253/1253 16.3 226.8 3688 6176 12/28/46 0
12:14 1/1 281.7 1253/1253 16.3 226.8 3688 6176 12/28/46 0
12:15 1/1 281.6 1253/1253 16.3 226.5 3688 6176 12/28/46 0
12:16 1/1 281.8 1253/1253 16.3 226.5 3688 6160 12/28/46 0
12:17 1/1 281.7 1254/1253 16.3 226.2 3684 6176 12/28/46 0
12:18 1/1 281.2 1253/1253 16.3 226.2 3684 6176 12/28/46 0
12:19 1/1 281.5 1253/1253 16.3 226.2 3684 6176 12/28/46 0
12:20 1/1 281.5 1253/1253 16.3 226.2 3684 6160 12/28/46 0
12:21 1/1 281.5 1254/1253 16.3 226.2 3684 6176 12/28/46 0
12:22 1/1 281.3 1253/1253 16.3 226.2 3684 6176 12/28/46 0
12:23 1/1 281.5 1253/1253 16.3 226.2 3684 6176 12/28/46 0
12:24 1/1 281.5 1253/1253 16.3 226.2 3684 6176 12/28/46 0
12:25 1/1 281.5 1254/1253 16.3 226.2 3684 6160 12/28/46 0
12:26 1/1 281.2 1253/1253 16.3 226.2 3684 6176 12/28/46 0
12:27 1/1 281.5 1254/1253 16.3 226.2 3684 6176 12/28/46 0
12:28 1/1 281.2 1254/1253 16.3 226.2 3684 6160 12/28/46 0
12:29 1/1 281.2 1253/1253 16.3 226.2 3684 6176 12/28/46 0
12:30 1/1 281.5 1253/1253 16.3 226.2 3684 6176 12/28/46 0
12:31 1/1 281.5 1253/1253 16.3 226.2 3680 6160 12/28/46 0
12:32 1/1 281.1 1253/1253 16.3 226.2 3684 6176 12/28/46 0
12:33 1/1 281.5 1254/1253 16.3 226.2 3684 6176 12/28/46 0
12:34 1/1 281.3 1254/1253 16.3 226.2 3684 6160 12/28/46 0
12:35 1/1 281.3 1254/1253 16.3 226.2 3684 6176 12/28/46 0
12:36 1/1 281.3 1253/1253 16.3 226.2 3684 6176 12/28/46 0
12:37 1/1 281.5 1253/1253 16.3 226.2 3684 6176 12/28/46 0
12:38 1/1 281.5 1254/1253 16.3 226.2 3684 6176 12/28/46 0
12:39 1/1 281.3 1254/1253 16.3 226.2 3684 6160 12/28/46 0
12:40 1/1 281.3 1254/1253 16.3 226.2 3684 6176 12/28/46 0
12:41 1/1 281.2 1254/1253 16.3 226.2 3684 6176 12/28/46 0
12:42 1/1 281.2 1253/1253 16.3 226.2 3684 6160 12/28/46 0
12:43 1/1 281.5 1253/1253 16.3 226.0 3684 6176 12/28/46 0
12:44 1/1 281.5 1254/1253 16.3 226.0 3684 6176 12/28/46 0
12:45 1/1 281.2 1253/1253 16.3 225.8 3684 6160 12/28/46 0
12:46 1/1 281.5 1253/1253 16.3 225.8 3684 6176 12/28/46 0
12:47 1/1 281.5 1253/1253 16.3 226.0 3684 6176 12/28/46 0
12:48 1/1 281.5 1253/1253 16.3 226.0 3684 6176 12/28/46 0
12:49 1/1 281.5 1254/1253 16.4 226.0 3688 6160 12/28/46 0
12:50 1/1 281.5 1253/1253 16.4 226.0 3688 6160 12/28/46 0
12:51 1/1 281.8 1253/1253 16.4 226.0 3688 6176 12/28/46 0
12:52 1/1 281.8 1254/1253 16.3 226.0 3688 6176 12/28/46 0
12:53 0/1   0.0    0/1253 16.2 226.0 3684 6176 12/28/46 0
12:54 0/1   0.0    0/1253  2.1 228.0 2112 6160 12/27/46 0
12:55 0/1   0.0    0/1253  0.7 228.2   65 6160 12/27/46 0
12:56 0/1   0.0    0/1253  0.7 228.2    8 6176 12/26/46 0
12:57 0/1   0.0    0/1253  0.7 228.2   23 6176 12/26/46 0
12:58 0/1   0.0    0/1253  0.7 228.2   22 6160 12/26/46 0
12:59 0/1   0.0    0/1253  0.7 228.2   18 6176 12/25/46 0
↓↓↓↓↓---date:11-21 02:21:12----info:power name:P221B vender:1 hw:RT0147 sw:230224.230809 sn:1436B2321600541
20:13 1/1 283.5 1252/1252 16.4 226.2 3708 6176 14/25/36 0
20:14 1/1 283.5 1252/1252 16.4 226.2 3708 6176 14/25/36 0
20:15 1/1 283.5 1252/1252 16.4 226.2 3708 6176 13/25/36 0
20:16 1/1 283.5 1252/1252 16.4 226.2 3708 6176 13/25/36 0
20:17 1/1 283.5 1252/1252 16.4 226.2 3708 6160 13/25/36 0
20:18 1/1 283.5 1252/1252 16.4 226.2 3704 6176 13/25/36 0
20:19 1/1 283.2 1253/1252 16.4 226.2 3704 6176 13/25/36 0
20:20 1/1 283.1 1253/1252 16.4 226.2 3704 6176 13/25/36 0
20:21 1/1 283.1 1252/1252 16.4 226.2 3704 6176 13/25/36 0
20:22 1/1 283.4 1252/1252 16.4 226.2 3704 6160 13/25/36 0
20:23 1/1 283.4 1252/1252 16.4 226.2 3704 6176 13/25/36 0
20:24 1/1 283.4 1252/1252 16.4 226.5 3704 6176 13/25/36 0
20:25 1/1 283.4 1252/1252 16.4 226.2 3704 6176 13/25/36 0
20:26 1/1 283.4 1253/1252 16.4 226.2 3704 6176 13/25/36 0
20:27 1/1 283.1 1252/1252 16.4 226.2 3704 6160 13/25/36 0
20:28 1/1 283.3 1253/1252 16.4 226.5 3704 6176 13/25/36 0
20:29 1/1 283.1 1253/1252 16.4 226.5 3704 6176 13/25/36 0
20:30 1/1 283.1 1253/1252 16.4 226.5 3704 6176 13/25/36 0
20:31 1/1 283.1 1253/1252 16.4 226.2 3704 6176 13/25/36 0
20:32 1/1 283.1 1252/1252 16.4 226.2 3704 6176 13/25/36 0
20:33 1/1 283.4 1252/1252 16.4 226.5 3704 6176 13/25/36 0
20:34 1/1 283.4 1252/1252 16.4 226.5 3704 6176 13/25/37 0
20:35 1/1 283.4 1252/1252 16.3 226.2 3700 6160 13/25/37 0
20:36 1/1 283.1 1252/1252 16.3 226.2 3692 6176 13/25/37 0
20:37 1/1 282.3 1253/1252 16.4 226.2 3696 6176 13/25/37 0
20:38 1/1 282.4 1253/1252 16.4 226.2 3696 6160 13/25/37 0
20:39 1/1 282.4 1252/1252 16.3 226.2 3692 6176 13/25/37 0
20:40 1/1 282.3 1252/1252 16.3 226.2 3692 6176 13/25/37 0
20:41 1/1 282.3 1252/1252 16.4 226.2 3692 6176 13/25/37 0
20:42 1/1 282.3 1253/1252 16.3 226.5 3696 6160 13/25/37 0
20:43 1/1 282.4 1253/1252 16.4 226.2 3696 6176 13/25/37 0
20:44 1/1 282.4 1252/1252 16.3 226.2 3696 6176 13/25/37 0
20:45 1/1 282.6 1252/1252 16.3 226.5 3696 6176 13/25/37 0
20:46 1/1 282.6 1252/1252 16.3 226.5 3696 6160 13/25/37 0
20:47 1/1 282.6 1253/1252 16.3 226.5 3696 6176 13/25/37 0
20:48 1/1 282.4 1253/1252 16.4 226.2 3696 6176 13/25/37 0
20:49 1/1 282.4 1252/1252 16.4 226.2 3696 6176 13/25/37 0
20:50 1/1 282.6 1253/1252 16.4 226.2 3696 6160 13/25/37 0
20:51 1/1 282.4 1253/1252 16.4 226.2 3696 6176 13/25/37 0
20:52 1/1 282.4 1253/1252 16.4 226.2 3696 6176 13/25/37 0
20:53 1/1 282.4 1253/1252 16.4 226.2 3696 6176 13/25/37 0
20:54 1/1 282.4 1252/1252 16.4 226.2 3696 6176 13/25/37 0
20:55 1/1 282.6 1253/1252 16.4 226.2 3696 6160 13/25/37 0
20:56 1/1 282.4 1253/1252 16.4 226.0 3696 6176 13/26/37 0
20:57 1/1 282.4 1253/1252 16.4 226.0 3700 6176 13/26/37 0
20:58 1/1 282.7 1252/1252 16.4 226.0 3700 6176 13/26/37 0
20:59 1/1 282.9 1253/1252 16.4 226.0 3700 6176 13/26/37 0
21:00 1/1 282.7 1252/1252 16.4 226.0 3700 6160 13/26/37 0
21:01 1/1 282.9 1252/1252 16.4 226.0 3696 6176 13/26/37 0
21:02 1/1 282.6 1252/1252 16.4 226.0 3696 6176 13/26/37 0
21:03 1/1 282.6 1252/1252 16.4 225.8 3696 6160 13/26/37 0
21:04 1/1 282.6 1252/1252 16.4 225.8 3696 6176 13/26/37 0
21:05 1/1 282.6 1252/1252 16.4 225.8 3696 6176 13/26/37 0
21:06 1/1 282.6 1252/1252 16.4 225.8 3696 6176 13/26/38 0
21:07 1/1 282.6 1252/1252 16.4 225.5 3696 6176 13/26/38 0
21:08 1/1 282.6 1253/1252 16.4 225.5 3696 6160 13/26/38 0
21:09 1/1 282.4 1253/1252 16.4 225.5 3696 6176 13/26/38 0
21:10 1/1 282.4 1252/1252 16.4 225.8 3696 6176 13/26/38 0
21:11 1/1 282.6 1252/1252 16.4 225.8 3696 6176 13/26/38 0
21:12 1/1 282.6 1252/1252 16.4 225.8 3696 6160 13/26/38 0
↓↓↓↓↓---date:11-21 02:23:56----info:power name:P221B vender:1 hw:RT0147 sw:230224.230809 sn:1436B2321600541
22:57 1/1 282.8 1254/1254 16.5 225.2 3704 6160 13/27/40 0
22:58 1/1 282.6 1254/1254 16.5 225.2 3704 6176 13/27/40 0
22:59 1/1 282.7 1254/1254 16.5 225.2 3704 6176 13/27/40 0
23:00 1/1 282.7 1254/1254 16.5 225.2 3704 6176 12/27/40 0
23:01 1/1 282.7 1254/1254 16.5 225.2 3700 6160 12/27/40 0
23:02 1/1 282.3 1255/1254 16.5 225.2 3700 6176 12/27/40 0
23:03 1/1 282.2 1254/1254 16.5 225.2 3700 6176 12/27/40 0
23:04 1/1 282.4 1254/1254 16.5 225.2 3700 6176 12/27/40 0
23:05 1/1 282.4 1255/1254 16.5 225.2 3700 6176 12/27/40 0
23:06 1/1 282.1 1254/1254 16.5 225.2 3700 6176 13/27/40 0
23:07 1/1 282.3 1255/1254 16.5 225.2 3700 6160 13/27/40 0
23:08 1/1 282.1 1255/1254 16.5 225.2 3700 6176 12/27/40 0
23:09 1/1 282.1 1255/1254 16.5 225.2 3700 6176 13/27/40 0
23:10 1/1 282.1 1255/1254 16.5 225.2 3700 6176 13/27/40 0
23:11 1/1 282.1 1255/1254 16.4 225.5 3700 6176 13/27/40 0
23:12 1/1 282.1 1254/1254 16.5 225.2 3700 6176 13/27/40 0
23:13 1/1 282.2 1254/1254 16.5 225.2 3700 6176 13/27/41 0
23:14 1/1 282.1 1254/1254 16.5 225.2 3704 6176 13/27/41 0
23:15 1/1 282.4 1254/1254 16.5 225.2 3704 6176 13/27/41 0
23:16 1/1 282.4 1254/1254 16.5 225.2 3704 6160 13/27/41 0
23:17 1/1 282.4 1254/1254 16.5 225.2 3704 6176 13/27/41 0
23:18 1/1 282.4 1254/1254 16.5 225.2 3700 6176 13/27/41 0
23:19 1/1 282.1 1254/1254 16.5 225.2 3704 6176 13/27/41 0
23:20 1/1 282.4 1254/1254 16.5 225.2 3704 6176 13/27/41 0
23:21 1/1 282.4 1254/1254 16.5 225.5 3700 6160 13/27/41 0
23:22 1/1 282.1 1254/1254 16.5 225.5 3700 6176 13/27/41 0
23:23 1/1 282.1 1254/1254 16.5 225.2 3700 6176 13/27/41 0
23:24 1/1 282.1 1254/1254 16.5 225.2 3700 6176 13/27/41 0
23:25 1/1 282.1 1254/1254 16.4 225.5 3700 6176 13/27/41 0
23:26 1/1 282.1 1254/1254 16.4 225.5 3700 6176 13/27/41 0
23:27 1/1 282.1 1254/1254 16.4 225.5 3700 6160 13/27/41 0
23:28 1/1 282.1 1254/1254 16.4 225.5 3700 6176 13/27/41 0
23:29 1/1 282.1 1255/1254 16.4 225.5 3700 6176 13/27/41 0
23:30 1/1 281.9 1254/1254 16.5 225.5 3700 6176 13/27/41 0
23:31 1/1 282.1 1254/1254 16.5 225.2 3700 6176 13/27/41 0
23:32 1/1 282.1 1254/1254 16.5 225.5 3704 6160 13/27/41 0
23:33 1/1 282.4 1254/1254 16.5 225.5 3704 6176 13/27/41 0
23:34 1/1 282.4 1254/1254 16.5 225.2 3704 6176 13/27/41 0
23:35 1/1 282.4 1254/1254 16.5 225.2 3704 6176 13/27/41 0
23:36 1/1 282.4 1254/1254 16.5 225.2 3704 6160 13/27/41 0
23:37 1/1 282.4 1254/1254 16.5 225.2 3704 6192 13/27/41 0
23:38 1/1 282.4 1254/1254 16.5 225.2 3704 6160 13/27/41 0
23:39 1/1 282.4 1254/1254 16.5 225.2 3704 6176 13/27/41 0
23:40 1/1 282.4 1254/1254 16.5 225.2 3704 6176 13/27/41 0
23:41 1/1 282.4 1254/1254 16.5 225.2 3704 6176 13/27/41 0
23:42 1/1 282.4 1254/1254 16.5 225.2 3704 6160 13/27/41 0
23:43 1/1 282.4 1254/1254 16.5 225.5 3704 6176 13/27/41 0
23:44 1/1 282.4 1254/1254 16.5 225.5 3704 6160 13/27/41 0
23:45 1/1 282.3 1254/1254 16.5 225.5 3704 6176 13/27/41 0
23:46 1/1 282.3 1254/1254 16.5 225.5 3704 6176 13/27/41 0
23:47 1/1 282.3 1254/1252 16.5 225.8 3704 6176 13/27/41 0
23:48 1/1 282.3 1252/1252 16.4 225.8 3700 6176 13/27/41 0
23:49 1/1 282.4 1252/1252 16.4 225.5 3692 6160 13/27/41 0
23:50 1/1 281.8 1252/1252 16.4 225.5 3692 6176 13/27/41 0
23:51 1/1 281.8 1253/1252 16.4 225.5 3692 6176 13/27/41 0
23:52 1/1 281.6 1252/1252 16.4 225.8 3692 6176 13/27/41 0
23:53 1/1 281.8 1252/1252 16.4 225.8 3692 6176 13/27/41 0
23:54 1/1 281.8 1253/1252 16.4 225.5 3692 6176 13/27/41 0
23:55 1/1 281.6 1253/1252 16.4 225.8 3692 6176 13/27/41 0
23:56 1/1 281.6 1253/1252 16.4 225.5 3692 6160 13/27/41 0
↓↓↓↓↓---date:11-21 02:52:17----info:power name:P221B vender:1 hw:RT0147 sw:230224.230809 sn:1436B2321600541
51:18 1/1 282.3 1254/1254 16.3 227.0 3696 6176 13/28/46 0
51:19 1/1 282.3 1254/1254 16.3 227.0 3696 6176 12/28/46 0
51:20 1/1 282.3 1254/1254 16.3 227.0 3696 6160 13/28/46 0
51:21 1/1 282.3 1254/1254 16.3 227.0 3696 6176 12/28/46 0
51:22 1/1 282.3 1254/1254 16.3 227.0 3700 6160 12/28/46 0
51:23 1/1 282.6 1254/1254 16.3 227.2 3700 6176 13/28/46 0
51:24 1/1 282.6 1254/1254 16.3 227.2 3700 6176 12/28/46 0
51:25 1/1 282.6 1255/1254 16.3 227.0 3700 6176 12/28/46 0
51:26 1/1 282.4 1254/1254 16.3 227.0 3700 6176 12/28/46 0
51:27 1/1 282.6 1254/1254 16.3 227.0 3700 6160 13/28/46 0
51:28 1/1 282.6 1254/1254 16.3 227.0 3700 6176 13/28/46 0
51:29 1/1 282.6 1254/1254 16.3 227.0 3700 6176 13/28/46 0
51:30 1/1 282.5 1254/1254 16.3 227.0 3700 6160 13/28/46 0
51:31 1/1 282.5 1254/1254 16.3 226.8 3704 6176 12/28/46 0
51:32 1/1 282.8 1254/1254 16.4 226.8 3704 6176 13/28/46 0
51:33 1/1 282.8 1254/1254 16.3 226.8 3704 6176 13/28/46 0
51:34 1/1 282.8 1254/1254 16.4 226.8 3700 6160 13/28/46 0
51:35 1/1 282.5 1254/1254 16.4 226.8 3700 6176 12/28/46 0
51:36 1/1 282.5 1254/1254 16.4 226.8 3704 6176 13/28/46 0
51:37 1/1 282.8 1254/1254 16.4 226.8 3704 6160 12/28/46 0
51:38 1/1 282.8 1254/1254 16.3 226.8 3700 6176 12/28/46 0
51:39 1/1 282.5 1254/1254 16.3 226.8 3700 6176 12/28/46 0
51:40 1/1 282.5 1254/1254 16.3 226.8 3700 6176 12/28/46 0
51:41 1/1 282.5 1254/1254 16.3 226.8 3700 6160 12/28/46 0
51:42 1/1 282.5 1254/1254 16.4 226.8 3700 6176 12/28/46 0
51:43 1/1 282.5 1255/1254 16.4 226.8 3700 6176 12/28/46 0
51:44 1/1 282.2 1254/1254 16.4 226.5 3700 6160 12/28/46 0
51:45 1/1 282.5 1254/1254 16.4 226.5 3700 6176 12/28/46 0
51:46 1/1 282.5 1254/1254 16.4 226.8 3700 6176 12/28/46 0
51:47 1/1 282.5 1254/1255 16.3 226.8 3700 6176 12/28/46 0
51:48 1/1 282.5 1256/1255 16.4 226.5 3704 6160 12/28/46 0
51:49 1/1 282.3 1255/1255 16.4 226.5 3704 6176 12/28/46 0
51:50 1/1 282.5 1255/1255 16.4 226.5 3704 6176 12/28/46 0
51:51 1/1 282.5 1255/1255 16.4 226.5 3704 6176 12/28/46 0
51:52 1/1 282.5 1255/1255 16.4 226.5 3704 6160 12/28/46 0
51:53 1/1 282.5 1256/1255 16.4 226.5 3704 6176 12/28/46 0
51:54 1/1 282.3 1255/1255 16.4 226.5 3704 6176 12/28/46 0
51:55 1/1 282.5 1256/1255 16.4 226.5 3704 6176 12/28/46 0
51:56 1/1 282.3 1256/1255 16.4 226.5 3704 6160 12/28/46 0
51:57 1/1 282.3 1255/1255 16.4 226.5 3704 6176 12/28/46 0
51:58 1/1 282.5 1256/1255 16.4 226.5 3704 6176 12/28/46 0
51:59 1/1 282.3 1256/1255 16.4 226.5 3704 6176 12/28/46 0
52:00 1/1 282.3 1256/1255 16.4 226.5 3704 6160 12/28/46 0
52:01 1/1 282.3 1256/1255 16.4 226.5 3704 6176 12/28/46 0
52:02 1/1 282.3 1256/1255 16.4 226.8 3704 6176 12/28/46 0
52:03 1/1 282.3 1256/1255 16.4 226.5 3704 6176 12/28/46 0
52:04 1/1 282.3 1256/1255 16.4 226.8 3704 6160 12/28/46 0
52:05 1/1 282.3 1256/1255 16.4 226.8 3704 6176 12/28/46 0
52:06 1/1 282.3 1256/1255 16.4 226.8 3704 6176 12/28/46 0
52:07 1/1 282.3 1256/1255 16.4 226.8 3704 6176 12/28/46 0
52:08 1/1 282.3 1256/1255 16.4 226.8 3704 6160 12/28/46 0
52:09 1/1 282.3 1255/1255 16.4 226.8 3704 6176 12/28/46 0
52:10 1/1 282.5 1256/1255 16.3 227.0 3704 6176 12/28/46 0
52:11 1/1 282.3 1255/1255 16.3 227.0 3704 6176 12/28/46 0
52:12 0/1   0.0    0/1255 16.3 227.0 3664 6160 12/28/46 0
52:13 0/1   0.0    0/1255  5.7 229.2 1744 6176 12/28/46 0
52:14 0/1   0.0    0/1255  0.7 229.5   32 6176 12/27/46 0
52:15 0/1   0.0    0/1255  0.7 229.5    3 6160 12/26/46 0
52:16 0/1   0.0    0/1255  0.7 229.5   19 6176 12/26/46 0
52:17 0/1   0.0    0/1255  0.7 229.5   20 6176 12/26/46 0
↓↓↓↓↓---date:11-21 03:01:19----info:power name:P221B vender:1 hw:RT0147 sw:230224.230809 sn:1436B2321600541
00:20 1/1 283.0 1252/1252 16.3 227.8 3700 6176 14/26/36 0
00:21 1/1 282.9 1253/1252 16.3 227.8 3700 6176 14/26/36 0
00:22 1/1 282.7 1253/1252 16.3 227.8 3700 6176 14/26/36 0
00:23 1/1 282.7 1253/1252 16.3 227.8 3700 6160 14/26/36 0
00:24 1/1 282.7 1252/1252 16.3 227.8 3700 6176 14/26/36 0
00:25 1/1 282.9 1253/1252 16.3 227.8 3700 6176 14/26/36 0
00:26 1/1 282.7 1252/1252 16.3 227.5 3700 6176 14/26/36 0
00:27 1/1 282.9 1252/1252 16.3 227.8 3704 6176 14/26/36 0
00:28 1/1 283.2 1253/1252 16.3 227.8 3704 6176 14/26/37 0
00:29 1/1 283.0 1252/1252 16.3 227.5 3704 6160 14/26/37 0
00:30 1/1 283.2 1253/1252 16.3 227.5 3704 6176 14/26/37 0
00:31 1/1 283.0 1252/1252 16.3 227.5 3704 6160 14/26/37 0
00:32 1/1 283.2 1252/1252 16.3 227.5 3704 6176 14/26/37 0
00:33 1/1 283.2 1252/1252 16.3 227.5 3708 6176 14/26/37 0
00:34 1/1 283.5 1253/1252 16.3 227.5 3708 6176 14/26/37 0
00:35 1/1 283.3 1253/1252 16.3 227.5 3712 6160 14/26/37 0
00:36 1/1 283.6 1252/1252 16.3 227.5 3708 6176 14/26/37 0
00:37 1/1 283.5 1253/1252 16.3 227.5 3712 6176 14/26/37 0
00:38 1/1 283.6 1252/1252 16.3 227.2 3712 6176 14/26/37 0
00:39 1/1 283.8 1253/1252 16.3 227.5 3708 6160 14/26/37 0
00:40 1/1 283.3 1252/1252 16.3 227.5 3708 6176 14/26/37 0
00:41 1/1 283.5 1252/1252 16.3 227.5 3708 6176 14/26/37 0
00:42 1/1 283.5 1252/1252 16.3 227.5 3704 6176 14/26/37 0
00:43 1/1 283.2 1252/1252 16.3 227.5 3704 6176 14/26/37 0
00:44 1/1 283.2 1253/1252 16.3 227.5 3700 6176 13/26/37 0
00:45 1/1 282.7 1252/1252 16.3 227.5 3692 6176 14/26/37 0
00:46 1/1 282.3 1253/1252 16.3 227.5 3692 6160 14/26/37 0
00:47 1/1 282.1 1253/1252 16.3 227.5 3692 6176 14/26/37 0
00:48 1/1 282.1 1253/1252 16.2 227.2 3688 6176 13/26/37 0
00:49 1/1 281.8 1253/1252 16.2 227.5 3688 6176 14/26/37 0
00:50 1/1 281.8 1253/1252 16.2 227.2 3688 6176 13/26/37 0
00:51 1/1 281.8 1253/1252 16.3 227.2 3688 6160 13/26/37 0
00:52 1/1 281.8 1252/1252 16.2 227.2 3688 6176 13/26/37 0
00:53 1/1 282.0 1253/1252 16.2 227.2 3688 6176 14/26/37 0
00:54 1/1 281.8 1253/1252 16.2 227.2 3688 6176 14/26/37 0
00:55 1/1 281.8 1253/1252 16.2 227.2 3688 6176 13/26/37 0
00:56 1/1 281.8 1253/1252 16.2 227.2 3688 6160 13/26/37 0
00:57 1/1 281.8 1253/1252 16.2 227.2 3688 6176 13/26/37 0
00:58 1/1 281.8 1252/1252 16.2 227.5 3688 6176 13/26/37 0
00:59 1/1 282.0 1253/1252 16.2 227.5 3688 6176 13/26/37 0
01:00 1/1 281.8 1252/1252 16.2 227.5 3684 6176 13/26/38 0
01:01 1/1 281.7 1252/1252 16.2 227.2 3688 6160 13/26/38 0
01:02 1/1 282.0 1252/1252 16.2 227.5 3688 6176 13/26/38 0
01:03 1/1 282.0 1252/1252 16.2 227.5 3688 6176 13/26/38 0
01:04 1/1 282.0 1253/1252 16.2 227.5 3688 6160 13/26/38 0
01:05 1/1 281.8 1252/1252 16.2 227.2 3688 6176 13/26/38 0
01:06 1/1 282.0 1253/1252 16.2 227.5 3688 6176 13/26/38 0
01:07 1/1 281.8 1253/1252 16.2 227.5 3688 6160 13/26/38 0
01:08 1/1 281.8 1253/1252 16.2 227.5 3688 6176 13/26/38 0
01:09 1/1 281.8 1252/1252 16.2 227.5 3688 6176 13/26/38 0
01:10 1/1 282.0 1252/1252 16.2 227.5 3688 6176 13/26/38 0
01:11 1/1 282.0 1252/1252 16.2 227.5 3684 6160 13/26/38 0
01:12 1/1 281.7 1252/1252 16.2 227.5 3684 6176 13/26/38 0
01:13 1/1 281.7 1252/1252 16.2 227.5 3684 6176 13/26/38 0
01:14 1/1 281.7 1252/1252 16.2 227.5 3684 6176 13/26/38 0
01:15 1/1 281.7 1252/1252 16.2 227.2 3684 6160 13/26/38 0
01:16 1/1 281.7 1252/1252 16.2 227.2 3684 6176 13/26/38 0
01:17 1/1 281.7 1253/1252 16.2 227.5 3684 6176 13/26/38 0
01:18 1/1 281.5 1253/1252 16.2 227.5 3684 6176 13/26/38 0
01:19 1/1 281.5 1253/1252 16.2 227.5 3684 6176 13/26/38 0
↓↓↓↓↓---date:11-21 03:04:04----info:power name:P221B vender:1 hw:RT0147 sw:230224.230809 sn:1436B2321600541
03:05 1/1 282.4 1255/1254 16.3 227.8 3700 6176 13/27/40 0
03:06 1/1 282.2 1254/1254 16.3 227.8 3700 6160 13/27/40 0
03:07 1/1 282.5 1255/1254 16.3 227.5 3700 6176 13/27/40 0
03:08 1/1 282.2 1255/1254 16.3 227.8 3700 6176 13/27/40 0
03:09 1/1 282.2 1254/1254 16.3 227.8 3700 6160 13/27/40 0
03:10 1/1 282.5 1254/1254 16.3 227.8 3696 6176 13/27/40 0
03:11 1/1 282.1 1254/1254 16.3 227.5 3696 6176 13/27/40 0
03:12 1/1 282.1 1254/1254 16.3 227.5 3696 6176 13/27/40 0
03:13 1/1 282.1 1254/1254 16.3 227.5 3696 6160 13/27/40 0
03:14 1/1 282.1 1254/1254 16.3 227.5 3696 6176 13/27/40 0
03:15 1/1 282.1 1254/1254 16.3 227.5 3696 6160 13/27/40 0
03:16 1/1 282.1 1254/1254 16.3 227.5 3696 6176 13/27/40 0
03:17 1/1 282.1 1254/1254 16.3 227.5 3696 6176 13/27/40 0
03:18 1/1 282.1 1255/1254 16.3 227.5 3696 6160 13/27/40 0
03:19 1/1 281.9 1254/1254 16.3 227.5 3692 6176 13/27/40 0
03:20 1/1 282.0 1254/1254 16.3 227.5 3692 6176 13/27/40 0
03:21 1/1 282.0 1254/1254 16.2 227.8 3692 6176 13/27/40 0
03:22 1/1 282.0 1255/1254 16.2 227.8 3692 6176 13/27/41 0
03:23 1/1 281.8 1254/1254 16.2 227.5 3692 6160 13/27/41 0
03:24 1/1 282.0 1254/1254 16.2 227.8 3692 6176 13/27/41 0
03:25 1/1 282.0 1254/1254 16.3 227.5 3692 6176 13/27/41 0
03:26 1/1 282.0 1254/1254 16.3 227.5 3696 6176 13/27/41 0
03:27 1/1 282.3 1254/1254 16.3 227.5 3696 6160 13/27/41 0
03:28 1/1 282.3 1254/1254 16.3 227.5 3696 6176 13/27/41 0
03:29 1/1 282.3 1254/1254 16.3 227.8 3696 6160 13/27/41 0
03:30 1/1 282.3 1254/1254 16.3 227.8 3696 6176 13/27/41 0
03:31 1/1 282.1 1254/1254 16.3 227.5 3696 6176 13/27/41 0
03:32 1/1 282.1 1255/1254 16.3 227.8 3696 6176 13/27/41 0
03:33 1/1 281.9 1254/1254 16.3 227.5 3696 6160 13/27/41 0
03:34 1/1 282.1 1254/1254 16.3 227.5 3696 6176 13/27/41 0
03:35 1/1 282.1 1254/1254 16.3 227.5 3696 6176 13/27/41 0
03:36 1/1 282.1 1254/1254 16.3 227.5 3696 6160 13/27/41 0
03:37 1/1 282.1 1254/1254 16.3 227.5 3696 6176 13/27/41 0
03:38 1/1 282.1 1254/1254 16.3 227.5 3696 6176 13/27/41 0
03:39 1/1 282.1 1254/1254 16.3 227.5 3696 6160 13/27/41 0
03:40 1/1 282.1 1254/1254 16.3 227.5 3696 6176 13/27/41 0
03:41 1/1 282.1 1254/1254 16.3 227.5 3696 6176 13/27/41 0
03:42 1/1 282.1 1254/1254 16.3 227.5 3696 6176 13/27/41 0
03:43 1/1 282.1 1254/1254 16.3 227.5 3696 6160 13/27/41 0
03:44 1/1 282.1 1254/1254 16.3 227.5 3696 6176 13/27/41 0
03:45 1/1 282.1 1254/1254 16.3 227.5 3696 6176 13/27/41 0
03:46 1/1 282.1 1254/1254 16.3 227.5 3696 6176 13/27/41 0
03:47 1/1 282.1 1254/1254 16.3 227.5 3696 6160 13/27/41 0
03:48 1/1 282.1 1254/1254 16.3 227.5 3696 6176 13/27/41 0
03:49 1/1 282.1 1254/1254 16.3 227.5 3696 6176 13/27/41 0
03:50 1/1 282.1 1254/1254 16.3 227.5 3696 6160 13/27/41 0
03:51 1/1 282.1 1254/1254 16.3 227.2 3696 6176 13/27/41 0
03:52 1/1 282.1 1254/1254 16.3 227.5 3696 6176 13/27/41 0
03:53 1/1 282.1 1254/1254 16.3 227.5 3696 6160 13/27/41 0
03:54 1/1 282.1 1254/1254 16.3 227.5 3696 6176 13/27/41 0
03:55 1/1 282.1 1254/1254 16.3 227.5 3696 6176 13/27/41 0
03:56 1/1 282.1 1254/1252 16.3 227.5 3696 6176 13/27/41 0
03:57 1/1 282.1 1252/1252 16.2 227.5 3688 6160 13/27/41 0
03:58 1/1 282.0 1252/1252 16.2 227.5 3684 6176 13/27/41 0
03:59 1/1 281.7 1252/1252 16.2 227.5 3684 6176 13/27/41 0
04:00 1/1 281.7 1252/1252 16.2 227.8 3684 6160 13/27/41 0
04:01 1/1 281.7 1252/1252 16.2 227.8 3684 6176 13/27/41 0
04:02 1/1 281.7 1252/1252 16.2 227.8 3684 6176 13/27/41 0
04:03 1/1 281.7 1252/1252 16.2 227.8 3684 6176 13/27/41 0
04:04 1/1 281.7 1252/1252 16.2 227.8 3684 6160 13/27/41 0
↓↓↓↓↓---date:11-21 03:15:24----info:power name:P221B vender:1 hw:RT0147 sw:230224.230809 sn:1436B2321600541
14:25 1/1 281.8 1253/1253 16.2 228.0 3688 6160 13/29/46 0
14:26 1/1 281.8 1253/1253 16.2 228.2 3688 6176 13/29/46 0
14:27 1/1 281.6 1253/1253 16.2 228.0 3692 6176 13/29/46 0
14:28 1/1 282.0 1253/1253 16.2 228.0 3688 6176 13/29/46 0
14:29 1/1 281.8 1253/1253 16.2 228.0 3688 6160 13/29/46 0
14:30 1/1 281.8 1253/1253 16.2 228.0 3688 6176 13/29/46 0
14:31 1/1 281.8 1253/1253 16.2 228.0 3688 6176 13/29/46 0
14:32 1/1 281.8 1253/1253 16.2 228.0 3688 6176 13/29/46 0
14:33 1/1 281.8 1253/1253 16.2 228.0 3684 6176 13/29/46 0
14:34 1/1 281.5 1253/1253 16.2 228.0 3684 6160 13/29/46 0
14:35 1/1 281.5 1253/1253 16.2 228.0 3684 6176 13/29/46 0
14:36 1/1 281.5 1253/1253 16.2 228.0 3684 6176 13/29/46 0
14:37 1/1 281.5 1253/1253 16.2 227.8 3684 6176 13/29/46 0
14:38 1/1 281.5 1253/1253 16.2 228.0 3684 6160 13/29/46 0
14:39 1/1 281.5 1253/1253 16.2 228.0 3684 6176 13/29/46 0
14:40 1/1 281.5 1253/1253 16.2 227.8 3684 6176 13/29/46 0
14:41 1/1 281.5 1253/1253 16.2 228.0 3684 6176 13/29/46 0
14:42 1/1 281.5 1253/1253 16.2 228.0 3688 6160 13/29/46 0
14:43 1/1 281.8 1254/1253 16.2 228.0 3688 6176 13/29/46 0
14:44 1/1 281.6 1253/1253 16.2 228.0 3688 6176 13/29/46 0
14:45 1/1 281.8 1253/1253 16.2 228.0 3688 6176 13/29/46 0
14:46 1/1 281.8 1253/1253 16.2 228.0 3688 6160 13/29/46 0
14:47 1/1 281.8 1253/1253 16.2 228.0 3688 6176 13/29/46 0
14:48 1/1 281.8 1253/1253 16.2 228.0 3688 6176 13/29/46 0
14:49 1/1 281.8 1253/1253 16.2 228.0 3688 6176 13/29/46 0
14:50 1/1 281.8 1254/1253 16.2 228.0 3688 6160 13/29/46 0
14:51 1/1 281.6 1253/1253 16.2 228.0 3688 6176 13/29/46 0
14:52 1/1 281.8 1254/1253 16.2 228.0 3688 6176 13/29/46 0
14:53 1/1 281.6 1254/1253 16.2 227.8 3688 6176 13/29/46 0
14:54 1/1 281.6 1253/1253 16.2 228.0 3688 6160 13/29/46 0
14:55 1/1 281.8 1253/1253 16.2 227.8 3688 6176 13/29/46 0
14:56 1/1 281.8 1254/1253 16.2 227.8 3688 6176 13/29/46 0
14:57 1/1 281.6 1253/1253 16.2 227.5 3688 6176 13/29/46 0
14:58 1/1 281.8 1254/1253 16.2 227.5 3688 6160 13/29/46 0
14:59 1/1 281.5 1254/1253 16.2 227.5 3688 6176 13/29/46 0
15:00 1/1 281.6 1253/1253 16.3 227.2 3688 6176 13/29/46 0
15:01 1/1 281.8 1254/1253 16.3 227.2 3688 6176 13/29/46 0
15:02 1/1 281.6 1253/1253 16.2 227.5 3688 6160 13/29/46 0
15:03 1/1 281.8 1253/1253 16.2 227.5 3688 6176 13/29/46 0
15:04 1/1 281.8 1253/1253 16.2 227.8 3688 6176 13/29/46 0
15:05 1/1 281.8 1253/1253 16.2 227.8 3688 6176 13/29/46 0
15:06 1/1 281.8 1253/1253 16.2 227.8 3688 6160 13/29/46 0
15:07 1/1 281.8 1253/1253 16.2 228.0 3688 6176 13/29/46 0
15:08 1/1 281.8 1253/1253 16.2 227.8 3692 6176 13/29/46 0
15:09 1/1 282.1 1253/1253 16.2 227.8 3688 6176 13/29/46 0
15:10 1/1 281.8 1253/1253 16.2 227.8 3688 6160 13/29/46 0
15:11 1/1 281.8 1253/1253 16.2 227.8 3692 6176 13/29/46 0
15:12 1/1 282.1 1253/1253 16.2 227.8 3688 6176 13/29/46 0
15:13 1/1 281.8 1253/1253 16.3 227.2 3688 6160 13/29/46 0
15:14 1/1 281.8 1254/1253 16.3 227.2 3692 6176 13/29/46 0
15:15 1/1 281.9 1254/1253 16.3 227.2 3688 6176 13/29/46 0
15:16 1/1 281.6 1253/1252 16.2 227.5 3688 6176 13/29/46 0
15:17 1/1 281.8 1252/1252 16.2 227.8 3684 6176 13/29/46 0
15:18 1/1 281.8 1252/1252 16.2 227.8 3684 6160 13/29/46 0
15:19 1/1 281.7 1252/1252 16.2 227.8 3684 6176 13/29/46 0
15:20 1/1 281.8 1252/1252 16.2 227.8 3684 6176 13/29/46 0
15:21 1/1 281.8 1252/1252 16.2 227.8 3684 6176 13/29/46 0
15:22 1/1 281.8 1252/1252 16.2 227.8 3684 6160 13/29/46 0
15:23 1/1 281.7 1253/1252 16.2 227.8 3684 6176 13/29/46 0
15:24 1/1 281.5 1252/1252 16.2 227.8 3684 6176 13/29/46 0
↓↓↓↓↓---date:11-21 03:23:04----info:power name:P221B vender:1 hw:RT0147 sw:230224.230809 sn:1436B2321600541
22:05 1/1 281.8 1253/1253 16.3 227.2 3692 6176 13/29/46 0
22:06 1/1 282.1 1253/1253 16.3 227.2 3688 6160 13/29/46 0
22:07 1/1 281.8 1253/1253 16.3 227.2 3688 6176 13/29/46 0
22:08 1/1 281.8 1254/1253 16.3 227.2 3688 6176 13/29/46 0
22:09 1/1 281.5 1253/1253 16.3 227.0 3688 6176 13/29/46 0
22:10 1/1 281.8 1253/1253 16.3 227.2 3688 6160 13/29/46 0
22:11 1/1 281.8 1253/1253 16.3 227.2 3688 6176 13/29/46 0
22:12 1/1 281.8 1253/1253 16.2 227.2 3688 6176 13/29/46 0
22:13 1/1 281.8 1254/1253 16.2 227.2 3688 6176 13/29/46 0
22:14 1/1 281.5 1253/1253 16.3 227.2 3688 6160 13/29/46 0
22:15 1/1 281.8 1253/1253 16.3 227.2 3688 6176 13/29/46 0
22:16 1/1 281.8 1254/1253 16.2 227.2 3688 6176 13/29/46 0
22:17 1/1 281.5 1253/1253 16.2 227.2 3688 6176 13/29/46 0
22:18 1/1 281.8 1253/1253 16.2 227.2 3688 6160 13/29/46 0
22:19 1/1 281.9 1253/1253 16.2 227.2 3684 6176 13/29/46 0
22:20 1/1 281.6 1253/1253 16.2 227.2 3684 6176 13/29/46 0
22:21 1/1 281.6 1253/1253 16.2 227.2 3684 6176 13/29/46 0
22:22 1/1 281.6 1253/1253 16.2 227.2 3684 6160 13/29/46 0
22:23 1/1 281.6 1253/1253 16.2 227.2 3684 6176 13/29/46 0
22:24 1/1 281.6 1253/1253 16.2 227.2 3684 6176 13/29/46 0
22:25 1/1 281.6 1253/1253 16.2 227.2 3688 6176 13/29/46 0
22:26 1/1 281.9 1253/1253 16.2 227.2 3688 6176 13/29/46 0
22:27 1/1 281.9 1254/1253 16.3 227.0 3688 6160 13/29/46 0
22:28 1/1 281.7 1254/1253 16.3 227.0 3688 6176 13/29/46 0
22:29 1/1 281.7 1253/1253 16.3 227.2 3688 6176 13/29/46 0
22:30 1/1 281.9 1254/1253 16.3 227.2 3688 6176 13/29/46 0
22:31 1/1 281.7 1254/1253 16.3 227.2 3688 6160 13/29/46 0
22:32 1/1 281.7 1254/1253 16.3 227.2 3688 6176 13/29/46 0
22:33 1/1 281.7 1254/1253 16.3 227.2 3688 6176 13/29/46 0
22:34 1/1 281.7 1254/1253 16.3 227.2 3688 6176 13/29/46 0
22:35 1/1 281.7 1254/1253 16.3 227.2 3692 6176 13/29/46 0
22:36 1/1 282.0 1254/1253 16.3 227.5 3692 6160 13/29/46 0
22:37 1/1 282.0 1254/1253 16.3 227.5 3692 6176 13/29/46 0
22:38 1/1 282.0 1253/1253 16.3 227.5 3692 6176 13/29/46 0
22:39 1/1 282.2 1253/1253 16.2 227.5 3692 6176 13/29/46 0
22:40 1/1 282.2 1254/1253 16.3 227.5 3692 6160 13/29/46 0
22:41 1/1 282.0 1254/1253 16.3 227.5 3692 6176 13/29/46 0
22:42 1/1 281.9 1253/1253 16.3 227.5 3692 6176 13/29/46 0
22:43 1/1 282.1 1253/1253 16.3 227.5 3692 6176 13/28/46 0
22:44 1/1 282.1 1253/1253 16.3 227.2 3692 6176 13/29/46 0
22:45 1/1 282.1 1253/1253 16.3 227.2 3692 6160 13/29/46 0
22:46 1/1 282.1 1253/1253 16.3 227.2 3692 6176 13/28/46 0
22:47 1/1 282.1 1253/1253 16.3 227.2 3692 6176 13/29/46 0
22:48 1/1 282.1 1253/1253 16.3 227.2 3692 6160 13/29/46 0
22:49 1/1 282.1 1253/1253 16.3 227.2 3692 6176 13/29/46 0
22:50 1/1 282.1 1253/1253 16.3 227.0 3692 6176 13/29/46 0
22:51 1/1 282.1 1254/1253 16.3 227.0 3696 6176 13/29/46 0
22:52 1/1 282.1 1254/1253 16.3 227.0 3696 6176 13/29/46 0
22:53 1/1 282.1 1254/1253 16.3 227.0 3696 6160 13/29/46 0
22:54 1/1 282.1 1253/1253 16.3 227.0 3696 6176 13/29/46 0
22:55 1/1 282.4 1253/1253 16.3 227.0 3696 6176 13/29/46 0
22:56 1/1 282.4 1252/1252 16.3 227.0 3696 6176 13/29/46 0
22:57 1/1 282.6 1252/1252 16.3 227.0 3692 6160 13/29/46 0
22:58 1/1 282.3 1252/1252 16.3 227.0 3692 6176 13/29/46 0
22:59 1/1 282.3 1253/1252 16.3 227.0 3692 6176 13/28/46 0
23:00 1/1 282.1 1253/1252 16.3 227.0 3692 6176 13/28/46 0
23:01 1/1 282.1 1252/1252 16.3 226.8 3692 6176 13/29/46 0
23:02 1/1 282.3 1253/1252 16.3 226.8 3692 6160 13/29/46 0
23:03 1/1 282.1 1252/1252 16.3 227.0 3692 6176 13/29/46 0
23:04 1/1 282.3 1253/1252 16.3 227.0 3692 6176 13/29/46 0
↓↓↓↓↓---date:11-21 03:26:31----info:power name:P221B vender:1 hw:RT0147 sw:230224.230809 sn:1436B2321600541
25:31 1/1 281.8 1253/1252 16.2 227.8 3684 6176 13/29/46 0
25:32 1/1 281.4 1253/1252 16.2 227.8 3684 6160 13/29/46 0
25:33 1/1 281.5 1252/1252 16.2 227.8 3684 6160 13/29/46 0
25:34 1/1 281.7 1253/1252 16.2 227.8 3684 6176 13/29/46 0
25:35 1/1 281.5 1252/1253 16.2 227.8 3684 6176 13/29/46 0
25:36 1/1 281.7 1253/1253 16.2 227.8 3680 6176 13/29/46 0
25:37 1/1 281.2 1254/1253 16.2 227.8 3684 6160 13/29/46 0
25:38 1/1 281.4 1254/1253 16.2 227.8 3688 6176 13/29/46 0
25:39 1/1 281.6 1253/1253 16.2 227.8 3688 6176 13/29/46 0
25:40 1/1 281.9 1253/1253 16.2 228.0 3688 6176 13/29/46 0
25:41 1/1 281.8 1254/1253 16.2 228.0 3688 6176 13/29/46 0
25:42 1/1 281.7 1254/1253 16.2 228.2 3688 6176 13/29/46 0
25:43 1/1 281.6 1254/1253 16.2 228.2 3688 6160 13/29/46 0
25:44 1/1 281.7 1253/1253 16.2 228.0 3688 6176 13/29/46 0
25:45 1/1 281.8 1254/1253 16.2 228.0 3688 6160 13/29/46 0
25:46 1/1 281.6 1254/1253 16.2 228.0 3688 6176 13/29/46 0
25:47 1/1 281.7 1253/1253 16.2 228.0 3688 6176 13/29/46 0
25:48 1/1 281.8 1253/1253 16.2 227.8 3688 6176 13/29/46 0
25:49 1/1 281.9 1253/1253 16.2 227.8 3688 6176 13/29/46 0
25:50 1/1 281.8 1253/1253 16.2 228.0 3688 6160 13/29/46 0
25:51 1/1 281.9 1253/1253 16.2 228.0 3688 6176 13/29/46 0
25:52 1/1 281.8 1253/1253 16.2 228.0 3688 6176 13/29/46 0
25:53 1/1 281.8 1253/1253 16.2 227.8 3688 6160 13/29/46 0
25:54 1/1 281.9 1253/1253 16.2 227.5 3692 6176 13/29/46 0
25:55 1/1 282.1 1253/1253 16.2 227.8 3692 6176 13/29/46 0
25:56 1/1 282.1 1253/1253 16.2 227.8 3696 6160 13/29/46 0
25:57 1/1 282.4 1253/1253 16.3 227.8 3696 6176 13/29/46 0
25:58 1/1 282.4 1254/1253 16.3 227.5 3696 6176 13/29/46 0
25:59 1/1 282.1 1254/1253 16.3 227.5 3696 6160 13/29/46 0
26:00 1/1 282.1 1254/1253 16.3 227.5 3696 6160 13/29/46 0
26:01 1/1 282.1 1253/1253 16.3 227.5 3696 6176 13/29/46 0
26:02 1/1 282.4 1253/1253 16.3 227.5 3696 6176 13/29/46 0
26:03 1/1 282.4 1253/1253 16.3 227.5 3696 6176 13/29/46 0
26:04 1/1 282.4 1253/1253 16.3 227.8 3696 6160 13/29/46 0
26:05 1/1 282.4 1253/1253 16.3 227.5 3696 6176 13/29/46 0
26:06 1/1 282.4 1253/1253 16.3 227.5 3696 6176 13/29/46 0
26:07 1/1 282.4 1253/1253 16.3 227.8 3696 6160 13/29/46 0
26:08 1/1 282.4 1253/1253 16.3 227.8 3696 6176 13/29/46 0
26:09 1/1 282.4 1253/1253 16.3 227.8 3696 6176 13/29/46 0
26:10 1/1 282.4 1253/1253 16.3 227.5 3696 6176 13/29/46 0
26:11 1/1 282.4 1253/1253 16.3 227.8 3696 6160 13/29/46 0
26:12 1/1 282.4 1254/1253 16.3 227.5 3696 6176 13/29/46 0
26:13 1/1 282.1 1253/1253 16.3 227.5 3696 6176 13/29/46 0
26:14 1/1 282.4 1253/1253 16.3 227.5 3696 6176 13/29/46 0
26:15 1/1 282.4 1254/1253 16.3 227.5 3696 6176 13/29/47 0
26:16 1/1 282.1 1254/1253 16.3 227.5 3696 6160 13/29/47 0
26:17 1/1 282.1 1253/1253 16.3 227.5 3696 6176 13/29/47 0
26:18 1/1 282.4 1253/1253 16.3 227.5 3692 6176 13/29/46 0
26:19 1/1 282.1 1253/1253 16.3 227.5 3692 6176 13/29/47 0
26:20 1/1 282.1 1253/1253 16.3 227.5 3692 6176 13/29/47 0
26:21 1/1 282.1 1253/1253 16.3 227.5 3692 6176 13/29/47 0
26:22 1/1 282.1 1253/1253 16.3 227.5 3692 6176 13/29/47 0
21-03 en/eset iout vout/vset iin vin pin fan  t0/t1/t2 stat
26:27 0/0   0.0    0/1300  0.7 229.5   17 6176 13/27/46 0
26:27 0/0   0.0    0/1300  0.7 229.5   17 6176 13/27/46 0
26:28 0/0   0.0    0/1300  0.7 229.5   23 6160 13/26/46 0
26:29 0/0   0.0    0/1300  0.7 229.5   20 6176 13/26/46 0
26:30 0/0   0.0    0/1300  0.7 229.5   16 6176 12/26/46 0
26:30 0/0   0.0    0/1300  0.7 229.5   16 6176 12/26/46 0
26:31 0/0   0.0    0/1300  0.7 229.5   18 6176 12/26/46 0
↓↓↓↓↓---date:11-21 03:32:41----info:power name:P221B vender:1 hw:RT0147 sw:230224.230809 sn:1436B2321600541
31:42 1/1 283.8 1252/1252 16.3 227.5 3712 6176 13/26/38 0
31:43 1/1 283.8 1252/1252 16.3 227.5 3708 6160 13/26/38 0
31:44 1/1 283.5 1252/1252 16.3 227.5 3708 6176 13/26/38 0
31:45 1/1 283.5 1252/1252 16.3 227.5 3708 6176 13/26/38 0
31:46 1/1 283.5 1252/1252 16.3 227.5 3708 6176 13/26/38 0
31:47 1/1 283.5 1252/1252 16.3 227.5 3708 6176 13/26/38 0
31:48 1/1 283.5 1253/1252 16.3 227.5 3708 6160 13/26/38 0
31:49 1/1 283.3 1253/1252 16.3 227.5 3708 6176 13/26/38 0
31:50 1/1 283.3 1252/1252 16.3 227.5 3708 6176 13/26/38 0
31:51 1/1 283.5 1252/1252 16.3 227.5 3708 6176 13/26/38 0
31:52 1/1 283.5 1252/1252 16.3 227.5 3708 6176 13/26/38 0
31:53 1/1 283.5 1252/1252 16.3 227.5 3708 6160 13/26/39 0
31:54 1/1 283.5 1252/1252 16.3 227.5 3708 6176 13/26/39 0
31:55 1/1 283.5 1252/1252 16.3 227.2 3708 6176 13/26/39 0
31:56 1/1 283.5 1253/1252 16.3 227.5 3708 6176 13/26/39 0
31:57 1/1 283.3 1252/1252 16.3 227.5 3708 6176 13/26/39 0
31:58 1/1 283.5 1252/1252 16.3 227.2 3708 6176 13/26/39 0
31:59 1/1 283.5 1252/1252 16.3 227.5 3708 6160 13/26/39 0
32:00 1/1 283.5 1253/1252 16.3 227.5 3708 6176 13/26/39 0
32:01 1/1 283.3 1252/1252 16.3 227.5 3704 6176 13/26/39 0
32:02 1/1 283.2 1253/1252 16.3 227.2 3704 6176 13/26/39 0
32:03 1/1 283.0 1253/1252 16.3 227.5 3704 6176 13/26/39 0
32:04 1/1 283.0 1253/1252 16.3 227.5 3696 6176 13/26/39 0
32:05 1/1 282.4 1253/1252 16.3 227.5 3696 6160 13/26/39 0
32:06 1/1 282.4 1252/1252 16.3 227.5 3692 6176 13/26/39 0
32:07 1/1 282.3 1253/1252 16.3 227.5 3692 6176 13/26/39 0
32:08 1/1 282.1 1252/1252 16.3 227.5 3692 6176 13/26/39 0
32:09 1/1 282.3 1252/1252 16.3 227.5 3692 6176 13/26/39 0
32:10 1/1 282.3 1253/1252 16.3 227.5 3692 6160 13/26/39 0
32:11 1/1 282.1 1253/1252 16.3 227.5 3692 6176 13/26/39 0
32:12 1/1 282.1 1252/1252 16.3 227.5 3692 6176 13/26/39 0
32:13 1/1 282.3 1252/1252 16.3 227.5 3692 6176 13/26/39 0
32:14 1/1 282.3 1252/1252 16.3 227.5 3692 6176 13/26/39 0
32:15 1/1 282.3 1252/1252 16.3 227.5 3692 6160 13/26/39 0
32:16 1/1 282.3 1252/1252 16.3 227.5 3692 6176 13/26/39 0
32:17 1/1 282.3 1252/1252 16.3 227.5 3692 6176 13/26/39 0
32:18 1/1 282.3 1252/1252 16.3 227.5 3692 6176 13/26/39 0
32:19 1/1 282.3 1252/1252 16.3 227.5 3692 6176 13/26/39 0
32:20 1/1 282.3 1252/1252 16.3 227.5 3692 6160 13/26/39 0
32:21 1/1 282.3 1253/1252 16.3 227.2 3692 6176 13/26/39 0
32:22 1/1 282.1 1252/1252 16.3 227.5 3692 6176 13/26/39 0
32:23 1/1 282.3 1252/1252 16.3 227.2 3692 6176 13/26/39 0
32:24 1/1 282.3 1253/1252 16.3 227.2 3692 6160 13/26/39 0
32:25 1/1 282.1 1252/1252 16.3 227.0 3692 6176 13/26/39 0
32:26 1/1 282.3 1252/1252 16.3 227.2 3692 6176 13/26/39 0
32:27 1/1 282.3 1252/1252 16.3 227.2 3692 6176 13/26/39 0
32:28 1/1 282.3 1252/1252 16.3 227.2 3692 6176 13/26/39 0
32:29 1/1 282.3 1252/1252 16.3 227.2 3692 6160 13/26/39 0
32:30 1/1 282.3 1253/1252 16.3 227.0 3692 6176 13/26/40 0
32:31 1/1 282.1 1253/1252 16.3 227.0 3692 6176 13/26/40 0
32:32 1/1 282.1 1252/1252 16.3 227.0 3692 6176 13/26/40 0
32:33 1/1 282.3 1252/1252 16.3 227.0 3688 6176 13/26/40 0
32:34 1/1 282.0 1252/1252 16.3 227.0 3688 6160 13/26/40 0
32:35 1/1 282.0 1253/1252 16.3 227.0 3688 6160 13/26/40 0
32:36 1/1 281.8 1252/1252 16.3 227.0 3688 6176 13/26/40 0
32:37 1/1 282.0 1252/1252 16.3 227.0 3688 6176 13/26/40 0
32:38 1/1 282.0 1252/1252 16.3 227.0 3688 6176 13/26/40 0
32:39 1/1 282.0 1253/1252 16.3 227.0 3688 6176 13/26/40 0
32:40 1/1 281.8 1252/1252 16.3 227.0 3688 6160 13/26/40 0
32:41 1/1 282.0 1252/1252 16.3 227.0 3688 6176 13/26/40 0
↓↓↓↓↓---date:11-21 03:41:05----info:power name:P221B vender:1 hw:RT0147 sw:230224.230809 sn:1436B2321600541
40:06 1/1 281.8 1254/1253 16.3 227.5 3692 6160 13/29/45 0
40:07 1/1 281.8 1254/1253 16.3 227.5 3692 6176 13/29/45 0
40:08 1/1 281.8 1253/1253 16.3 227.5 3692 6176 13/29/45 0
40:09 1/1 282.1 1254/1253 16.3 227.5 3692 6160 13/29/45 0
40:10 1/1 281.8 1254/1253 16.3 227.5 3692 6176 13/29/45 0
40:11 1/1 281.8 1253/1253 16.3 227.5 3696 6176 13/29/45 0
40:12 1/1 282.4 1253/1253 16.3 227.5 3696 6160 13/29/45 0
40:13 1/1 282.4 1253/1253 16.3 227.5 3696 6176 13/29/45 0
40:14 1/1 282.4 1254/1253 16.3 227.5 3696 6176 13/29/45 0
40:15 1/1 282.1 1253/1253 16.3 227.8 3696 6160 13/29/45 0
40:16 1/1 282.4 1253/1253 16.3 227.5 3696 6176 13/29/45 0
40:17 1/1 282.4 1253/1253 16.3 227.5 3696 6176 13/29/45 0
40:18 1/1 282.4 1253/1253 16.3 227.5 3696 6176 13/29/45 0
40:19 1/1 282.4 1253/1253 16.3 227.5 3696 6176 13/29/45 0
40:20 1/1 282.4 1253/1253 16.3 227.5 3696 6176 13/29/45 0
40:21 1/1 282.4 1253/1253 16.3 227.5 3696 6160 13/29/45 0
40:22 1/1 282.4 1253/1253 16.3 227.5 3696 6176 13/29/45 0
40:23 1/1 282.4 1254/1253 16.3 227.2 3696 6176 13/29/45 0
40:24 1/1 282.1 1254/1253 16.3 227.2 3696 6160 13/29/45 0
40:25 1/1 282.1 1254/1253 16.3 227.5 3696 6176 13/29/45 0
40:26 1/1 282.1 1253/1253 16.3 227.2 3700 6176 13/29/45 0
40:27 1/1 282.5 1254/1253 16.3 227.2 3700 6176 13/29/45 0
40:28 1/1 282.3 1253/1253 16.3 227.2 3700 6160 13/29/45 0
40:29 1/1 282.6 1253/1253 16.3 227.2 3700 6176 13/29/45 0
40:30 1/1 282.6 1253/1253 16.3 227.2 3700 6176 13/29/45 0
40:31 1/1 282.5 1253/1253 16.3 227.2 3700 6176 13/29/45 0
40:32 1/1 282.5 1253/1253 16.3 227.2 3700 6176 13/29/45 0
40:33 1/1 282.5 1253/1253 16.3 227.2 3700 6160 13/29/45 0
40:34 1/1 282.5 1253/1253 16.3 227.0 3700 6176 13/29/45 0
40:35 1/1 282.6 1253/1253 16.3 227.0 3700 6160 13/29/45 0
40:36 1/1 282.5 1254/1253 16.3 227.0 3700 6176 13/29/45 0
40:37 1/1 282.4 1254/1253 16.3 227.0 3700 6176 13/29/45 0
40:38 1/1 282.3 1253/1253 16.3 227.0 3700 6176 13/29/45 0
40:39 1/1 282.6 1253/1253 16.3 227.0 3700 6160 13/29/45 0
40:40 1/1 282.5 1254/1253 16.3 227.0 3700 6176 13/29/45 0
40:41 1/1 282.3 1253/1253 16.3 227.0 3700 6176 13/29/45 0
40:42 1/1 282.5 1253/1253 16.3 227.0 3700 6176 13/29/45 0
40:43 1/1 282.6 1253/1253 16.3 227.0 3700 6160 13/29/45 0
40:44 1/1 282.5 1253/1253 16.3 227.0 3700 6176 13/29/45 0
40:45 1/1 282.5 1254/1253 16.3 227.0 3700 6176 13/29/45 0
40:46 1/1 282.3 1253/1253 16.3 227.0 3700 6176 13/29/45 0
40:47 1/1 282.5 1253/1253 16.3 227.0 3700 6176 13/29/45 0
40:48 1/1 282.5 1253/1253 16.3 227.0 3700 6176 13/29/45 0
40:49 1/1 282.5 1253/1253 16.3 227.2 3700 6160 13/29/45 0
40:50 1/1 282.6 1253/1253 16.3 227.2 3700 6176 13/29/45 0
40:51 1/1 282.5 1254/1253 16.3 227.2 3700 6176 13/29/45 0
40:52 1/1 282.3 1253/1253 16.3 227.2 3700 6176 13/29/45 0
40:53 1/1 282.5 1253/1253 16.3 227.2 3700 6160 13/29/45 0
40:54 1/1 282.5 1253/1253 16.3 227.2 3696 6176 13/29/45 0
40:55 1/1 282.2 1254/1253 16.3 227.2 3696 6176 13/29/45 0
40:56 1/1 282.0 1253/1252 16.3 227.2 3696 6160 13/29/45 0
40:57 1/1 282.2 1252/1252 16.3 227.2 3696 6176 13/29/45 0
40:58 1/1 282.5 1252/1252 16.3 227.2 3692 6176 13/29/45 0
40:59 1/1 282.1 1252/1252 16.3 227.2 3692 6176 13/29/45 0
41:00 1/1 282.1 1252/1252 16.3 227.2 3692 6176 13/29/45 0
41:01 1/1 282.1 1252/1252 16.3 227.2 3692 6176 13/29/45 0
41:02 1/1 282.1 1253/1252 16.3 227.2 3692 6176 13/29/45 0
41:03 1/1 282.0 1253/1252 16.3 227.2 3692 6176 13/29/45 0
41:04 1/1 281.9 1253/1252 16.3 227.2 3692 6160 13/29/45 0
41:05 1/1 281.9 1252/1252 16.3 227.2 3692 6176 13/29/45 0
↓↓↓↓↓---date:11-21 04:03:05----info:power name:P221B vender:1 hw:RT0147 sw:230224.230809 sn:1436B2321600541
02:06 1/1 282.4 1254/1254 16.3 227.8 3700 6160 13/29/46 0
02:07 1/1 282.4 1254/1254 16.3 227.8 3700 6176 13/29/46 0
02:08 1/1 282.3 1254/1254 16.3 227.8 3700 6176 13/29/46 0
02:09 1/1 282.3 1254/1254 16.2 227.8 3696 6176 13/28/46 0
02:10 1/1 282.0 1255/1254 16.3 227.8 3696 6176 13/29/46 0
02:11 1/1 281.8 1254/1254 16.3 227.8 3696 6160 13/29/46 0
02:12 1/1 282.0 1254/1254 16.3 227.8 3696 6176 13/29/46 0
02:13 1/1 282.0 1254/1254 16.2 228.0 3696 6176 13/29/46 0
02:14 1/1 282.0 1254/1254 16.2 228.0 3696 6160 13/29/46 0
02:15 1/1 282.0 1254/1254 16.3 227.8 3696 6176 13/29/46 0
02:16 1/1 282.0 1254/1253 16.2 228.0 3696 6176 13/29/46 0
02:17 1/1 282.0 1253/1253 16.2 228.0 3696 6176 13/29/46 0
02:18 1/1 282.2 1253/1253 16.2 227.8 3692 6160 13/29/46 0
02:19 1/1 281.9 1253/1253 16.2 228.0 3692 6176 13/29/46 0
02:20 1/1 281.9 1253/1253 16.2 227.8 3692 6176 13/29/46 0
02:21 1/1 281.9 1254/1253 16.2 228.0 3692 6176 13/29/46 0
02:22 1/1 281.7 1253/1253 16.2 227.8 3692 6160 13/29/46 0
02:23 1/1 282.1 1253/1253 16.2 227.8 3688 6176 13/29/46 0
02:24 1/1 281.8 1253/1253 16.2 227.8 3688 6176 13/29/46 0
02:25 1/1 281.8 1254/1253 16.2 227.8 3688 6160 13/29/46 0
02:26 1/1 281.5 1253/1253 16.2 227.8 3688 6176 13/29/46 0
02:27 1/1 281.8 1253/1253 16.2 227.5 3688 6176 13/29/46 0
02:28 1/1 281.8 1253/1253 16.2 227.5 3688 6176 13/29/46 0
02:29 1/1 281.8 1253/1253 16.2 227.5 3688 6160 13/29/46 0
02:30 1/1 281.8 1253/1253 16.2 227.5 3688 6176 13/29/46 0
02:31 1/1 281.7 1253/1253 16.2 227.8 3688 6176 13/29/46 0
02:32 1/1 281.7 1253/1253 16.2 227.8 3688 6176 13/29/46 0
02:33 1/1 281.7 1253/1253 16.2 227.8 3688 6160 13/29/46 0
02:34 1/1 281.7 1253/1253 16.2 227.8 3688 6176 13/29/46 0
02:35 1/1 281.8 1253/1253 16.2 227.8 3688 6176 13/29/46 0
02:36 1/1 281.8 1254/1253 16.2 227.8 3688 6176 13/29/46 0
02:37 1/1 281.5 1253/1253 16.2 227.8 3688 6160 13/29/46 0
02:38 1/1 281.8 1254/1253 16.2 228.0 3688 6176 13/29/46 0
02:39 1/1 281.5 1254/1253 16.2 228.0 3684 6176 13/29/46 0
02:40 1/1 281.2 1253/1253 16.2 228.0 3684 6176 13/29/46 0
02:41 1/1 281.6 1253/1253 16.2 228.0 3684 6160 13/29/46 0
02:42 1/1 281.6 1253/1253 16.2 228.0 3684 6176 13/29/46 0
02:43 1/1 281.5 1254/1253 16.2 228.0 3684 6176 13/29/46 0
02:44 1/1 281.2 1253/1253 16.2 228.0 3684 6176 13/29/46 0
02:45 1/1 281.5 1253/1253 16.2 228.0 3684 6176 13/29/46 0
02:46 1/1 281.5 1253/1253 16.2 228.0 3684 6160 13/29/46 0
02:47 1/1 281.5 1253/1253 16.2 228.0 3684 6176 13/29/46 0
02:48 1/1 281.5 1253/1253 16.2 228.0 3684 6176 13/29/46 0
02:49 1/1 281.5 1253/1253 16.2 228.0 3684 6160 13/29/46 0
02:50 1/1 281.5 1254/1253 16.2 228.0 3684 6176 13/29/46 0
02:51 1/1 281.3 1253/1253 16.2 228.0 3684 6176 13/29/46 0
02:52 1/1 281.5 1254/1253 16.2 228.0 3684 6160 13/29/46 0
02:53 1/1 281.3 1253/1253 16.2 228.0 3688 6176 13/29/46 0
02:54 1/1 281.8 1254/1253 16.2 228.2 3688 6176 13/29/46 0
02:55 1/1 281.5 1253/1253 16.2 228.2 3688 6160 13/29/46 0
02:56 0/1   0.0    0/1254 16.2 228.2 3688 6176 13/28/46 0
02:57 0/1   0.0    0/1254  3.0 230.2 2236 6176 13/28/46 0
02:58 0/1   0.0    0/1254  0.7 230.2    2 6176 13/27/46 0
02:59 0/1   0.0    0/1254  0.7 230.2    6 6160 13/27/46 0
03:00 0/1   0.0    0/1254  0.7 230.2   20 6176 12/26/46 0
03:01 0/1   0.0    0/1254  0.7 230.2   20 6176 12/26/46 0
03:02 0/1   0.0    0/1254  0.7 230.5   18 6160 12/26/46 0
03:03 0/1   0.0    0/1254  0.7 230.2   16 6176 12/26/46 0
03:04 0/1   0.0    0/1254  0.7 230.2   14 6176 12/25/46 0
03:05 0/1   0.0    0/1254  0.7 230.2   11 6160 12/25/46 0
↓↓↓↓↓---date:11-21 04:12:19----info:power name:P221B vender:1 hw:RT0147 sw:230224.230809 sn:1436B2321600541
11:20 1/1 283.2 1253/1252 16.3 228.2 3704 6176 14/25/34 0
11:21 1/1 282.9 1252/1252 16.3 228.2 3704 6176 14/25/34 0
11:22 1/1 283.2 1252/1252 16.2 228.2 3704 6160 14/25/34 0
11:23 1/1 283.2 1253/1252 16.3 228.2 3704 6176 14/25/34 0
11:24 1/1 283.0 1252/1252 16.3 228.2 3704 6176 14/25/34 0
11:25 1/1 283.2 1252/1252 16.2 228.2 3704 6176 14/25/34 0
11:26 1/1 283.2 1252/1252 16.2 228.2 3704 6160 14/25/34 0
11:27 1/1 283.2 1252/1252 16.2 228.2 3704 6176 14/25/34 0
11:28 1/1 283.2 1252/1252 16.2 228.2 3700 6176 14/25/34 0
11:29 1/1 282.9 1252/1252 16.2 228.2 3700 6176 14/25/34 0
11:30 1/1 282.9 1253/1252 16.2 228.2 3696 6176 14/25/34 0
11:31 1/1 282.5 1252/1252 16.2 228.5 3696 6160 14/25/34 0
11:32 1/1 282.6 1252/1252 16.2 228.5 3700 6176 14/25/34 0
11:33 1/1 283.0 1253/1252 16.3 228.2 3708 6160 14/25/34 0
11:34 1/1 283.3 1252/1252 16.3 228.2 3712 6176 14/25/35 0
11:35 1/1 283.9 1253/1252 16.3 228.2 3712 6176 14/25/35 0
11:36 1/1 283.6 1252/1252 16.3 228.2 3712 6176 14/25/35 0
11:37 1/1 283.8 1253/1252 16.3 228.2 3708 6160 14/25/35 0
11:38 1/1 283.3 1253/1252 16.3 228.2 3708 6176 14/25/35 0
11:39 1/1 283.3 1253/1252 16.3 228.2 3708 6176 14/25/35 0
11:40 1/1 283.4 1253/1252 16.3 228.2 3708 6176 14/25/35 0
11:41 1/1 283.3 1253/1252 16.3 228.2 3708 6160 14/25/35 0
11:42 1/1 283.3 1253/1252 16.3 228.2 3708 6176 14/25/35 0
11:43 1/1 283.3 1253/1252 16.3 228.2 3708 6176 14/25/35 0
11:44 1/1 283.3 1253/1252 16.2 228.2 3700 6176 14/25/35 0
11:45 1/1 282.8 1253/1252 16.2 228.2 3696 6176 14/25/35 0
11:46 1/1 282.4 1252/1252 16.2 228.2 3696 6160 14/25/35 0
11:47 1/1 282.6 1252/1252 16.2 228.2 3696 6176 14/25/35 0
11:48 1/1 282.6 1252/1252 16.2 228.2 3696 6160 14/25/35 0
11:49 1/1 282.6 1252/1252 16.2 228.2 3696 6176 14/25/35 0
11:50 1/1 282.6 1253/1252 16.2 228.2 3696 6176 14/25/35 0
11:51 1/1 282.4 1252/1252 16.2 228.2 3696 6160 14/25/35 0
11:52 1/1 282.6 1253/1252 16.2 228.2 3696 6176 14/25/35 0
11:53 1/1 282.4 1253/1252 16.2 228.2 3696 6176 14/25/35 0
11:54 1/1 282.4 1253/1252 16.2 228.2 3696 6176 14/25/35 0
11:55 1/1 282.4 1252/1252 16.2 228.2 3696 6160 14/25/35 0
11:56 1/1 282.6 1253/1252 16.2 228.2 3696 6176 14/25/35 0
11:57 1/1 282.4 1252/1252 16.2 228.2 3696 6176 13/25/35 0
11:58 1/1 282.6 1253/1252 16.2 228.2 3696 6160 13/25/35 0
11:59 1/1 282.4 1252/1252 16.2 228.2 3696 6176 13/25/35 0
12:00 1/1 282.6 1253/1252 16.2 228.2 3696 6176 13/25/36 0
12:01 1/1 282.4 1253/1252 16.2 228.2 3692 6176 13/25/36 0
12:02 1/1 282.1 1252/1252 16.2 228.2 3696 6160 13/25/36 0
12:03 1/1 282.6 1253/1252 16.2 228.2 3696 6176 13/25/36 0
12:04 1/1 282.4 1252/1252 16.2 228.2 3696 6176 13/25/36 0
12:05 1/1 282.6 1253/1252 16.2 228.2 3696 6160 13/25/36 0
12:06 1/1 282.4 1253/1252 16.2 228.2 3696 6176 13/25/36 0
12:07 1/1 282.4 1253/1252 16.2 228.2 3696 6176 13/25/36 0
12:08 1/1 282.4 1253/1252 16.2 228.2 3696 6176 13/25/36 0
12:09 1/1 282.4 1252/1252 16.2 228.0 3696 6160 13/25/36 0
12:10 1/1 282.6 1253/1252 16.2 228.2 3696 6176 13/25/36 0
12:11 1/1 282.4 1253/1252 16.2 228.2 3692 6176 13/25/36 0
12:12 1/1 282.1 1253/1252 16.2 228.2 3692 6176 13/25/36 0
12:13 1/1 282.1 1253/1252 16.2 228.0 3692 6160 13/25/36 0
12:14 1/1 282.1 1252/1252 16.2 228.0 3688 6176 13/25/36 0
12:15 1/1 282.0 1252/1252 16.2 228.0 3688 6176 13/25/36 0
12:16 1/1 282.0 1252/1252 16.2 228.0 3688 6160 13/25/36 0
12:17 1/1 282.0 1252/1252 16.2 228.0 3688 6176 13/26/36 0
12:18 1/1 282.0 1253/1252 16.2 227.8 3688 6176 13/25/36 0
12:19 1/1 281.8 1252/1252 16.2 228.0 3688 6176 13/25/36 0
↓↓↓↓↓---date:11-21 04:14:44----info:power name:P221B vender:1 hw:RT0147 sw:230224.230809 sn:1436B2321600541
13:45 1/1 281.4 1254/1254 16.3 227.0 3684 6176 12/26/38 0
13:46 1/1 281.4 1254/1254 16.3 227.0 3684 6160 12/26/38 0
13:47 1/1 281.4 1254/1254 16.3 227.0 3684 6176 12/26/38 0
13:48 1/1 281.4 1254/1254 16.3 227.0 3684 6176 12/26/38 0
13:49 1/1 281.4 1254/1254 16.3 226.8 3684 6176 12/26/39 0
13:50 1/1 281.4 1254/1254 16.3 226.8 3684 6160 12/26/39 0
13:51 1/1 281.4 1254/1254 16.3 226.8 3684 6176 12/26/39 0
13:52 1/1 281.4 1254/1254 16.3 226.8 3684 6176 12/26/39 0
13:53 1/1 281.4 1254/1254 16.3 227.0 3688 6176 12/26/39 0
13:54 1/1 281.7 1255/1254 16.3 226.8 3688 6160 12/26/39 0
13:55 1/1 281.5 1254/1254 16.3 226.8 3688 6176 12/26/39 0
13:56 1/1 281.7 1254/1254 16.3 226.8 3688 6176 12/26/39 0
13:57 1/1 281.7 1255/1254 16.3 226.8 3688 6176 12/26/39 0
13:58 1/1 281.5 1255/1254 16.3 226.8 3688 6160 12/26/39 0
13:59 1/1 281.5 1254/1254 16.3 226.8 3688 6176 12/26/39 0
14:00 1/1 281.7 1254/1254 16.3 226.5 3688 6176 12/26/39 0
14:01 1/1 281.7 1254/1254 16.3 226.5 3688 6176 12/26/39 0
14:02 1/1 281.7 1254/1254 16.3 226.8 3688 6160 12/26/39 0
14:03 1/1 281.7 1254/1254 16.3 226.5 3688 6176 12/26/39 0
14:04 1/1 281.7 1254/1254 16.3 226.8 3688 6176 12/26/39 0
14:05 1/1 281.7 1255/1254 16.3 226.8 3688 6160 12/26/39 0
14:06 1/1 281.5 1254/1254 16.3 226.8 3692 6176 12/26/39 0
14:07 1/1 282.0 1254/1254 16.3 226.8 3692 6176 12/26/39 0
14:08 1/1 281.9 1254/1254 16.3 226.8 3692 6160 12/26/39 0
14:09 1/1 281.9 1254/1254 16.3 226.8 3692 6176 12/26/39 0
14:10 1/1 281.9 1254/1254 16.3 226.8 3692 6176 12/26/39 0
14:11 1/1 282.0 1254/1254 16.3 226.8 3692 6160 12/26/39 0
14:12 1/1 281.9 1254/1254 16.3 226.8 3692 6176 12/26/39 0
14:13 1/1 281.9 1254/1254 16.3 226.8 3692 6176 12/26/39 0
14:14 1/1 281.8 1254/1254 16.3 226.8 3692 6176 12/26/39 0
14:15 1/1 281.8 1254/1254 16.3 226.8 3696 6176 12/26/39 0
14:16 1/1 282.1 1254/1254 16.3 226.8 3696 6176 12/26/39 0
14:17 1/1 282.1 1255/1254 16.3 226.8 3696 6176 12/26/39 0
14:18 1/1 281.9 1254/1254 16.3 226.8 3696 6160 12/26/39 0
14:19 1/1 282.1 1254/1254 16.3 226.8 3696 6176 12/26/39 0
14:20 1/1 282.1 1254/1254 16.3 226.8 3700 6176 12/26/39 0
14:21 1/1 282.5 1254/1254 16.3 226.8 3700 6176 12/26/39 0
14:22 1/1 282.5 1254/1254 16.3 226.8 3700 6160 12/26/39 0
14:23 1/1 282.5 1254/1254 16.3 226.8 3700 6176 12/26/39 0
14:24 1/1 282.4 1255/1254 16.3 226.8 3700 6176 12/26/39 0
14:25 1/1 282.2 1254/1254 16.4 226.8 3700 6160 12/26/39 0
14:26 1/1 282.4 1254/1254 16.4 226.8 3700 6176 12/26/39 0
14:27 1/1 282.4 1254/1254 16.4 226.8 3700 6176 12/26/39 0
14:28 1/1 282.3 1255/1254 16.4 226.8 3704 6160 12/26/39 0
14:29 1/1 282.5 1255/1254 16.4 226.8 3704 6176 12/26/39 0
14:30 1/1 282.4 1254/1254 16.4 226.8 3704 6176 12/26/39 0
14:31 1/1 282.6 1254/1254 16.4 226.8 3704 6176 12/26/39 0
14:32 1/1 282.7 1254/1254 16.4 226.8 3704 6160 12/26/39 0
14:33 1/1 282.6 1254/1254 16.4 226.8 3704 6176 12/26/39 0
14:34 1/1 282.6 1254/1254 16.4 226.8 3704 6176 12/26/39 0
14:35 1/1 282.5 1254/1254 16.4 226.8 3704 6176 12/26/39 0
14:36 1/1 282.5 1254/1252 16.4 226.5 3704 6160 12/26/39 0
14:37 1/1 282.4 1252/1252 16.3 226.8 3700 6176 12/26/39 0
14:38 1/1 282.6 1252/1252 16.3 227.0 3696 6176 12/26/40 0
14:39 1/1 282.3 1253/1252 16.3 227.0 3696 6176 12/26/40 0
14:40 1/1 282.1 1253/1252 16.3 227.0 3696 6160 12/26/40 0
14:41 1/1 282.1 1253/1252 16.3 227.0 3696 6176 12/26/40 0
14:42 1/1 282.1 1252/1252 16.3 227.0 3696 6176 12/26/40 0
14:43 1/1 282.3 1252/1252 16.3 227.0 3696 6176 12/27/40 0
14:44 1/1 282.3 1252/1252 16.3 227.0 3696 6160 12/26/40 0
↓↓↓↓↓---date:11-21 04:34:44----info:power name:P221B vender:1 hw:RT0147 sw:230224.230809 sn:1436B2321600541
33:45 1/1 282.4 1253/1253 16.4 226.2 3696 6160 13/28/46 0
33:46 1/1 282.4 1253/1253 16.4 226.2 3696 6176 12/28/46 0
33:47 1/1 282.4 1253/1253 16.4 226.2 3696 6176 12/28/46 0
33:48 1/1 282.4 1253/1253 16.4 226.5 3696 6176 13/28/46 0
33:49 1/1 282.4 1254/1253 16.4 226.5 3696 6160 12/28/46 0
33:50 1/1 282.1 1254/1253 16.4 226.2 3696 6176 12/28/46 0
33:51 1/1 282.1 1254/1253 16.4 226.2 3696 6176 12/28/46 0
33:52 1/1 282.1 1253/1253 16.4 226.5 3696 6176 13/28/46 0
33:53 1/1 282.4 1253/1253 16.3 226.2 3696 6176 12/28/46 0
33:54 1/1 282.4 1254/1253 16.4 226.2 3696 6160 12/28/46 0
33:55 1/1 282.1 1254/1253 16.3 226.5 3696 6176 13/28/46 0
33:56 1/1 282.1 1253/1253 16.3 226.5 3696 6176 13/28/46 0
33:57 1/1 282.4 1253/1253 16.3 226.5 3696 6176 13/28/46 0
33:58 1/1 282.4 1253/1253 16.3 226.5 3696 6160 13/28/46 0
33:59 1/1 282.4 1253/1253 16.3 226.5 3696 6176 13/28/46 0
34:00 1/1 282.4 1253/1253 16.3 226.5 3692 6176 13/28/46 0
34:01 1/1 282.1 1253/1253 16.3 226.5 3692 6160 13/28/46 0
34:02 1/1 282.1 1253/1253 16.3 226.5 3692 6176 13/28/46 0
34:03 1/1 282.1 1254/1253 16.3 226.8 3692 6176 13/28/46 0
34:04 1/1 281.8 1253/1253 16.3 226.5 3692 6176 13/28/46 0
34:05 1/1 282.1 1253/1253 16.3 226.5 3692 6176 13/28/46 0
34:06 1/1 282.1 1253/1253 16.3 226.5 3692 6176 13/28/46 0
34:07 1/1 282.1 1253/1253 16.3 226.5 3692 6160 13/28/46 0
34:08 1/1 282.1 1253/1253 16.3 226.5 3692 6176 13/28/46 0
34:09 1/1 282.1 1253/1253 16.3 226.5 3692 6176 13/28/46 0
34:10 1/1 282.1 1254/1253 16.3 226.5 3692 6160 13/28/46 0
34:11 1/1 281.8 1253/1253 16.3 226.5 3692 6176 13/28/46 0
34:12 1/1 282.1 1253/1253 16.3 226.5 3692 6176 13/28/46 0
34:13 1/1 282.1 1253/1253 16.3 226.5 3692 6176 13/28/46 0
34:14 1/1 282.1 1254/1253 16.3 226.5 3692 6176 13/28/46 0
34:15 1/1 281.8 1254/1253 16.3 226.5 3692 6176 12/28/46 0
34:16 1/1 281.8 1254/1253 16.3 226.5 3692 6176 12/28/46 0
34:17 1/1 281.8 1254/1253 16.3 226.5 3692 6176 13/28/46 0
34:18 1/1 281.8 1253/1253 16.3 226.5 3696 6160 13/28/46 0
34:19 1/1 282.4 1253/1253 16.3 226.5 3696 6160 13/28/46 0
34:20 1/1 282.4 1253/1253 16.3 226.5 3696 6176 13/28/46 0
34:21 1/1 282.4 1253/1253 16.3 226.5 3696 6176 13/28/46 0
34:22 1/1 282.4 1254/1253 16.3 226.5 3696 6160 13/28/46 0
34:23 1/1 282.1 1253/1253 16.3 226.5 3696 6176 12/28/46 0
34:24 1/1 282.4 1253/1253 16.3 226.5 3696 6176 12/28/46 0
34:25 1/1 282.4 1253/1253 16.3 226.5 3692 6176 12/28/46 0
34:26 1/1 282.1 1254/1253 16.3 226.5 3692 6176 12/28/46 0
34:27 1/1 281.8 1254/1253 16.3 226.2 3696 6176 12/28/46 0
34:28 1/1 282.1 1253/1253 16.3 226.2 3696 6176 13/28/46 0
34:29 1/1 282.4 1253/1253 16.4 226.2 3696 6160 12/28/46 0
34:30 1/1 282.4 1253/1253 16.4 226.2 3696 6176 13/28/46 0
34:31 1/1 282.4 1254/1253 16.4 226.2 3696 6176 12/28/46 0
34:32 1/1 282.1 1254/1253 16.4 226.2 3696 6176 12/28/46 0
34:33 1/1 282.1 1254/1253 16.4 226.2 3696 6176 12/28/46 0
34:34 1/1 282.1 1254/1253 16.4 226.2 3696 6176 12/28/46 0
34:35 1/1 282.1 1254/1253 16.4 226.2 3696 6160 12/28/46 0
34:36 1/1 282.1 1253/1252 16.4 226.2 3692 6176 12/28/46 0
34:37 1/1 282.1 1252/1252 16.3 226.2 3688 6176 12/28/46 0
34:38 1/1 282.0 1253/1252 16.3 226.2 3688 6160 12/28/46 0
34:39 1/1 281.8 1252/1252 16.3 226.2 3688 6176 12/28/46 0
34:40 1/1 282.0 1252/1252 16.3 226.2 3688 6176 12/28/46 0
34:41 1/1 282.0 1252/1252 16.3 226.2 3688 6176 12/28/46 0
34:42 1/1 282.0 1252/1252 16.3 226.2 3688 6160 12/28/46 0
34:43 1/1 282.0 1253/1252 16.3 226.2 3688 6176 12/28/46 0
34:44 1/1 281.8 1252/1252 16.3 226.2 3688 6176 12/28/46 0
↓↓↓↓↓---date:11-21 04:40:11----info:power name:P221B vender:1 hw:RT0147 sw:230224.230809 sn:1436B2321600541
39:12 1/1 282.8 1255/1255 16.4 226.8 3708 6176 12/28/46 0
39:13 1/1 282.8 1255/1255 16.4 227.0 3704 6160 12/28/46 0
39:14 1/1 282.5 1255/1255 16.4 226.8 3704 6176 12/28/46 0
39:15 1/1 282.5 1255/1255 16.4 227.0 3704 6176 12/28/46 0
39:16 1/1 282.5 1255/1255 16.4 227.0 3704 6176 12/28/46 0
39:17 1/1 282.5 1256/1255 16.4 226.8 3704 6160 12/28/46 0
39:18 1/1 282.2 1256/1255 16.4 227.0 3704 6176 12/28/46 0
39:19 1/1 282.2 1256/1255 16.4 226.8 3704 6176 12/28/46 0
39:20 1/1 282.3 1256/1255 16.4 227.0 3704 6176 12/28/46 0
39:21 1/1 282.2 1256/1255 16.3 227.0 3704 6160 12/28/46 0
39:22 1/1 282.3 1256/1255 16.4 226.8 3704 6176 12/28/46 0
39:23 1/1 282.3 1255/1255 16.4 227.0 3704 6176 12/28/46 0
39:24 1/1 282.5 1256/1255 16.3 227.0 3704 6176 12/28/46 0
39:25 1/1 282.2 1255/1255 16.3 227.0 3704 6176 12/28/46 0
39:26 1/1 282.5 1255/1255 16.3 227.0 3704 6160 12/28/46 0
39:27 1/1 282.5 1255/1255 16.3 227.0 3700 6176 12/28/46 0
39:28 1/1 282.2 1256/1255 16.3 226.8 3700 6176 12/28/46 0
39:29 1/1 281.9 1255/1255 16.3 227.0 3700 6160 12/28/46 0
39:30 1/1 282.2 1255/1255 16.3 227.0 3700 6176 12/28/46 0
39:31 1/1 282.2 1255/1255 16.3 226.8 3700 6176 12/28/46 0
39:32 1/1 282.2 1256/1255 16.3 226.8 3700 6176 12/28/46 0
39:33 1/1 282.0 1256/1255 16.3 227.0 3700 6160 12/28/46 0
39:34 1/1 281.9 1256/1255 16.3 227.0 3700 6176 12/28/46 0
39:35 1/1 282.0 1256/1255 16.3 227.0 3700 6176 12/28/46 0
39:36 1/1 282.0 1256/1255 16.3 227.0 3700 6176 12/28/46 0
39:37 1/1 282.0 1255/1255 16.3 227.0 3696 6160 12/28/46 0
39:38 1/1 282.0 1256/1255 16.3 227.0 3696 6176 12/28/46 0
39:39 1/1 281.8 1255/1255 16.3 227.0 3696 6176 12/28/46 0
39:40 1/1 282.1 1255/1255 16.3 227.0 3696 6176 12/28/46 0
39:41 1/1 282.0 1256/1255 16.3 227.0 3696 6160 12/28/46 0
39:42 1/1 281.9 1255/1255 16.3 227.0 3696 6176 12/28/46 0
39:43 1/1 282.0 1255/1255 16.3 227.2 3696 6176 12/28/46 0
39:44 1/1 282.1 1255/1255 16.3 227.2 3696 6160 12/28/46 0
39:45 1/1 282.1 1256/1255 16.3 227.2 3696 6176 12/28/46 0
39:46 1/1 281.8 1255/1255 16.3 227.2 3696 6176 12/28/46 0
39:47 1/1 282.1 1256/1255 16.3 227.2 3696 6176 12/28/46 0
39:48 1/1 281.8 1256/1255 16.3 227.2 3700 6160 12/28/46 0
39:49 1/1 282.2 1256/1255 16.3 227.2 3700 6176 12/28/46 0
39:50 1/1 282.1 1256/1255 16.3 227.2 3700 6176 12/28/46 0
39:51 1/1 282.2 1256/1255 16.3 227.2 3700 6176 12/28/46 0
39:52 1/1 282.1 1256/1255 16.3 227.0 3700 6176 12/28/46 0
39:53 1/1 282.2 1256/1255 16.3 227.0 3700 6160 12/28/46 0
39:54 1/1 282.2 1256/1255 16.3 227.2 3700 6176 12/28/46 0
39:55 1/1 282.1 1256/1255 16.3 227.2 3700 6176 12/28/46 0
39:56 1/1 282.2 1256/1255 16.3 227.0 3700 6176 12/28/46 0
39:57 1/1 282.1 1256/1255 16.3 227.0 3700 6160 12/28/46 0
39:58 1/1 282.2 1256/1255 16.3 227.0 3700 6176 12/28/46 0
39:59 1/1 282.0 1255/1255 16.3 227.0 3700 6176 12/28/46 0
40:00 1/1 282.2 1256/1255 16.3 227.0 3700 6176 12/28/46 0
40:01 1/1 282.0 1255/1255 16.3 227.0 3700 6160 12/28/46 0
40:02 1/1 282.2 1256/1255 16.3 227.0 3700 6176 12/28/46 0
40:03 1/1 282.0 1256/1255 16.3 227.0 3700 6176 12/28/46 0
40:04 1/1 282.0 1255/1255 16.3 227.0 3700 6176 12/28/46 0
40:05 0/1   0.0    0/1255 16.3 227.0 3700 6160 12/28/46 0
40:06 0/1   0.0    0/1255  3.3 229.2 2356 6176 12/27/46 0
40:07 0/1   0.0    0/1255  0.7 229.5   59 6176 12/27/46 0
40:08 0/1   0.0    0/1255  0.7 229.5    4 6176 12/26/46 0
40:09 0/1   0.0    0/1255  0.7 229.5   20 6160 12/26/46 0
40:10 0/1   0.0    0/1255  0.7 229.5   20 6176 12/26/46 0
40:11 0/1   0.0    0/1255  0.7 229.5   17 6176 12/25/46 0
↓↓↓↓↓---date:11-21 04:47:15----info:power name:P221B vender:1 hw:RT0147 sw:230224.230809 sn:1436B2321600541
46:16 1/1 284.4 1252/1252 16.4 227.5 3720 6176 13/25/37 0
46:17 1/1 284.4 1252/1252 16.4 227.5 3720 6176 13/25/37 0
46:18 1/1 284.4 1253/1252 16.4 227.5 3720 6176 14/25/37 0
46:19 1/1 284.2 1253/1252 16.4 227.5 3720 6160 14/25/37 0
46:20 1/1 284.2 1253/1252 16.4 227.5 3720 6176 14/25/37 0
46:21 1/1 284.2 1253/1252 16.4 227.5 3720 6176 14/25/37 0
46:22 1/1 284.2 1253/1252 16.4 227.5 3724 6176 13/25/37 0
46:23 1/1 284.5 1253/1252 16.4 227.5 3720 6176 13/25/37 0
46:24 1/1 284.2 1253/1252 16.4 227.5 3720 6160 14/25/37 0
46:25 1/1 284.2 1253/1252 16.4 227.5 3720 6176 14/25/37 0
46:26 1/1 284.2 1253/1252 16.4 227.5 3720 6176 13/25/37 0
46:27 1/1 284.2 1253/1252 16.4 227.5 3720 6160 13/25/37 0
46:28 1/1 284.2 1253/1252 16.4 227.2 3720 6176 13/25/37 0
46:29 1/1 284.2 1253/1252 16.4 227.2 3720 6176 13/25/37 0
46:30 1/1 284.2 1252/1252 16.4 227.5 3720 6176 14/26/37 0
46:31 1/1 284.4 1253/1252 16.4 227.5 3720 6176 13/26/37 0
46:32 1/1 284.2 1252/1252 16.4 227.2 3720 6176 13/26/37 0
46:33 1/1 284.4 1252/1252 16.4 227.2 3720 6160 13/26/37 0
46:34 1/1 284.4 1252/1252 16.4 227.2 3720 6176 13/26/37 0
46:35 1/1 284.4 1252/1252 16.4 227.2 3720 6160 13/26/38 0
46:36 1/1 284.4 1252/1252 16.4 227.2 3716 6176 13/26/38 0
46:37 1/1 284.1 1252/1252 16.4 227.2 3716 6176 13/26/38 0
46:38 1/1 284.1 1253/1252 16.4 227.2 3712 6176 13/26/38 0
46:39 1/1 283.6 1252/1252 16.3 227.2 3708 6160 13/26/38 0
46:40 1/1 283.5 1252/1252 16.3 227.2 3708 6176 13/26/38 0
46:41 1/1 283.5 1253/1252 16.3 227.2 3704 6176 13/26/38 0
46:42 1/1 283.0 1252/1252 16.3 227.5 3704 6176 13/26/38 0
46:43 1/1 283.2 1252/1252 16.3 227.5 3704 6176 13/26/38 0
46:44 1/1 283.2 1252/1252 16.3 227.2 3704 6176 13/26/38 0
46:45 1/1 283.2 1252/1252 16.3 227.2 3704 6176 13/26/38 0
46:46 1/1 283.2 1252/1252 16.3 227.5 3704 6176 13/26/38 0
46:47 1/1 283.2 1252/1252 16.3 227.5 3704 6160 13/26/38 0
46:48 1/1 283.2 1253/1252 16.3 227.5 3704 6176 13/26/38 0
46:49 1/1 283.0 1253/1252 16.3 227.2 3704 6176 13/26/38 0
46:50 1/1 283.0 1253/1252 16.3 227.5 3704 6176 13/26/38 0
46:51 1/1 283.0 1252/1252 16.3 227.5 3704 6160 13/26/38 0
46:52 1/1 283.2 1253/1252 16.3 227.2 3704 6176 13/26/38 0
46:53 1/1 283.0 1252/1252 16.3 227.2 3704 6176 13/26/38 0
46:54 1/1 283.2 1252/1252 16.3 227.5 3704 6160 13/26/38 0
46:55 1/1 283.2 1252/1252 16.3 227.2 3704 6176 13/26/38 0
46:56 1/1 283.2 1252/1252 16.3 227.2 3708 6176 13/26/38 0
46:57 1/1 283.5 1252/1252 16.3 227.2 3708 6176 13/26/38 0
46:58 1/1 283.4 1252/1252 16.4 227.2 3712 6176 13/26/38 0
46:59 1/1 283.8 1252/1252 16.4 227.2 3712 6176 13/26/38 0
47:00 1/1 283.7 1252/1252 16.4 227.5 3712 6160 13/26/38 0
47:01 1/1 283.7 1252/1252 16.4 227.2 3712 6176 13/26/38 0
47:02 1/1 283.7 1252/1252 16.4 227.2 3712 6176 13/26/38 0
47:03 1/1 283.7 1252/1252 16.4 227.2 3712 6160 13/26/38 0
47:04 1/1 283.7 1252/1252 16.4 227.5 3712 6176 13/26/38 0
47:05 1/1 283.7 1253/1252 16.3 227.5 3712 6176 13/26/38 0
47:06 1/1 283.4 1253/1252 16.3 227.5 3708 6176 13/26/39 0
47:07 1/1 283.1 1252/1252 16.3 227.5 3708 6160 13/26/39 0
47:08 1/1 283.4 1252/1252 16.3 227.5 3708 6176 13/26/39 0
47:09 1/1 283.4 1252/1252 16.3 227.5 3708 6176 13/26/39 0
47:10 1/1 283.4 1252/1252 16.3 227.5 3704 6176 13/26/39 0
47:11 1/1 283.1 1252/1252 16.3 227.5 3704 6160 13/26/39 0
47:12 1/1 283.1 1252/1252 16.3 227.5 3704 6176 13/26/39 0
47:13 1/1 283.1 1253/1252 16.3 227.5 3704 6176 13/26/39 0
47:14 1/1 282.8 1253/1252 16.3 227.5 3704 6176 13/26/39 0
47:15 1/1 282.8 1253/1252 16.3 227.8 3704 6176 13/26/39 0
↓↓↓↓↓---date:11-21 04:59:19----info:power name:P221B vender:1 hw:RT0147 sw:230224.230809 sn:1436B2321600541
58:20 1/1 283.1 1253/1253 16.3 228.5 3708 6176 13/29/46 0
58:21 1/1 283.3 1253/1253 16.3 228.5 3708 6160 13/29/46 0
58:22 1/1 283.3 1253/1253 16.3 228.2 3708 6176 13/29/46 0
58:23 1/1 283.3 1254/1253 16.3 228.5 3708 6176 13/29/46 0
58:24 1/1 283.1 1253/1253 16.3 228.5 3708 6176 13/29/46 0
58:25 1/1 283.3 1253/1253 16.3 228.5 3708 6160 13/29/46 0
58:26 1/1 283.3 1253/1253 16.3 228.5 3708 6176 13/29/46 0
58:27 1/1 283.3 1254/1253 16.3 228.5 3708 6176 13/29/46 0
58:28 1/1 283.1 1253/1253 16.3 228.2 3708 6176 13/29/46 0
58:29 1/1 283.3 1253/1253 16.3 228.5 3708 6160 13/29/46 0
58:30 1/1 283.3 1253/1253 16.3 228.5 3708 6176 13/29/46 0
58:31 1/1 283.3 1253/1253 16.3 228.5 3708 6176 13/29/46 0
58:32 1/1 283.3 1253/1253 16.3 228.5 3708 6176 13/29/46 0
58:33 1/1 283.3 1253/1253 16.3 228.5 3708 6160 13/29/46 0
58:34 1/1 283.3 1254/1253 16.3 228.5 3708 6176 13/29/46 0
58:35 1/1 283.1 1254/1253 16.3 228.5 3708 6176 13/29/46 0
58:36 1/1 283.1 1254/1253 16.2 228.5 3708 6176 13/29/46 0
58:37 1/1 283.1 1254/1253 16.3 228.5 3708 6176 13/29/46 0
58:38 1/1 283.1 1254/1253 16.3 228.5 3708 6160 13/29/46 0
58:39 1/1 283.1 1253/1253 16.3 228.5 3708 6176 13/29/46 0
58:40 1/1 283.3 1254/1253 16.3 228.5 3708 6176 13/29/46 0
58:41 1/1 283.1 1253/1253 16.3 228.5 3708 6160 13/29/46 0
58:42 1/1 283.3 1253/1253 16.3 228.5 3708 6176 13/29/46 0
58:43 1/1 283.3 1253/1253 16.3 228.5 3708 6176 13/29/46 0
58:44 1/1 283.3 1254/1253 16.3 228.5 3708 6176 13/29/46 0
58:45 1/1 283.1 1254/1253 16.3 228.5 3712 6176 13/29/46 0
58:46 1/1 283.4 1254/1253 16.3 228.5 3712 6160 13/29/46 0
58:47 1/1 283.4 1253/1253 16.3 228.5 3712 6176 13/29/46 0
58:48 1/1 283.6 1254/1253 16.3 228.2 3712 6176 13/29/46 0
58:49 1/1 283.3 1253/1253 16.3 228.2 3712 6160 13/29/46 0
58:50 1/1 283.5 1254/1253 16.3 228.5 3712 6176 13/29/46 0
58:51 1/1 283.3 1253/1253 16.3 228.5 3712 6176 13/29/46 0
58:52 1/1 283.6 1253/1253 16.3 228.5 3712 6176 13/29/46 0
58:53 1/1 283.5 1253/1253 16.3 228.5 3712 6176 13/29/46 0
58:54 1/1 283.5 1253/1253 16.3 228.5 3712 6160 13/29/46 0
58:55 1/1 283.5 1253/1253 16.3 228.2 3712 6176 13/29/46 0
58:56 1/1 283.5 1253/1253 16.3 228.5 3712 6176 13/29/46 0
58:57 1/1 283.5 1253/1253 16.3 228.5 3712 6176 13/29/46 0
58:58 1/1 283.4 1254/1253 16.3 228.2 3712 6176 13/29/46 0
58:59 1/1 283.2 1253/1253 16.3 228.2 3716 6160 13/29/46 0
59:00 1/1 283.7 1253/1253 16.3 228.2 3716 6176 13/29/46 0
59:01 1/1 283.7 1253/1253 16.3 228.2 3716 6176 13/29/46 0
59:02 1/1 283.7 1253/1253 16.3 228.2 3716 6176 13/29/46 0
59:03 1/1 283.7 1253/1253 16.3 228.5 3716 6160 13/29/46 0
59:04 1/1 283.7 1253/1253 16.3 228.5 3716 6176 13/29/46 0
59:05 1/1 283.7 1254/1253 16.3 228.2 3716 6176 13/29/46 0
59:06 1/1 283.5 1253/1253 16.3 228.2 3716 6176 13/29/46 0
59:07 1/1 283.7 1254/1253 16.3 228.2 3716 6176 13/29/46 0
59:08 1/1 283.5 1253/1253 16.3 228.2 3716 6160 13/29/46 0
59:09 1/1 283.7 1254/1253 16.3 228.2 3720 6176 13/29/46 0
59:10 1/1 283.8 1253/1252 16.3 228.2 3720 6176 13/29/46 0
59:11 1/1 284.1 1253/1252 16.3 228.2 3716 6176 13/29/46 0
59:12 1/1 283.7 1252/1252 16.3 228.2 3716 6160 13/29/46 0
59:13 1/1 283.8 1252/1252 16.3 228.2 3716 6176 13/29/46 0
59:14 1/1 283.8 1253/1252 16.3 228.2 3716 6176 13/29/46 0
59:15 1/1 283.6 1253/1252 16.3 228.2 3716 6176 13/29/46 0
59:16 1/1 283.6 1252/1252 16.3 228.2 3716 6160 13/29/46 0
59:17 1/1 283.8 1252/1252 16.3 228.2 3716 6176 13/29/46 0
59:18 1/1 283.8 1253/1252 16.3 228.5 3716 6176 13/29/46 0
59:19 1/1 283.6 1252/1252 16.3 228.2 3712 6176 13/29/46 0
